#
# There is insufficient memory for the Java Runtime Environment to continue.
# Native memory allocation (malloc) failed to allocate 2566096 bytes for Chunk::new
# Possible reasons:
#   The system is out of physical RAM or swap space
#   The process is running with CompressedOops enabled, and the Java Heap may be blocking the growth of the native heap
# Possible solutions:
#   Reduce memory load on the system
#   Increase physical memory or swap space
#   Check if swap backing store is full
#   Decrease Java heap size (-Xmx/-Xms)
#   Decrease number of Java threads
#   Decrease Java thread stack sizes (-Xss)
#   Set larger code cache with -XX:ReservedCodeCacheSize=
#   JVM is running with Unscaled Compressed Oops mode in which the Java heap is
#     placed in the first 4GB address space. The Java Heap base address is the
#     maximum limit for the native heap growth. Please use -XX:HeapBaseMinAddress
#     to set the Java Heap base and to place the Java Heap above 4GB virtual address.
# This output file may be truncated or incomplete.
#
#  Out of Memory Error (./src/hotspot/share/memory/arena.cpp:197), pid=4392, tid=15224
#
# JRE version: OpenJDK Runtime Environment (11.0.10) (build 11.0.10+0-b96-7249189)
# Java VM: OpenJDK 64-Bit Server VM (11.0.10+0-b96-7249189, mixed mode, tiered, compressed oops, g1 gc, windows-amd64)
# No core dump will be written. Minidumps are not enabled by default on client versions of Windows
#

---------------  S U M M A R Y ------------

Command Line: --add-opens=java.base/java.util=ALL-UNNAMED --add-opens=java.base/java.lang=ALL-UNNAMED --add-opens=java.base/java.lang.invoke=ALL-UNNAMED --add-opens=java.base/java.util=ALL-UNNAMED --add-opens=java.prefs/java.util.prefs=ALL-UNNAMED --add-opens=java.prefs/java.util.prefs=ALL-UNNAMED --add-opens=java.base/java.nio.charset=ALL-UNNAMED --add-opens=java.base/java.net=ALL-UNNAMED --add-opens=java.base/java.util.concurrent.atomic=ALL-UNNAMED -Xmx2048m -Dfile.encoding=UTF-8 -Duser.country=MA -Duser.language=fr -Duser.variant org.gradle.launcher.daemon.bootstrap.GradleDaemon 7.0.2

Host: Intel(R) Core(TM) i7-8650U CPU @ 1.90GHz, 8 cores, 7G,  Windows 10 , 64 bit Build 17763 (10.0.17763.475)
Time: Mon Feb 28 12:20:35 2022 Maroc (heure d?été) elapsed time: 27.278714 seconds (0d 0h 0m 27s)

---------------  T H R E A D  ---------------

Current thread (0x0000022b63117000):  JavaThread "C2 CompilerThread0" daemon [_thread_in_native, id=15224, stack(0x000000d2dc900000,0x000000d2dca00000)]


Current CompileTask:
C2:  27278 5886 %     4       org.objectweb.asm.ClassReader::readCode @ 92 (5109 bytes)

Stack: [0x000000d2dc900000,0x000000d2dca00000]
Native frames: (J=compiled Java code, j=interpreted, Vv=VM code, C=native code)
V  [jvm.dll+0x5ecfaa]
V  [jvm.dll+0x722bd5]
V  [jvm.dll+0x72412d]
V  [jvm.dll+0x7247e3]
V  [jvm.dll+0x242928]
V  [jvm.dll+0xbc4fc]
V  [jvm.dll+0xbca0c]
V  [jvm.dll+0x352d3b]
V  [jvm.dll+0x320ad3]
V  [jvm.dll+0x31ffca]
V  [jvm.dll+0x1fb602]
V  [jvm.dll+0x1fa7f4]
V  [jvm.dll+0x18354c]
V  [jvm.dll+0x208ee7]
V  [jvm.dll+0x207731]
V  [jvm.dll+0x6eb1cf]
V  [jvm.dll+0x6e3d45]
V  [jvm.dll+0x5ebe96]
C  [ucrtbase.dll+0x2268a]
C  [KERNEL32.DLL+0x17974]
C  [ntdll.dll+0x5a0b1]


---------------  P R O C E S S  ---------------

Threads class SMR info:
_java_thread_list=0x0000022b69c55ff0, length=49, elements={
0x0000022b48c5f000, 0x0000022b630f3800, 0x0000022b630f6800, 0x0000022b6310f800,
0x0000022b63111800, 0x0000022b63113800, 0x0000022b63117000, 0x0000022b63ae0000,
0x0000022b63ae2800, 0x0000022b63bde800, 0x0000022b64f54800, 0x0000022b65090800,
0x0000022b64946000, 0x0000022b652f6000, 0x0000022b6474c800, 0x0000022b64ce8000,
0x0000022b647e7800, 0x0000022b64fba000, 0x0000022b65bd2800, 0x0000022b65bd0000,
0x0000022b65bd4000, 0x0000022b65bd5000, 0x0000022b65bd1000, 0x0000022b65bcf800,
0x0000022b65bd3800, 0x0000022b65bd6000, 0x0000022b65bd1800, 0x0000022b66154000,
0x0000022b6614f800, 0x0000022b66150000, 0x0000022b66153800, 0x0000022b66155000,
0x0000022b66151000, 0x0000022b66156000, 0x0000022b66156800, 0x0000022b66152800,
0x0000022b66157800, 0x0000022b66151800, 0x0000022b66159000, 0x0000022b6615b800,
0x0000022b6615a800, 0x0000022b6615c800, 0x0000022b6615d000, 0x0000022b6615e000,
0x0000022b68364800, 0x0000022b68365800, 0x0000022b68363800, 0x0000022b68363000,
0x0000022b68361800
}

Java Threads: ( => current thread )
  0x0000022b48c5f000 JavaThread "main" [_thread_blocked, id=15888, stack(0x000000d2dbd00000,0x000000d2dbe00000)]
  0x0000022b630f3800 JavaThread "Reference Handler" daemon [_thread_blocked, id=17288, stack(0x000000d2dc400000,0x000000d2dc500000)]
  0x0000022b630f6800 JavaThread "Finalizer" daemon [_thread_blocked, id=11376, stack(0x000000d2dc500000,0x000000d2dc600000)]
  0x0000022b6310f800 JavaThread "Signal Dispatcher" daemon [_thread_blocked, id=5356, stack(0x000000d2dc600000,0x000000d2dc700000)]
  0x0000022b63111800 JavaThread "Attach Listener" daemon [_thread_blocked, id=1524, stack(0x000000d2dc700000,0x000000d2dc800000)]
  0x0000022b63113800 JavaThread "Service Thread" daemon [_thread_blocked, id=24076, stack(0x000000d2dc800000,0x000000d2dc900000)]
=>0x0000022b63117000 JavaThread "C2 CompilerThread0" daemon [_thread_in_native, id=15224, stack(0x000000d2dc900000,0x000000d2dca00000)]
  0x0000022b63ae0000 JavaThread "C1 CompilerThread0" daemon [_thread_blocked, id=5964, stack(0x000000d2dca00000,0x000000d2dcb00000)]
  0x0000022b63ae2800 JavaThread "Sweeper thread" daemon [_thread_blocked, id=2476, stack(0x000000d2dcb00000,0x000000d2dcc00000)]
  0x0000022b63bde800 JavaThread "Common-Cleaner" daemon [_thread_blocked, id=21872, stack(0x000000d2dcc00000,0x000000d2dcd00000)]
  0x0000022b64f54800 JavaThread "Daemon health stats" [_thread_blocked, id=7472, stack(0x000000d2dd000000,0x000000d2dd100000)]
  0x0000022b65090800 JavaThread "Incoming local TCP Connector on port 65279" [_thread_in_native, id=13844, stack(0x000000d2dd100000,0x000000d2dd200000)]
  0x0000022b64946000 JavaThread "Daemon periodic checks" [_thread_blocked, id=20072, stack(0x000000d2dd200000,0x000000d2dd300000)]
  0x0000022b652f6000 JavaThread "Daemon" [_thread_blocked, id=10460, stack(0x000000d2dd300000,0x000000d2dd400000)]
  0x0000022b6474c800 JavaThread "Handler for socket connection from /127.0.0.1:65279 to /127.0.0.1:65280" [_thread_in_native, id=12224, stack(0x000000d2dd400000,0x000000d2dd500000)]
  0x0000022b64ce8000 JavaThread "Cancel handler" [_thread_blocked, id=24036, stack(0x000000d2dd500000,0x000000d2dd600000)]
  0x0000022b647e7800 JavaThread "Daemon worker" [_thread_blocked, id=23232, stack(0x000000d2dd600000,0x000000d2dd700000)]
  0x0000022b64fba000 JavaThread "Asynchronous log dispatcher for DefaultDaemonConnection: socket connection from /127.0.0.1:65279 to /127.0.0.1:65280" [_thread_blocked, id=9416, stack(0x000000d2dd700000,0x000000d2dd800000)]
  0x0000022b65bd2800 JavaThread "Stdin handler" [_thread_blocked, id=20684, stack(0x000000d2dd800000,0x000000d2dd900000)]
  0x0000022b65bd0000 JavaThread "Daemon client event forwarder" [_thread_blocked, id=4564, stack(0x000000d2dd900000,0x000000d2dda00000)]
  0x0000022b65bd4000 JavaThread "Cache worker for file hash cache (C:\Users\Solicode\.gradle\caches\7.0.2\fileHashes)" [_thread_blocked, id=15300, stack(0x000000d2ddf00000,0x000000d2de000000)]
  0x0000022b65bd5000 JavaThread "File lock request listener" [_thread_in_native, id=11212, stack(0x000000d2de000000,0x000000d2de100000)]
  0x0000022b65bd1000 JavaThread "Cache worker for journal cache (C:\Users\Solicode\.gradle\caches\journal-1)" [_thread_blocked, id=888, stack(0x000000d2de200000,0x000000d2de300000)]
  0x0000022b65bcf800 JavaThread "Cache worker for file hash cache (C:\Users\Solicode\AndroidStudioProjects\MyApplication3\.gradle\7.0.2\fileHashes)" [_thread_blocked, id=12824, stack(0x000000d2de300000,0x000000d2de400000)]
  0x0000022b65bd3800 JavaThread "File watcher server" daemon [_thread_in_native, id=11932, stack(0x000000d2de400000,0x000000d2de500000)]
  0x0000022b65bd6000 JavaThread "File watcher consumer" daemon [_thread_blocked, id=10816, stack(0x000000d2de500000,0x000000d2de600000)]
  0x0000022b65bd1800 JavaThread "jar transforms" [_thread_blocked, id=22372, stack(0x000000d2de600000,0x000000d2de700000)]
  0x0000022b66154000 JavaThread "jar transforms Thread 2" [_thread_blocked, id=21060, stack(0x000000d2de700000,0x000000d2de800000)]
  0x0000022b6614f800 JavaThread "jar transforms Thread 3" [_thread_in_Java, id=23156, stack(0x000000d2de800000,0x000000d2de900000)]
  0x0000022b66150000 JavaThread "jar transforms Thread 4" [_thread_blocked, id=8224, stack(0x000000d2de900000,0x000000d2dea00000)]
  0x0000022b66153800 JavaThread "jar transforms Thread 5" [_thread_blocked, id=7236, stack(0x000000d2dea00000,0x000000d2deb00000)]
  0x0000022b66155000 JavaThread "jar transforms Thread 6" [_thread_blocked, id=15668, stack(0x000000d2deb00000,0x000000d2dec00000)]
  0x0000022b66151000 JavaThread "jar transforms Thread 7" [_thread_blocked, id=13120, stack(0x000000d2dec00000,0x000000d2ded00000)]
  0x0000022b66156000 JavaThread "jar transforms Thread 8" [_thread_in_Java, id=20116, stack(0x000000d2ded00000,0x000000d2dee00000)]
  0x0000022b66156800 JavaThread "Cache worker for checksums cache (C:\Users\Solicode\AndroidStudioProjects\MyApplication3\.gradle\checksums)" [_thread_blocked, id=22404, stack(0x000000d2dee00000,0x000000d2def00000)]
  0x0000022b66152800 JavaThread "Cache worker for cache directory md-supplier (C:\Users\Solicode\.gradle\caches\7.0.2\md-supplier)" [_thread_blocked, id=3480, stack(0x000000d2def00000,0x000000d2df000000)]
  0x0000022b66157800 JavaThread "Cache worker for cache directory md-rule (C:\Users\Solicode\.gradle\caches\7.0.2\md-rule)" [_thread_blocked, id=8372, stack(0x000000d2df000000,0x000000d2df100000)]
  0x0000022b66151800 JavaThread "Cache worker for execution history cache (C:\Users\Solicode\.gradle\caches\7.0.2\executionHistory)" [_thread_blocked, id=1456, stack(0x000000d2df100000,0x000000d2df200000)]
  0x0000022b66159000 JavaThread "Cache worker for file content cache (C:\Users\Solicode\.gradle\caches\7.0.2\fileContent)" [_thread_blocked, id=23428, stack(0x000000d2df200000,0x000000d2df300000)]
  0x0000022b6615b800 JavaThread "Cache worker for dependencies-accessors (C:\Users\Solicode\AndroidStudioProjects\MyApplication3\.gradle\7.0.2\dependencies-accessors)" [_thread_blocked, id=16156, stack(0x000000d2df300000,0x000000d2df400000)]
  0x0000022b6615a800 JavaThread "Cache worker for Build Output Cleanup Cache (C:\Users\Solicode\AndroidStudioProjects\MyApplication3\.gradle\buildOutputCleanup)" [_thread_blocked, id=17156, stack(0x000000d2df400000,0x000000d2df500000)]
  0x0000022b6615c800 JavaThread "Build operations" [_thread_blocked, id=7464, stack(0x000000d2df500000,0x000000d2df600000)]
  0x0000022b6615d000 JavaThread "Build operations Thread 2" [_thread_blocked, id=7408, stack(0x000000d2df600000,0x000000d2df700000)]
  0x0000022b6615e000 JavaThread "Build operations Thread 3" [_thread_blocked, id=17384, stack(0x000000d2df700000,0x000000d2df800000)]
  0x0000022b68364800 JavaThread "Build operations Thread 4" [_thread_blocked, id=16252, stack(0x000000d2df800000,0x000000d2df900000)]
  0x0000022b68365800 JavaThread "Build operations Thread 5" [_thread_blocked, id=9172, stack(0x000000d2df900000,0x000000d2dfa00000)]
  0x0000022b68363800 JavaThread "Build operations Thread 6" [_thread_blocked, id=4008, stack(0x000000d2dfa00000,0x000000d2dfb00000)]
  0x0000022b68363000 JavaThread "Build operations Thread 7" [_thread_blocked, id=22472, stack(0x000000d2dfb00000,0x000000d2dfc00000)]
  0x0000022b68361800 JavaThread "Build operations Thread 8" [_thread_blocked, id=15852, stack(0x000000d2dfc00000,0x000000d2dfd00000)]

Other Threads:
  0x0000022b630f1000 VMThread "VM Thread" [stack: 0x000000d2dc300000,0x000000d2dc400000] [id=19932]
  0x0000022b63c54800 WatcherThread [stack: 0x000000d2dcd00000,0x000000d2dce00000] [id=22588]
  0x0000022b48c77000 GCTaskThread "GC Thread#0" [stack: 0x000000d2dbe00000,0x000000d2dbf00000] [id=7028]
  0x0000022b646c9000 GCTaskThread "GC Thread#1" [stack: 0x000000d2dce00000,0x000000d2dcf00000] [id=15920]
  0x0000022b64622000 GCTaskThread "GC Thread#2" [stack: 0x000000d2dcf00000,0x000000d2dd000000] [id=16688]
  0x0000022b655ee000 GCTaskThread "GC Thread#3" [stack: 0x000000d2dda00000,0x000000d2ddb00000] [id=3484]
  0x0000022b6461a000 GCTaskThread "GC Thread#4" [stack: 0x000000d2ddb00000,0x000000d2ddc00000] [id=17012]
  0x0000022b6461b000 GCTaskThread "GC Thread#5" [stack: 0x000000d2ddc00000,0x000000d2ddd00000] [id=1796]
  0x0000022b65b91000 GCTaskThread "GC Thread#6" [stack: 0x000000d2ddd00000,0x000000d2dde00000] [id=17500]
  0x0000022b65b92000 GCTaskThread "GC Thread#7" [stack: 0x000000d2dde00000,0x000000d2ddf00000] [id=17756]
  0x0000022b48caa800 ConcurrentGCThread "G1 Main Marker" [stack: 0x000000d2dbf00000,0x000000d2dc000000] [id=18004]
  0x0000022b48cad800 ConcurrentGCThread "G1 Conc#0" [stack: 0x000000d2dc000000,0x000000d2dc100000] [id=12596]
  0x0000022b6468b800 ConcurrentGCThread "G1 Conc#1" [stack: 0x000000d2de100000,0x000000d2de200000] [id=21056]
  0x0000022b62f42800 ConcurrentGCThread "G1 Refine#0" [stack: 0x000000d2dc100000,0x000000d2dc200000] [id=24464]
  0x0000022b48d2c000 ConcurrentGCThread "G1 Young RemSet Sampling" [stack: 0x000000d2dc200000,0x000000d2dc300000] [id=18764]

Threads with active compile tasks:
C2 CompilerThread0  27323 5886 %     4       org.objectweb.asm.ClassReader::readCode @ 92 (5109 bytes)

VM state:not at safepoint (normal execution)

VM Mutex/Monitor currently owned by a thread:  ([mutex/lock_event])
[0x0000022b48c5a010] Patching_lock - owner thread: 0x0000022b6614f800

Heap address: 0x0000000080000000, size: 2048 MB, Compressed Oops mode: 32-bit
Narrow klass base: 0x0000000000000000, Narrow klass shift: 3
Compressed class space size: 1073741824 Address: 0x0000000100000000

Heap:
 garbage-first heap   total 131072K, used 80215K [0x0000000080000000, 0x0000000100000000)
  region size 1024K, 20 young (20480K), 2 survivors (2048K)
 Metaspace       used 49939K, capacity 51401K, committed 51712K, reserved 1093632K
  class space    used 6340K, capacity 6848K, committed 6912K, reserved 1048576K
Heap Regions: E=young(eden), S=young(survivor), O=old, HS=humongous(starts), HC=humongous(continues), CS=collection set, F=free, A=archive, TAMS=top-at-mark-start (previous, next)
|   0|0x0000000080000000, 0x0000000080100000, 0x0000000080100000|100%| O|  |TAMS 0x0000000080100000, 0x0000000080000000| Untracked 
|   1|0x0000000080100000, 0x0000000080200000, 0x0000000080200000|100%| O|  |TAMS 0x0000000080200000, 0x0000000080100000| Untracked 
|   2|0x0000000080200000, 0x0000000080300000, 0x0000000080300000|100%| O|  |TAMS 0x0000000080300000, 0x0000000080200000| Untracked 
|   3|0x0000000080300000, 0x0000000080400000, 0x0000000080400000|100%|HS|  |TAMS 0x0000000080400000, 0x0000000080300000| Complete 
|   4|0x0000000080400000, 0x0000000080500000, 0x0000000080500000|100%|HC|  |TAMS 0x0000000080500000, 0x0000000080400000| Complete 
|   5|0x0000000080500000, 0x0000000080600000, 0x0000000080600000|100%|HC|  |TAMS 0x0000000080600000, 0x0000000080500000| Complete 
|   6|0x0000000080600000, 0x0000000080700000, 0x0000000080700000|100%| O|  |TAMS 0x0000000080700000, 0x0000000080600000| Untracked 
|   7|0x0000000080700000, 0x0000000080800000, 0x0000000080800000|100%| O|  |TAMS 0x0000000080800000, 0x0000000080700000| Untracked 
|   8|0x0000000080800000, 0x0000000080900000, 0x0000000080900000|100%| O|  |TAMS 0x0000000080900000, 0x0000000080800000| Untracked 
|   9|0x0000000080900000, 0x0000000080a00000, 0x0000000080a00000|100%| O|  |TAMS 0x0000000080a00000, 0x0000000080900000| Untracked 
|  10|0x0000000080a00000, 0x0000000080b00000, 0x0000000080b00000|100%| O|  |TAMS 0x0000000080b00000, 0x0000000080a00000| Untracked 
|  11|0x0000000080b00000, 0x0000000080c00000, 0x0000000080c00000|100%| O|  |TAMS 0x0000000080c00000, 0x0000000080b00000| Untracked 
|  12|0x0000000080c00000, 0x0000000080d00000, 0x0000000080d00000|100%| O|  |TAMS 0x0000000080d00000, 0x0000000080c00000| Untracked 
|  13|0x0000000080d00000, 0x0000000080e00000, 0x0000000080e00000|100%| O|  |TAMS 0x0000000080e00000, 0x0000000080d00000| Untracked 
|  14|0x0000000080e00000, 0x0000000080f00000, 0x0000000080f00000|100%| O|  |TAMS 0x0000000080f00000, 0x0000000080e00000| Untracked 
|  15|0x0000000080f00000, 0x0000000081000000, 0x0000000081000000|100%| O|  |TAMS 0x0000000081000000, 0x0000000080f00000| Untracked 
|  16|0x0000000081000000, 0x0000000081100000, 0x0000000081100000|100%|HS|  |TAMS 0x0000000081100000, 0x0000000081000000| Complete 
|  17|0x0000000081100000, 0x0000000081200000, 0x0000000081200000|100%|HC|  |TAMS 0x0000000081200000, 0x0000000081100000| Complete 
|  18|0x0000000081200000, 0x0000000081300000, 0x0000000081300000|100%|HS|  |TAMS 0x0000000081300000, 0x0000000081200000| Complete 
|  19|0x0000000081300000, 0x0000000081400000, 0x0000000081400000|100%|HC|  |TAMS 0x0000000081400000, 0x0000000081300000| Complete 
|  20|0x0000000081400000, 0x0000000081500000, 0x0000000081500000|100%|HC|  |TAMS 0x0000000081500000, 0x0000000081400000| Complete 
|  21|0x0000000081500000, 0x0000000081600000, 0x0000000081600000|100%|HS|  |TAMS 0x0000000081600000, 0x0000000081500000| Complete 
|  22|0x0000000081600000, 0x0000000081700000, 0x0000000081700000|100%|HC|  |TAMS 0x0000000081700000, 0x0000000081600000| Complete 
|  23|0x0000000081700000, 0x0000000081800000, 0x0000000081800000|100%|HC|  |TAMS 0x0000000081800000, 0x0000000081700000| Complete 
|  24|0x0000000081800000, 0x0000000081900000, 0x0000000081900000|100%|HC|  |TAMS 0x0000000081900000, 0x0000000081800000| Complete 
|  25|0x0000000081900000, 0x0000000081a00000, 0x0000000081a00000|100%|HC|  |TAMS 0x0000000081a00000, 0x0000000081900000| Complete 
|  26|0x0000000081a00000, 0x0000000081b00000, 0x0000000081b00000|100%| O|  |TAMS 0x0000000081b00000, 0x0000000081a00000| Untracked 
|  27|0x0000000081b00000, 0x0000000081c00000, 0x0000000081c00000|100%| O|  |TAMS 0x0000000081c00000, 0x0000000081b00000| Untracked 
|  28|0x0000000081c00000, 0x0000000081d00000, 0x0000000081d00000|100%| O|  |TAMS 0x0000000081d00000, 0x0000000081c00000| Untracked 
|  29|0x0000000081d00000, 0x0000000081e00000, 0x0000000081e00000|100%| O|  |TAMS 0x0000000081e00000, 0x0000000081d00000| Untracked 
|  30|0x0000000081e00000, 0x0000000081f00000, 0x0000000081f00000|100%| O|  |TAMS 0x0000000081f00000, 0x0000000081e00000| Untracked 
|  31|0x0000000081f00000, 0x0000000082000000, 0x0000000082000000|100%| O|  |TAMS 0x0000000082000000, 0x0000000081f00000| Untracked 
|  32|0x0000000082000000, 0x0000000082100000, 0x0000000082100000|100%| O|  |TAMS 0x0000000082100000, 0x0000000082000000| Untracked 
|  33|0x0000000082100000, 0x0000000082200000, 0x0000000082200000|100%|HS|  |TAMS 0x0000000082200000, 0x0000000082100000| Complete 
|  34|0x0000000082200000, 0x0000000082300000, 0x0000000082300000|100%|HC|  |TAMS 0x0000000082300000, 0x0000000082200000| Complete 
|  35|0x0000000082300000, 0x0000000082400000, 0x0000000082400000|100%|HC|  |TAMS 0x0000000082400000, 0x0000000082300000| Complete 
|  36|0x0000000082400000, 0x0000000082500000, 0x0000000082500000|100%|HC|  |TAMS 0x0000000082500000, 0x0000000082400000| Complete 
|  37|0x0000000082500000, 0x0000000082600000, 0x0000000082600000|100%|HC|  |TAMS 0x0000000082600000, 0x0000000082500000| Complete 
|  38|0x0000000082600000, 0x0000000082700000, 0x0000000082700000|100%|HS|  |TAMS 0x0000000082700000, 0x0000000082600000| Complete 
|  39|0x0000000082700000, 0x0000000082800000, 0x0000000082800000|100%|HC|  |TAMS 0x0000000082800000, 0x0000000082700000| Complete 
|  40|0x0000000082800000, 0x0000000082900000, 0x0000000082900000|100%|HC|  |TAMS 0x0000000082900000, 0x0000000082800000| Complete 
|  41|0x0000000082900000, 0x0000000082a00000, 0x0000000082a00000|100%| O|  |TAMS 0x0000000082a00000, 0x0000000082900000| Untracked 
|  42|0x0000000082a00000, 0x0000000082b00000, 0x0000000082b00000|100%| O|  |TAMS 0x0000000082b00000, 0x0000000082a00000| Untracked 
|  43|0x0000000082b00000, 0x0000000082c00000, 0x0000000082c00000|100%| O|  |TAMS 0x0000000082c00000, 0x0000000082b00000| Untracked 
|  44|0x0000000082c00000, 0x0000000082d00000, 0x0000000082d00000|100%| O|  |TAMS 0x0000000082d00000, 0x0000000082c00000| Untracked 
|  45|0x0000000082d00000, 0x0000000082e00000, 0x0000000082e00000|100%| O|  |TAMS 0x0000000082e00000, 0x0000000082d00000| Untracked 
|  46|0x0000000082e00000, 0x0000000082f00000, 0x0000000082f00000|100%| O|  |TAMS 0x0000000082f00000, 0x0000000082e00000| Untracked 
|  47|0x0000000082f00000, 0x0000000083000000, 0x0000000083000000|100%| O|  |TAMS 0x0000000083000000, 0x0000000082f00000| Untracked 
|  48|0x0000000083000000, 0x0000000083100000, 0x0000000083100000|100%| O|  |TAMS 0x0000000083100000, 0x0000000083000000| Untracked 
|  49|0x0000000083100000, 0x0000000083200000, 0x0000000083200000|100%| O|  |TAMS 0x0000000083200000, 0x0000000083100000| Untracked 
|  50|0x0000000083200000, 0x0000000083300000, 0x0000000083300000|100%| O|  |TAMS 0x0000000083300000, 0x0000000083200000| Untracked 
|  51|0x0000000083300000, 0x0000000083400000, 0x0000000083400000|100%| O|  |TAMS 0x0000000083400000, 0x0000000083300000| Untracked 
|  52|0x0000000083400000, 0x0000000083500000, 0x0000000083500000|100%|HS|  |TAMS 0x0000000083500000, 0x0000000083400000| Complete 
|  53|0x0000000083500000, 0x0000000083600000, 0x0000000083600000|100%|HS|  |TAMS 0x0000000083600000, 0x0000000083500000| Complete 
|  54|0x0000000083600000, 0x0000000083700000, 0x0000000083700000|100%|HC|  |TAMS 0x0000000083700000, 0x0000000083600000| Complete 
|  55|0x0000000083700000, 0x0000000083800000, 0x0000000083800000|100%|HC|  |TAMS 0x0000000083800000, 0x0000000083700000| Complete 
|  56|0x0000000083800000, 0x0000000083900000, 0x0000000083900000|100%| O|  |TAMS 0x0000000083900000, 0x0000000083800000| Untracked 
|  57|0x0000000083900000, 0x0000000083a00000, 0x0000000083a00000|100%| O|  |TAMS 0x0000000083a00000, 0x0000000083900000| Untracked 
|  58|0x0000000083a00000, 0x0000000083b00000, 0x0000000083b00000|100%| O|  |TAMS 0x0000000083b00000, 0x0000000083a00000| Untracked 
|  59|0x0000000083b00000, 0x0000000083b55c00, 0x0000000083c00000| 33%| O|  |TAMS 0x0000000083b55c00, 0x0000000083b00000| Untracked 
|  60|0x0000000083c00000, 0x0000000083c00000, 0x0000000083d00000|  0%| F|  |TAMS 0x0000000083c00000, 0x0000000083c00000| Untracked 
|  61|0x0000000083d00000, 0x0000000083d00000, 0x0000000083e00000|  0%| F|  |TAMS 0x0000000083d00000, 0x0000000083d00000| Untracked 
|  62|0x0000000083e00000, 0x0000000083e00000, 0x0000000083f00000|  0%| F|  |TAMS 0x0000000083e00000, 0x0000000083e00000| Untracked 
|  63|0x0000000083f00000, 0x0000000083f00000, 0x0000000084000000|  0%| F|  |TAMS 0x0000000083f00000, 0x0000000083f00000| Untracked 
|  64|0x0000000084000000, 0x0000000084000000, 0x0000000084100000|  0%| F|  |TAMS 0x0000000084000000, 0x0000000084000000| Untracked 
|  65|0x0000000084100000, 0x0000000084100000, 0x0000000084200000|  0%| F|  |TAMS 0x0000000084100000, 0x0000000084100000| Untracked 
|  66|0x0000000084200000, 0x0000000084200000, 0x0000000084300000|  0%| F|  |TAMS 0x0000000084200000, 0x0000000084200000| Untracked 
|  67|0x0000000084300000, 0x0000000084300000, 0x0000000084400000|  0%| F|  |TAMS 0x0000000084300000, 0x0000000084300000| Untracked 
|  68|0x0000000084400000, 0x0000000084400000, 0x0000000084500000|  0%| F|  |TAMS 0x0000000084400000, 0x0000000084400000| Untracked 
|  69|0x0000000084500000, 0x0000000084500000, 0x0000000084600000|  0%| F|  |TAMS 0x0000000084500000, 0x0000000084500000| Untracked 
|  70|0x0000000084600000, 0x0000000084600000, 0x0000000084700000|  0%| F|  |TAMS 0x0000000084600000, 0x0000000084600000| Untracked 
|  71|0x0000000084700000, 0x0000000084700000, 0x0000000084800000|  0%| F|  |TAMS 0x0000000084700000, 0x0000000084700000| Untracked 
|  72|0x0000000084800000, 0x0000000084800000, 0x0000000084900000|  0%| F|  |TAMS 0x0000000084800000, 0x0000000084800000| Untracked 
|  73|0x0000000084900000, 0x0000000084900000, 0x0000000084a00000|  0%| F|  |TAMS 0x0000000084900000, 0x0000000084900000| Untracked 
|  74|0x0000000084a00000, 0x0000000084a00000, 0x0000000084b00000|  0%| F|  |TAMS 0x0000000084a00000, 0x0000000084a00000| Untracked 
|  75|0x0000000084b00000, 0x0000000084b00000, 0x0000000084c00000|  0%| F|  |TAMS 0x0000000084b00000, 0x0000000084b00000| Untracked 
|  76|0x0000000084c00000, 0x0000000084c00000, 0x0000000084d00000|  0%| F|  |TAMS 0x0000000084c00000, 0x0000000084c00000| Untracked 
|  77|0x0000000084d00000, 0x0000000084d00000, 0x0000000084e00000|  0%| F|  |TAMS 0x0000000084d00000, 0x0000000084d00000| Untracked 
|  78|0x0000000084e00000, 0x0000000084e00000, 0x0000000084f00000|  0%| F|  |TAMS 0x0000000084e00000, 0x0000000084e00000| Untracked 
|  79|0x0000000084f00000, 0x0000000084f00000, 0x0000000085000000|  0%| F|  |TAMS 0x0000000084f00000, 0x0000000084f00000| Untracked 
|  80|0x0000000085000000, 0x0000000085000000, 0x0000000085100000|  0%| F|  |TAMS 0x0000000085000000, 0x0000000085000000| Untracked 
|  81|0x0000000085100000, 0x0000000085100000, 0x0000000085200000|  0%| F|  |TAMS 0x0000000085100000, 0x0000000085100000| Untracked 
|  82|0x0000000085200000, 0x0000000085300000, 0x0000000085300000|100%| S|CS|TAMS 0x0000000085200000, 0x0000000085200000| Complete 
|  83|0x0000000085300000, 0x0000000085300000, 0x0000000085400000|  0%| F|  |TAMS 0x0000000085300000, 0x0000000085300000| Untracked 
|  84|0x0000000085400000, 0x0000000085400000, 0x0000000085500000|  0%| F|  |TAMS 0x0000000085400000, 0x0000000085400000| Untracked 
|  85|0x0000000085500000, 0x0000000085600000, 0x0000000085600000|100%| S|CS|TAMS 0x0000000085500000, 0x0000000085500000| Complete 
|  86|0x0000000085600000, 0x0000000085600000, 0x0000000085700000|  0%| F|  |TAMS 0x0000000085600000, 0x0000000085600000| Untracked 
|  87|0x0000000085700000, 0x0000000085700000, 0x0000000085800000|  0%| F|  |TAMS 0x0000000085700000, 0x0000000085700000| Untracked 
|  88|0x0000000085800000, 0x0000000085800000, 0x0000000085900000|  0%| F|  |TAMS 0x0000000085800000, 0x0000000085800000| Untracked 
|  89|0x0000000085900000, 0x0000000085900000, 0x0000000085a00000|  0%| F|  |TAMS 0x0000000085900000, 0x0000000085900000| Untracked 
|  90|0x0000000085a00000, 0x0000000085a00000, 0x0000000085b00000|  0%| F|  |TAMS 0x0000000085a00000, 0x0000000085a00000| Untracked 
|  91|0x0000000085b00000, 0x0000000085b00000, 0x0000000085c00000|  0%| F|  |TAMS 0x0000000085b00000, 0x0000000085b00000| Untracked 
|  92|0x0000000085c00000, 0x0000000085c00000, 0x0000000085d00000|  0%| F|  |TAMS 0x0000000085c00000, 0x0000000085c00000| Untracked 
|  93|0x0000000085d00000, 0x0000000085d00000, 0x0000000085e00000|  0%| F|  |TAMS 0x0000000085d00000, 0x0000000085d00000| Untracked 
|  94|0x0000000085e00000, 0x0000000085e00000, 0x0000000085f00000|  0%| F|  |TAMS 0x0000000085e00000, 0x0000000085e00000| Untracked 
|  95|0x0000000085f00000, 0x0000000085f00000, 0x0000000086000000|  0%| F|  |TAMS 0x0000000085f00000, 0x0000000085f00000| Untracked 
|  96|0x0000000086000000, 0x0000000086000000, 0x0000000086100000|  0%| F|  |TAMS 0x0000000086000000, 0x0000000086000000| Untracked 
|  97|0x0000000086100000, 0x0000000086100000, 0x0000000086200000|  0%| F|  |TAMS 0x0000000086100000, 0x0000000086100000| Untracked 
|  98|0x0000000086200000, 0x0000000086200000, 0x0000000086300000|  0%| F|  |TAMS 0x0000000086200000, 0x0000000086200000| Untracked 
|  99|0x0000000086300000, 0x0000000086300000, 0x0000000086400000|  0%| F|  |TAMS 0x0000000086300000, 0x0000000086300000| Untracked 
| 100|0x0000000086400000, 0x0000000086400000, 0x0000000086500000|  0%| F|  |TAMS 0x0000000086400000, 0x0000000086400000| Untracked 
| 101|0x0000000086500000, 0x0000000086500000, 0x0000000086600000|  0%| F|  |TAMS 0x0000000086500000, 0x0000000086500000| Untracked 
| 102|0x0000000086600000, 0x0000000086600000, 0x0000000086700000|  0%| F|  |TAMS 0x0000000086600000, 0x0000000086600000| Untracked 
| 103|0x0000000086700000, 0x0000000086700000, 0x0000000086800000|  0%| F|  |TAMS 0x0000000086700000, 0x0000000086700000| Untracked 
| 104|0x0000000086800000, 0x0000000086800000, 0x0000000086900000|  0%| F|  |TAMS 0x0000000086800000, 0x0000000086800000| Untracked 
| 105|0x0000000086900000, 0x0000000086900000, 0x0000000086a00000|  0%| F|  |TAMS 0x0000000086900000, 0x0000000086900000| Untracked 
| 106|0x0000000086a00000, 0x0000000086a00000, 0x0000000086b00000|  0%| F|  |TAMS 0x0000000086a00000, 0x0000000086a00000| Untracked 
| 107|0x0000000086b00000, 0x0000000086b00000, 0x0000000086c00000|  0%| F|  |TAMS 0x0000000086b00000, 0x0000000086b00000| Untracked 
| 108|0x0000000086c00000, 0x0000000086c57a78, 0x0000000086d00000| 34%| E|  |TAMS 0x0000000086c00000, 0x0000000086c00000| Complete 
| 109|0x0000000086d00000, 0x0000000086e00000, 0x0000000086e00000|100%| E|CS|TAMS 0x0000000086d00000, 0x0000000086d00000| Complete 
| 110|0x0000000086e00000, 0x0000000086f00000, 0x0000000086f00000|100%| E|CS|TAMS 0x0000000086e00000, 0x0000000086e00000| Complete 
| 111|0x0000000086f00000, 0x0000000087000000, 0x0000000087000000|100%| E|CS|TAMS 0x0000000086f00000, 0x0000000086f00000| Complete 
| 112|0x0000000087000000, 0x0000000087100000, 0x0000000087100000|100%| E|CS|TAMS 0x0000000087000000, 0x0000000087000000| Complete 
| 113|0x0000000087100000, 0x0000000087200000, 0x0000000087200000|100%| E|CS|TAMS 0x0000000087100000, 0x0000000087100000| Complete 
| 114|0x0000000087200000, 0x0000000087300000, 0x0000000087300000|100%| E|CS|TAMS 0x0000000087200000, 0x0000000087200000| Complete 
| 115|0x0000000087300000, 0x0000000087400000, 0x0000000087400000|100%| E|CS|TAMS 0x0000000087300000, 0x0000000087300000| Complete 
| 116|0x0000000087400000, 0x0000000087500000, 0x0000000087500000|100%| E|CS|TAMS 0x0000000087400000, 0x0000000087400000| Complete 
| 117|0x0000000087500000, 0x0000000087600000, 0x0000000087600000|100%| E|CS|TAMS 0x0000000087500000, 0x0000000087500000| Complete 
| 118|0x0000000087600000, 0x0000000087700000, 0x0000000087700000|100%| E|CS|TAMS 0x0000000087600000, 0x0000000087600000| Complete 
| 119|0x0000000087700000, 0x0000000087800000, 0x0000000087800000|100%| E|CS|TAMS 0x0000000087700000, 0x0000000087700000| Complete 
| 120|0x0000000087800000, 0x0000000087900000, 0x0000000087900000|100%| E|CS|TAMS 0x0000000087800000, 0x0000000087800000| Complete 
| 121|0x0000000087900000, 0x0000000087a00000, 0x0000000087a00000|100%| E|CS|TAMS 0x0000000087900000, 0x0000000087900000| Complete 
| 122|0x0000000087a00000, 0x0000000087b00000, 0x0000000087b00000|100%| E|CS|TAMS 0x0000000087a00000, 0x0000000087a00000| Complete 
| 123|0x0000000087b00000, 0x0000000087c00000, 0x0000000087c00000|100%| E|CS|TAMS 0x0000000087b00000, 0x0000000087b00000| Complete 
| 124|0x0000000087c00000, 0x0000000087d00000, 0x0000000087d00000|100%| E|CS|TAMS 0x0000000087c00000, 0x0000000087c00000| Complete 
| 125|0x0000000087d00000, 0x0000000087e00000, 0x0000000087e00000|100%| E|CS|TAMS 0x0000000087d00000, 0x0000000087d00000| Complete 
| 126|0x0000000087e00000, 0x0000000087f00000, 0x0000000087f00000|100%| E|CS|TAMS 0x0000000087e00000, 0x0000000087e00000| Complete 
| 127|0x0000000087f00000, 0x0000000088000000, 0x0000000088000000|100%| E|CS|TAMS 0x0000000087f00000, 0x0000000087f00000| Complete 

Card table byte_map: [0x0000022b5be80000,0x0000022b5c280000] _byte_map_base: 0x0000022b5ba80000

Marking Bits (Prev, Next): (CMBitMap*) 0x0000022b48ca0800, (CMBitMap*) 0x0000022b48ca07c8
 Prev Bits: [0x0000022b5e680000, 0x0000022b60680000)
 Next Bits: [0x0000022b5c680000, 0x0000022b5e680000)

Polling page: 0x0000022b48430000

Metaspace:

Usage:
  Non-class:     43.51 MB capacity,    42.58 MB ( 98%) used,   822.42 KB (  2%) free+waste,   131.44 KB ( <1%) overhead. 
      Class:      6.69 MB capacity,     6.19 MB ( 93%) used,   444.68 KB (  6%) free+waste,    62.94 KB ( <1%) overhead. 
       Both:     50.20 MB capacity,    48.77 MB ( 97%) used,     1.24 MB (  2%) free+waste,   194.38 KB ( <1%) overhead. 

Virtual space:
  Non-class space:       44.00 MB reserved,      43.75 MB (>99%) committed 
      Class space:        1.00 GB reserved,       6.75 MB ( <1%) committed 
             Both:        1.04 GB reserved,      50.50 MB (  5%) committed 

Chunk freelists:
   Non-Class:  55.00 KB
       Class:  0 bytes
        Both:  55.00 KB

MaxMetaspaceSize: 17179869184.00 GB
CompressedClassSpaceSize: 1.00 GB

CodeHeap 'non-profiled nmethods': size=120000Kb used=3040Kb max_used=3040Kb free=116959Kb
 bounds [0x0000022b54210000, 0x0000022b54510000, 0x0000022b5b740000]
CodeHeap 'profiled nmethods': size=120000Kb used=12846Kb max_used=12846Kb free=107153Kb
 bounds [0x0000022b4cce0000, 0x0000022b4d970000, 0x0000022b54210000]
CodeHeap 'non-nmethods': size=5760Kb used=2223Kb max_used=2279Kb free=3536Kb
 bounds [0x0000022b4c740000, 0x0000022b4c9b0000, 0x0000022b4cce0000]
 total_blobs=6603 nmethods=5806 adapters=708
 compilation: enabled
              stopped_count=0, restarted_count=0
 full_count=0

Compilation events (20 events):
Event: 26.602 Thread 0x0000022b63ae0000 5895       2       org.objectweb.asm.ByteVector::put112 (80 bytes)
Event: 26.602 Thread 0x0000022b63ae0000 nmethod 5895 0x0000022b4d963d10 code [0x0000022b4d963ee0, 0x0000022b4d9640e8]
Event: 26.605 Thread 0x0000022b63ae0000 5896 %     3       org.objectweb.asm.AnnotationWriter::putParameterAnnotations @ 73 (173 bytes)
Event: 26.605 Thread 0x0000022b63ae0000 nmethod 5896% 0x0000022b4d964290 code [0x0000022b4d9644e0, 0x0000022b4d964c48]
Event: 26.847 Thread 0x0000022b63ae0000 5900       2       org.objectweb.asm.MethodWriter::visitInvokeDynamicInsn (147 bytes)
Event: 26.847 Thread 0x0000022b63ae0000 nmethod 5900 0x0000022b4d965090 code [0x0000022b4d9652a0, 0x0000022b4d965598]
Event: 26.847 Thread 0x0000022b63ae0000 5902       2       org.objectweb.asm.SymbolTable::addConstantDynamicOrInvokeDynamicReference (140 bytes)
Event: 26.848 Thread 0x0000022b63ae0000 nmethod 5902 0x0000022b4d965810 code [0x0000022b4d965a40, 0x0000022b4d965ef8]
Event: 26.848 Thread 0x0000022b63ae0000 5901       2       org.objectweb.asm.SymbolTable::addConstantInvokeDynamic (23 bytes)
Event: 26.848 Thread 0x0000022b63ae0000 nmethod 5901 0x0000022b4d966310 code [0x0000022b4d9664e0, 0x0000022b4d966638]
Event: 26.868 Thread 0x0000022b63ae0000 5904       2       org.gradle.internal.classpath.InstrumentingTransformer$InstrumentingMethodVisitor::visitInvokeDynamicInsn (135 bytes)
Event: 26.870 Thread 0x0000022b63ae0000 nmethod 5904 0x0000022b4d966790 code [0x0000022b4d966a40, 0x0000022b4d967348]
Event: 26.870 Thread 0x0000022b63ae0000 5906       2       org.gradle.internal.classpath.InstrumentingBackwardsCompatibilityVisitor::fixAsmObjectsForBackwardsCompatibility (31 bytes)
Event: 26.871 Thread 0x0000022b63ae0000 nmethod 5906 0x0000022b4d967a10 code [0x0000022b4d967be0, 0x0000022b4d967ee8]
Event: 26.871 Thread 0x0000022b63ae0000 5905       2       org.gradle.internal.classpath.InstrumentingTransformer$InstrumentingMethodVisitor::isGradleLambdaDescriptor (26 bytes)
Event: 26.871 Thread 0x0000022b63ae0000 nmethod 5905 0x0000022b4d968090 code [0x0000022b4d968260, 0x0000022b4d968438]
Event: 26.892 Thread 0x0000022b63ae0000 5907 %     3       org.objectweb.asm.MethodWriter::visitTableSwitchInsn @ 78 (120 bytes)
Event: 26.893 Thread 0x0000022b63ae0000 nmethod 5907% 0x0000022b4d968610 code [0x0000022b4d968860, 0x0000022b4d968e08]
Event: 27.242 Thread 0x0000022b63ae0000 5913       3       org.objectweb.asm.AnnotationWriter::putParameterAnnotations (173 bytes)
Event: 27.243 Thread 0x0000022b63ae0000 nmethod 5913 0x0000022b4d969190 code [0x0000022b4d9693e0, 0x0000022b4d969a88]

GC Heap History (20 events):
Event: 16.027 GC heap before
{Heap before GC invocations=6 (full 0):
 garbage-first heap   total 131072K, used 43990K [0x0000000080000000, 0x0000000100000000)
  region size 1024K, 19 young (19456K), 8 survivors (8192K)
 Metaspace       used 34840K, capacity 35711K, committed 35840K, reserved 1081344K
  class space    used 4550K, capacity 4897K, committed 4992K, reserved 1048576K
}
Event: 16.042 GC heap after
{Heap after GC invocations=7 (full 0):
 garbage-first heap   total 131072K, used 35245K [0x0000000080000000, 0x0000000100000000)
  region size 1024K, 2 young (2048K), 2 survivors (2048K)
 Metaspace       used 34840K, capacity 35711K, committed 35840K, reserved 1081344K
  class space    used 4550K, capacity 4897K, committed 4992K, reserved 1048576K
}
Event: 18.316 GC heap before
{Heap before GC invocations=8 (full 0):
 garbage-first heap   total 131072K, used 93613K [0x0000000080000000, 0x0000000100000000)
  region size 1024K, 56 young (57344K), 2 survivors (2048K)
 Metaspace       used 40526K, capacity 41508K, committed 41728K, reserved 1085440K
  class space    used 5196K, capacity 5569K, committed 5632K, reserved 1048576K
}
Event: 18.322 GC heap after
{Heap after GC invocations=9 (full 0):
 garbage-first heap   total 131072K, used 39090K [0x0000000080000000, 0x0000000100000000)
  region size 1024K, 6 young (6144K), 6 survivors (6144K)
 Metaspace       used 40526K, capacity 41508K, committed 41728K, reserved 1085440K
  class space    used 5196K, capacity 5569K, committed 5632K, reserved 1048576K
}
Event: 20.209 GC heap before
{Heap before GC invocations=9 (full 0):
 garbage-first heap   total 131072K, used 101554K [0x0000000080000000, 0x0000000100000000)
  region size 1024K, 59 young (60416K), 6 survivors (6144K)
 Metaspace       used 44547K, capacity 45779K, committed 46080K, reserved 1089536K
  class space    used 5607K, capacity 6047K, committed 6144K, reserved 1048576K
}
Event: 20.217 GC heap after
{Heap after GC invocations=10 (full 0):
 garbage-first heap   total 131072K, used 51686K [0x0000000080000000, 0x0000000100000000)
  region size 1024K, 8 young (8192K), 8 survivors (8192K)
 Metaspace       used 44547K, capacity 45779K, committed 46080K, reserved 1089536K
  class space    used 5607K, capacity 6047K, committed 6144K, reserved 1048576K
}
Event: 21.577 GC heap before
{Heap before GC invocations=10 (full 0):
 garbage-first heap   total 131072K, used 98790K [0x0000000080000000, 0x0000000100000000)
  region size 1024K, 54 young (55296K), 8 survivors (8192K)
 Metaspace       used 46777K, capacity 48061K, committed 48256K, reserved 1091584K
  class space    used 5971K, capacity 6404K, committed 6528K, reserved 1048576K
}
Event: 21.586 GC heap after
{Heap after GC invocations=11 (full 0):
 garbage-first heap   total 131072K, used 55236K [0x0000000080000000, 0x0000000100000000)
  region size 1024K, 4 young (4096K), 4 survivors (4096K)
 Metaspace       used 46777K, capacity 48061K, committed 48256K, reserved 1091584K
  class space    used 5971K, capacity 6404K, committed 6528K, reserved 1048576K
}
Event: 24.209 GC heap before
{Heap before GC invocations=11 (full 0):
 garbage-first heap   total 131072K, used 103364K [0x0000000080000000, 0x0000000100000000)
  region size 1024K, 49 young (50176K), 4 survivors (4096K)
 Metaspace       used 49598K, capacity 51012K, committed 51200K, reserved 1093632K
  class space    used 6338K, capacity 6848K, committed 6912K, reserved 1048576K
}
Event: 24.215 GC heap after
{Heap after GC invocations=12 (full 0):
 garbage-first heap   total 131072K, used 58028K [0x0000000080000000, 0x0000000100000000)
  region size 1024K, 5 young (5120K), 5 survivors (5120K)
 Metaspace       used 49598K, capacity 51012K, committed 51200K, reserved 1093632K
  class space    used 6338K, capacity 6848K, committed 6912K, reserved 1048576K
}
Event: 24.591 GC heap before
{Heap before GC invocations=12 (full 0):
 garbage-first heap   total 131072K, used 76460K [0x0000000080000000, 0x0000000100000000)
  region size 1024K, 22 young (22528K), 5 survivors (5120K)
 Metaspace       used 49802K, capacity 51273K, committed 51456K, reserved 1093632K
  class space    used 6339K, capacity 6848K, committed 6912K, reserved 1048576K
}
Event: 24.599 GC heap after
{Heap after GC invocations=13 (full 0):
 garbage-first heap   total 131072K, used 58186K [0x0000000080000000, 0x0000000100000000)
  region size 1024K, 3 young (3072K), 3 survivors (3072K)
 Metaspace       used 49802K, capacity 51273K, committed 51456K, reserved 1093632K
  class space    used 6339K, capacity 6848K, committed 6912K, reserved 1048576K
}
Event: 25.083 GC heap before
{Heap before GC invocations=14 (full 0):
 garbage-first heap   total 131072K, used 99146K [0x0000000080000000, 0x0000000100000000)
  region size 1024K, 41 young (41984K), 3 survivors (3072K)
 Metaspace       used 49924K, capacity 51401K, committed 51712K, reserved 1093632K
  class space    used 6340K, capacity 6848K, committed 6912K, reserved 1048576K
}
Event: 25.086 GC heap after
{Heap after GC invocations=15 (full 0):
 garbage-first heap   total 131072K, used 62099K [0x0000000080000000, 0x0000000100000000)
  region size 1024K, 4 young (4096K), 4 survivors (4096K)
 Metaspace       used 49924K, capacity 51401K, committed 51712K, reserved 1093632K
  class space    used 6340K, capacity 6848K, committed 6912K, reserved 1048576K
}
Event: 25.624 GC heap before
{Heap before GC invocations=15 (full 0):
 garbage-first heap   total 131072K, used 99987K [0x0000000080000000, 0x0000000100000000)
  region size 1024K, 42 young (43008K), 4 survivors (4096K)
 Metaspace       used 49929K, capacity 51401K, committed 51712K, reserved 1093632K
  class space    used 6340K, capacity 6848K, committed 6912K, reserved 1048576K
}
Event: 25.628 GC heap after
{Heap after GC invocations=16 (full 0):
 garbage-first heap   total 131072K, used 62192K [0x0000000080000000, 0x0000000100000000)
  region size 1024K, 4 young (4096K), 4 survivors (4096K)
 Metaspace       used 49929K, capacity 51401K, committed 51712K, reserved 1093632K
  class space    used 6340K, capacity 6848K, committed 6912K, reserved 1048576K
}
Event: 26.587 GC heap before
{Heap before GC invocations=17 (full 0):
 garbage-first heap   total 131072K, used 103152K [0x0000000080000000, 0x0000000100000000)
  region size 1024K, 44 young (45056K), 4 survivors (4096K)
 Metaspace       used 49932K, capacity 51401K, committed 51712K, reserved 1093632K
  class space    used 6340K, capacity 6848K, committed 6912K, reserved 1048576K
}
Event: 26.591 GC heap after
{Heap after GC invocations=18 (full 0):
 garbage-first heap   total 131072K, used 62353K [0x0000000080000000, 0x0000000100000000)
  region size 1024K, 4 young (4096K), 4 survivors (4096K)
 Metaspace       used 49932K, capacity 51401K, committed 51712K, reserved 1093632K
  class space    used 6340K, capacity 6848K, committed 6912K, reserved 1048576K
}
Event: 27.141 GC heap before
{Heap before GC invocations=18 (full 0):
 garbage-first heap   total 131072K, used 105361K [0x0000000080000000, 0x0000000100000000)
  region size 1024K, 46 young (47104K), 4 survivors (4096K)
 Metaspace       used 49938K, capacity 51401K, committed 51712K, reserved 1093632K
  class space    used 6340K, capacity 6848K, committed 6912K, reserved 1048576K
}
Event: 27.144 GC heap after
{Heap after GC invocations=19 (full 0):
 garbage-first heap   total 131072K, used 62807K [0x0000000080000000, 0x0000000100000000)
  region size 1024K, 2 young (2048K), 2 survivors (2048K)
 Metaspace       used 49938K, capacity 51401K, committed 51712K, reserved 1093632K
  class space    used 6340K, capacity 6848K, committed 6912K, reserved 1048576K
}

Deoptimization events (20 events):
Event: 26.887 Thread 0x0000022b66156000 DEOPT PACKING pc=0x0000022b4d84c92e sp=0x000000d2dedfe210
Event: 26.887 Thread 0x0000022b66156000 DEOPT UNPACKING pc=0x0000022b4c7676ce sp=0x000000d2dedfd730 mode 0
Event: 26.909 Thread 0x0000022b66156000 DEOPT PACKING pc=0x0000022b4d84c92e sp=0x000000d2dedfe210
Event: 26.909 Thread 0x0000022b66156000 DEOPT UNPACKING pc=0x0000022b4c7676ce sp=0x000000d2dedfd730 mode 0
Event: 26.979 Thread 0x0000022b6614f800 DEOPT PACKING pc=0x0000022b4d84c92e sp=0x000000d2de8fe7d0
Event: 26.979 Thread 0x0000022b6614f800 DEOPT UNPACKING pc=0x0000022b4c7676ce sp=0x000000d2de8fdcf0 mode 0
Event: 27.004 Thread 0x0000022b6614f800 DEOPT PACKING pc=0x0000022b4d84c92e sp=0x000000d2de8fe7d0
Event: 27.004 Thread 0x0000022b6614f800 DEOPT UNPACKING pc=0x0000022b4c7676ce sp=0x000000d2de8fdcf0 mode 0
Event: 27.045 Thread 0x0000022b6614f800 DEOPT PACKING pc=0x0000022b4d84c92e sp=0x000000d2de8fe7d0
Event: 27.045 Thread 0x0000022b6614f800 DEOPT UNPACKING pc=0x0000022b4c7676ce sp=0x000000d2de8fdcf0 mode 0
Event: 27.120 Thread 0x0000022b66156000 DEOPT PACKING pc=0x0000022b4d84c92e sp=0x000000d2dedfe210
Event: 27.120 Thread 0x0000022b66156000 DEOPT UNPACKING pc=0x0000022b4c7676ce sp=0x000000d2dedfd730 mode 0
Event: 27.151 Thread 0x0000022b6614f800 DEOPT PACKING pc=0x0000022b4d84c92e sp=0x000000d2de8fe7d0
Event: 27.151 Thread 0x0000022b6614f800 DEOPT UNPACKING pc=0x0000022b4c7676ce sp=0x000000d2de8fdcf0 mode 0
Event: 27.205 Thread 0x0000022b6614f800 DEOPT PACKING pc=0x0000022b4d84c92e sp=0x000000d2de8fe7d0
Event: 27.205 Thread 0x0000022b6614f800 DEOPT UNPACKING pc=0x0000022b4c7676ce sp=0x000000d2de8fdcf0 mode 0
Event: 27.220 Thread 0x0000022b6614f800 DEOPT PACKING pc=0x0000022b4d84c92e sp=0x000000d2de8fe7d0
Event: 27.220 Thread 0x0000022b6614f800 DEOPT UNPACKING pc=0x0000022b4c7676ce sp=0x000000d2de8fdcf0 mode 0
Event: 27.233 Thread 0x0000022b6614f800 DEOPT PACKING pc=0x0000022b4d84c92e sp=0x000000d2de8fe7d0
Event: 27.233 Thread 0x0000022b6614f800 DEOPT UNPACKING pc=0x0000022b4c7676ce sp=0x000000d2de8fdcf0 mode 0

Classes redefined (0 events):
No events

Internal exceptions (20 events):
Event: 21.492 Thread 0x0000022b647e7800 Exception <a 'java/lang/ClassNotFoundException'{0x000000008557a518}: org/codehaus/groovy/reflection/CachedFieldBeanInfo> (0x000000008557a518) thrown at [./src/hotspot/share/classfile/systemDictionary.cpp, line 231]
Event: 21.492 Thread 0x0000022b647e7800 Exception <a 'java/lang/ClassNotFoundException'{0x000000008559bbf8}: groovy/lang/MetaPropertyBeanInfo> (0x000000008559bbf8) thrown at [./src/hotspot/share/classfile/systemDictionary.cpp, line 231]
Event: 21.493 Thread 0x0000022b647e7800 Exception <a 'java/lang/ClassNotFoundException'{0x00000000855bd8a8}: groovy/lang/MetaPropertyCustomizer> (0x00000000855bd8a8) thrown at [./src/hotspot/share/classfile/systemDictionary.cpp, line 231]
Event: 21.498 Thread 0x0000022b647e7800 Exception <a 'java/lang/ClassNotFoundException'{0x0000000085347138}: org/codehaus/groovy/reflection/CachedFieldCustomizer> (0x0000000085347138) thrown at [./src/hotspot/share/classfile/systemDictionary.cpp, line 231]
Event: 21.567 Thread 0x0000022b647e7800 Exception <a 'java/lang/ClassNotFoundException'{0x000000008526d7f8}: java/util/ArrayListBeanInfo> (0x000000008526d7f8) thrown at [./src/hotspot/share/classfile/systemDictionary.cpp, line 231]
Event: 21.568 Thread 0x0000022b647e7800 Exception <a 'java/lang/ClassNotFoundException'{0x00000000852785f0}: java/util/AbstractListBeanInfo> (0x00000000852785f0) thrown at [./src/hotspot/share/classfile/systemDictionary.cpp, line 231]
Event: 21.569 Thread 0x0000022b647e7800 Exception <a 'java/lang/ClassNotFoundException'{0x0000000085283908}: java/util/AbstractListCustomizer> (0x0000000085283908) thrown at [./src/hotspot/share/classfile/systemDictionary.cpp, line 231]
Event: 21.571 Thread 0x0000022b647e7800 Exception <a 'java/lang/ClassNotFoundException'{0x00000000852993d0}: java/util/ArrayListCustomizer> (0x00000000852993d0) thrown at [./src/hotspot/share/classfile/systemDictionary.cpp, line 231]
Event: 21.588 Thread 0x0000022b647e7800 Exception <a 'java/lang/ClassNotFoundException'{0x0000000087f22b60}: java/util/CollectionBeanInfo> (0x0000000087f22b60) thrown at [./src/hotspot/share/classfile/systemDictionary.cpp, line 231]
Event: 21.589 Thread 0x0000022b647e7800 Exception <a 'java/lang/ClassNotFoundException'{0x0000000087f2dbd0}: java/util/CollectionCustomizer> (0x0000000087f2dbd0) thrown at [./src/hotspot/share/classfile/systemDictionary.cpp, line 231]
Event: 21.698 Thread 0x0000022b647e7800 Implicit null exception at 0x0000022b542ee374 to 0x0000022b542ee58c
Event: 21.698 Thread 0x0000022b647e7800 Implicit null exception at 0x0000022b5423e778 to 0x0000022b5423e80a
Event: 21.897 Thread 0x0000022b647e7800 Exception <a 'java/lang/ClassNotFoundException'{0x000000008784c8e0}: build_4nng184nhuuai1gktr7wdpwwgBeanInfo> (0x000000008784c8e0) thrown at [./src/hotspot/share/classfile/systemDictionary.cpp, line 231]
Event: 21.898 Thread 0x0000022b647e7800 Exception <a 'java/lang/ClassNotFoundException'{0x0000000087862728}: org/gradle/api/internal/project/ProjectScriptBeanInfo> (0x0000000087862728) thrown at [./src/hotspot/share/classfile/systemDictionary.cpp, line 231]
Event: 21.941 Thread 0x0000022b647e7800 Exception <a 'java/lang/ClassNotFoundException'{0x0000000087878740}: org/gradle/api/internal/project/ProjectScriptCustomizer> (0x0000000087878740) thrown at [./src/hotspot/share/classfile/systemDictionary.cpp, line 231]
Event: 21.943 Thread 0x0000022b647e7800 Exception <a 'java/lang/ClassNotFoundException'{0x0000000087893930}: build_4nng184nhuuai1gktr7wdpwwgCustomizer> (0x0000000087893930) thrown at [./src/hotspot/share/classfile/systemDictionary.cpp, line 231]
Event: 23.574 Thread 0x0000022b647e7800 Exception <a 'java/lang/NoSuchMethodError'{0x0000000085cb6178}: 'void java.lang.invoke.DirectMethodHandle$Holder.invokeStatic(java.lang.Object, java.lang.Object, java.lang.Object, int, java.lang.Object)'> (0x0000000085cb6178) thrown at [./src/hotspot/share/interpreter/linkResolver.cpp, line 773]
Event: 23.668 Thread 0x0000022b6615e000 Implicit null exception at 0x0000022b54494f8f to 0x0000022b544951e4
Event: 24.191 Thread 0x0000022b6614f800 Exception <a 'sun/nio/fs/WindowsException'{0x000000008536bea8}> (0x000000008536bea8) thrown at [./src/hotspot/share/prims/jni.cpp, line 615]
Event: 24.590 Thread 0x0000022b66156000 Exception <a 'sun/nio/fs/WindowsException'{0x000000008709b570}> (0x000000008709b570) thrown at [./src/hotspot/share/prims/jni.cpp, line 615]

Events (20 events):
Event: 24.666 loading class org/objectweb/asm/TypePath done
Event: 24.682 Executing VM operation: CGC_Operation
Event: 24.683 Executing VM operation: CGC_Operation done
Event: 24.823 Loaded shared library C:\Program Files\Android\Android Studio\jre\bin\zip.dll
Event: 25.077 Executing VM operation: G1CollectForAllocation
Event: 25.086 Executing VM operation: G1CollectForAllocation done
Event: 25.621 Executing VM operation: G1CollectForAllocation
Event: 25.628 Executing VM operation: G1CollectForAllocation done
Event: 25.682 Executing VM operation: CGC_Operation
Event: 25.688 Executing VM operation: CGC_Operation done
Event: 25.714 Executing VM operation: CGC_Operation
Event: 25.715 Executing VM operation: CGC_Operation done
Event: 26.586 Executing VM operation: G1CollectForAllocation
Event: 26.591 Executing VM operation: G1CollectForAllocation done
Event: 27.140 Executing VM operation: G1CollectForAllocation
Event: 27.144 Executing VM operation: G1CollectForAllocation done
Event: 27.192 Executing VM operation: CGC_Operation
Event: 27.201 Executing VM operation: CGC_Operation done
Event: 27.227 Executing VM operation: CGC_Operation
Event: 27.227 Executing VM operation: CGC_Operation done


Dynamic libraries:
0x00007ff6a10e0000 - 0x00007ff6a10ea000 	C:\Program Files\Android\Android Studio\jre\bin\java.exe
0x00007ffcdaf90000 - 0x00007ffcdb17d000 	C:\Windows\SYSTEM32\ntdll.dll
0x00007ffcdad70000 - 0x00007ffcdae23000 	C:\Windows\System32\KERNEL32.DLL
0x00007ffcd7a50000 - 0x00007ffcd7ce5000 	C:\Windows\System32\KERNELBASE.dll
0x00007ffcd7ea0000 - 0x00007ffcd7f9a000 	C:\Windows\System32\ucrtbase.dll
0x00007ffcaf430000 - 0x00007ffcaf449000 	C:\Program Files\Android\Android Studio\jre\bin\jli.dll
0x00007ffcad710000 - 0x00007ffcad727000 	C:\Program Files\Android\Android Studio\jre\bin\VCRUNTIME140.dll
0x00007ffcd9bf0000 - 0x00007ffcd9d87000 	C:\Windows\System32\USER32.dll
0x00007ffcd79c0000 - 0x00007ffcd79e0000 	C:\Windows\System32\win32u.dll
0x00007ffcd9d90000 - 0x00007ffcd9db9000 	C:\Windows\System32\GDI32.dll
0x00007ffcd70c0000 - 0x00007ffcd725c000 	C:\Windows\System32\gdi32full.dll
0x00007ffcd7cf0000 - 0x00007ffcd7d90000 	C:\Windows\System32\msvcp_win.dll
0x00007ffcc6ef0000 - 0x00007ffcc7169000 	C:\Windows\WinSxS\amd64_microsoft.windows.common-controls_6595b64144ccf1df_6.0.17763.1577_none_de7444545348a3d0\COMCTL32.dll
0x00007ffcdac20000 - 0x00007ffcdacbe000 	C:\Windows\System32\msvcrt.dll
0x00007ffcda280000 - 0x00007ffcda5ad000 	C:\Windows\System32\combase.dll
0x00007ffcdae30000 - 0x00007ffcdaf52000 	C:\Windows\System32\RPCRT4.dll
0x00007ffcd7040000 - 0x00007ffcd70be000 	C:\Windows\System32\bcryptPrimitives.dll
0x00007ffcd9f80000 - 0x00007ffcd9fae000 	C:\Windows\System32\IMM32.DLL
0x00007ffca8880000 - 0x00007ffca891d000 	C:\Program Files\Android\Android Studio\jre\bin\msvcp140.dll
0x00007ffc9cdd0000 - 0x00007ffc9d89f000 	C:\Program Files\Android\Android Studio\jre\bin\server\jvm.dll
0x00007ffcdacc0000 - 0x00007ffcdad63000 	C:\Windows\System32\ADVAPI32.dll
0x00007ffcda1e0000 - 0x00007ffcda27e000 	C:\Windows\System32\sechost.dll
0x00007ffcd9b80000 - 0x00007ffcd9b88000 	C:\Windows\System32\PSAPI.DLL
0x00007ffcc6060000 - 0x00007ffcc6069000 	C:\Windows\SYSTEM32\WSOCK32.dll
0x00007ffcd9fb0000 - 0x00007ffcda01d000 	C:\Windows\System32\WS2_32.dll
0x00007ffcd2090000 - 0x00007ffcd209a000 	C:\Windows\SYSTEM32\VERSION.dll
0x00007ffcd4fa0000 - 0x00007ffcd4fc4000 	C:\Windows\SYSTEM32\WINMM.dll
0x00007ffcd4f20000 - 0x00007ffcd4f4d000 	C:\Windows\SYSTEM32\WINMMBASE.dll
0x00007ffcd79e0000 - 0x00007ffcd7a2a000 	C:\Windows\System32\cfgmgr32.dll
0x00007ffcd6fd0000 - 0x00007ffcd6fe1000 	C:\Windows\System32\kernel.appcore.dll
0x00007ffcc9230000 - 0x00007ffcc9241000 	C:\Program Files\Android\Android Studio\jre\bin\verify.dll
0x00007ffcc72d0000 - 0x00007ffcc74bd000 	C:\Windows\SYSTEM32\DBGHELP.DLL
0x00007ffcbe8f0000 - 0x00007ffcbe91a000 	C:\Windows\SYSTEM32\dbgcore.DLL
0x00007ffcc68a0000 - 0x00007ffcc68c9000 	C:\Program Files\Android\Android Studio\jre\bin\java.dll
0x00007ffcc90c0000 - 0x00007ffcc90cb000 	C:\Program Files\Android\Android Studio\jre\bin\jimage.dll
0x00007ffcc6db0000 - 0x00007ffcc6dc8000 	C:\Program Files\Android\Android Studio\jre\bin\zip.dll
0x00007ffcd8480000 - 0x00007ffcd9979000 	C:\Windows\System32\SHELL32.dll
0x00007ffcd9ed0000 - 0x00007ffcd9f78000 	C:\Windows\System32\shcore.dll
0x00007ffcd7260000 - 0x00007ffcd79b3000 	C:\Windows\System32\windows.storage.dll
0x00007ffcd7010000 - 0x00007ffcd7034000 	C:\Windows\System32\profapi.dll
0x00007ffcd6f70000 - 0x00007ffcd6fcd000 	C:\Windows\System32\powrprof.dll
0x00007ffcd9b90000 - 0x00007ffcd9be2000 	C:\Windows\System32\shlwapi.dll
0x00007ffcd7a30000 - 0x00007ffcd7a47000 	C:\Windows\System32\cryptsp.dll
0x00007ffcc6880000 - 0x00007ffcc689a000 	C:\Program Files\Android\Android Studio\jre\bin\net.dll
0x00007ffcd1940000 - 0x00007ffcd1a34000 	C:\Windows\SYSTEM32\WINHTTP.dll
0x00007ffcd6780000 - 0x00007ffcd67e7000 	C:\Windows\system32\mswsock.dll
0x00007ffcc60b0000 - 0x00007ffcc60c4000 	C:\Program Files\Android\Android Studio\jre\bin\nio.dll
0x00007ffcae200000 - 0x00007ffcae227000 	C:\Users\Solicode\.gradle\native\8bec1ad78214c89d9ad589b4d07fe93259594b29d510b10fafb7a158f7737e5d\windows-amd64\native-platform.dll
0x00007ffca4720000 - 0x00007ffca485d000 	C:\Users\Solicode\.gradle\native\53dbd7edfb1c66fb8903c78663c9afc45aea4f116125fa6feffd364cf09443e8\windows-amd64\native-platform-file-events.dll
0x00007ffcc9000000 - 0x00007ffcc900a000 	C:\Program Files\Android\Android Studio\jre\bin\management.dll
0x00007ffcc8a30000 - 0x00007ffcc8a3c000 	C:\Program Files\Android\Android Studio\jre\bin\management_ext.dll
0x00007ffcd6300000 - 0x00007ffcd6333000 	C:\Windows\system32\rsaenh.dll
0x00007ffcd8180000 - 0x00007ffcd81a6000 	C:\Windows\System32\bcrypt.dll
0x00007ffcd6ea0000 - 0x00007ffcd6ec9000 	C:\Windows\SYSTEM32\USERENV.dll
0x00007ffcd6950000 - 0x00007ffcd695c000 	C:\Windows\SYSTEM32\CRYPTBASE.dll
0x00007ffcd64a0000 - 0x00007ffcd64dd000 	C:\Windows\SYSTEM32\IPHLPAPI.DLL
0x00007ffcd9b70000 - 0x00007ffcd9b78000 	C:\Windows\System32\NSI.dll
0x00007ffcc82e0000 - 0x00007ffcc82f6000 	C:\Windows\SYSTEM32\dhcpcsvc6.DLL
0x00007ffcc82c0000 - 0x00007ffcc82dc000 	C:\Windows\SYSTEM32\dhcpcsvc.DLL
0x00007ffcd64e0000 - 0x00007ffcd65a6000 	C:\Windows\SYSTEM32\DNSAPI.dll

dbghelp: loaded successfully - version: 4.0.5 - missing functions: none
symbol engine: initialized successfully - sym options: 0x614 - pdb path: .;C:\Program Files\Android\Android Studio\jre\bin;C:\Windows\SYSTEM32;C:\Windows\WinSxS\amd64_microsoft.windows.common-controls_6595b64144ccf1df_6.0.17763.1577_none_de7444545348a3d0;C:\Program Files\Android\Android Studio\jre\bin\server;C:\Users\Solicode\.gradle\native\8bec1ad78214c89d9ad589b4d07fe93259594b29d510b10fafb7a158f7737e5d\windows-amd64;C:\Users\Solicode\.gradle\native\53dbd7edfb1c66fb8903c78663c9afc45aea4f116125fa6feffd364cf09443e8\windows-amd64

VM Arguments:
jvm_args: --add-opens=java.base/java.util=ALL-UNNAMED --add-opens=java.base/java.lang=ALL-UNNAMED --add-opens=java.base/java.lang.invoke=ALL-UNNAMED --add-opens=java.base/java.util=ALL-UNNAMED --add-opens=java.prefs/java.util.prefs=ALL-UNNAMED --add-opens=java.prefs/java.util.prefs=ALL-UNNAMED --add-opens=java.base/java.nio.charset=ALL-UNNAMED --add-opens=java.base/java.net=ALL-UNNAMED --add-opens=java.base/java.util.concurrent.atomic=ALL-UNNAMED -Xmx2048m -Dfile.encoding=UTF-8 -Duser.country=MA -Duser.language=fr -Duser.variant 
java_command: org.gradle.launcher.daemon.bootstrap.GradleDaemon 7.0.2
java_class_path (initial): C:\Users\Solicode\.gradle\wrapper\dists\gradle-7.0.2-bin\857tjihv64xamwrf0h14cai3r\gradle-7.0.2\lib\gradle-launcher-7.0.2.jar
Launcher Type: SUN_STANDARD

[Global flags]
     intx CICompilerCount                          = 4                                         {product} {ergonomic}
     uint ConcGCThreads                            = 2                                         {product} {ergonomic}
     uint G1ConcRefinementThreads                  = 8                                         {product} {ergonomic}
   size_t G1HeapRegionSize                         = 1048576                                   {product} {ergonomic}
    uintx GCDrainStackTargetSize                   = 64                                        {product} {ergonomic}
   size_t InitialHeapSize                          = 134217728                                 {product} {ergonomic}
   size_t MarkStackSize                            = 4194304                                   {product} {ergonomic}
   size_t MaxHeapSize                              = 2147483648                                {product} {command line}
   size_t MaxNewSize                               = 1287651328                                {product} {ergonomic}
   size_t MinHeapDeltaBytes                        = 1048576                                   {product} {ergonomic}
    uintx NonNMethodCodeHeapSize                   = 5836300                                {pd product} {ergonomic}
    uintx NonProfiledCodeHeapSize                  = 122910970                              {pd product} {ergonomic}
    uintx ProfiledCodeHeapSize                     = 122910970                              {pd product} {ergonomic}
    uintx ReservedCodeCacheSize                    = 251658240                              {pd product} {ergonomic}
     bool SegmentedCodeCache                       = true                                      {product} {ergonomic}
     bool UseCompressedClassPointers               = true                                 {lp64_product} {ergonomic}
     bool UseCompressedOops                        = true                                 {lp64_product} {ergonomic}
     bool UseG1GC                                  = true                                      {product} {ergonomic}
     bool UseLargePagesIndividualAllocation        = false                                  {pd product} {ergonomic}

Logging:
Log output configuration:
 #0: stdout all=warning uptime,level,tags
 #1: stderr all=off uptime,level,tags

Environment Variables:
JAVA_HOME=C:\Program Files\Java\jdk-15.0.2
PATH=C:\Program Files\Common Files\Oracle\Java\javapath;C:\Program Files (x86)\Common Files\Oracle\Java\javapath;C:\Program Files (x86)\Intel\Intel(R) Management Engine Components\iCLS\;C:\Program Files\Intel\Intel(R) Management Engine Components\iCLS\;C:\Windows\system32;C:\Windows;C:\Windows\System32\Wbem;C:\Windows\System32\WindowsPowerShell\v1.0\;C:\Windows\System32\OpenSSH\;C:\Program Files (x86)\Intel\Intel(R) Management Engine Components\DAL;C:\Program Files\Intel\Intel(R) Management Engine Components\DAL;C:\Program Files\Intel\WiFi\bin\;C:\Program Files\Common Files\Intel\WirelessCommon\;C:\Program Files\Git\cmd;C:\Program Files\nodejs\;C:\Users\Solicode\AppData\Local\Microsoft\WindowsApps;C:\Users\Solicode\AppData\Local\Programs\Microsoft VS Code\bin;C:\Users\Solicode\AppData\Local\GitHubDesktop\bin;C:\Users\Solicode\AppData\Roaming\npm;C:\Users\Solicode\AppData\Local\Android\Sdk\platform-tools;C:\Program Files\Java\jdk-15.0.2\bin;
USERNAME=Solicode
OS=Windows_NT
PROCESSOR_IDENTIFIER=Intel64 Family 6 Model 142 Stepping 10, GenuineIntel



---------------  S Y S T E M  ---------------

OS: Windows 10 , 64 bit Build 17763 (10.0.17763.475)
OS uptime: 10 days 2:42 hours

CPU:total 8 (initial active 8) (4 cores per cpu, 2 threads per core) family 6 model 142 stepping 10 microcode 0x96, cmov, cx8, fxsr, mmx, sse, sse2, sse3, ssse3, sse4.1, sse4.2, popcnt, avx, avx2, aes, clmul, erms, rtm, 3dnowpref, lzcnt, ht, tsc, tscinvbit, bmi1, bmi2, adx, fma

Memory: 4k page, system-wide physical 8071M (265M free)
TotalPageFile size 32647M (AvailPageFile size 5M)
current process WorkingSet (physical memory assigned to process): 298M, peak: 303M
current process commit charge ("private bytes"): 338M, peak: 342M

vm_info: OpenJDK 64-Bit Server VM (11.0.10+0-b96-7249189) for windows-amd64 JRE (11.0.10+0-b96-7249189), built on Mar 31 2021 21:44:00 by "builder" with MS VC++ 14.0 (VS2015)

END.
