#
# There is insufficient memory for the Java Runtime Environment to continue.
# Native memory allocation (malloc) failed to allocate 1900336 bytes for Chunk::new
# Possible reasons:
#   The system is out of physical RAM or swap space
#   The process is running with CompressedOops enabled, and the Java Heap may be blocking the growth of the native heap
# Possible solutions:
#   Reduce memory load on the system
#   Increase physical memory or swap space
#   Check if swap backing store is full
#   Decrease Java heap size (-Xmx/-Xms)
#   Decrease number of Java threads
#   Decrease Java thread stack sizes (-Xss)
#   Set larger code cache with -XX:ReservedCodeCacheSize=
#   JVM is running with Unscaled Compressed Oops mode in which the Java heap is
#     placed in the first 4GB address space. The Java Heap base address is the
#     maximum limit for the native heap growth. Please use -XX:HeapBaseMinAddress
#     to set the Java Heap base and to place the Java Heap above 4GB virtual address.
# This output file may be truncated or incomplete.
#
#  Out of Memory Error (./src/hotspot/share/memory/arena.cpp:197), pid=22900, tid=9052
#
# JRE version: OpenJDK Runtime Environment (11.0.10) (build 11.0.10+0-b96-7249189)
# Java VM: OpenJDK 64-Bit Server VM (11.0.10+0-b96-7249189, mixed mode, tiered, compressed oops, g1 gc, windows-amd64)
# No core dump will be written. Minidumps are not enabled by default on client versions of Windows
#

---------------  S U M M A R Y ------------

Command Line: --add-opens=java.base/java.util=ALL-UNNAMED --add-opens=java.base/java.lang=ALL-UNNAMED --add-opens=java.base/java.lang.invoke=ALL-UNNAMED --add-opens=java.base/java.util=ALL-UNNAMED --add-opens=java.prefs/java.util.prefs=ALL-UNNAMED --add-opens=java.prefs/java.util.prefs=ALL-UNNAMED --add-opens=java.base/java.nio.charset=ALL-UNNAMED --add-opens=java.base/java.net=ALL-UNNAMED --add-opens=java.base/java.util.concurrent.atomic=ALL-UNNAMED -Xmx2048m -Dfile.encoding=UTF-8 -Duser.country=MA -Duser.language=fr -Duser.variant org.gradle.launcher.daemon.bootstrap.GradleDaemon 7.0.2

Host: Intel(R) Core(TM) i7-8650U CPU @ 1.90GHz, 8 cores, 7G,  Windows 10 , 64 bit Build 17763 (10.0.17763.475)
Time: Mon Feb 28 12:33:34 2022 Maroc (heure d?été) elapsed time: 68.371607 seconds (0d 0h 1m 8s)

---------------  T H R E A D  ---------------

Current thread (0x0000027941126800):  JavaThread "C2 CompilerThread0" daemon [_thread_in_native, id=9052, stack(0x000000ce3a000000,0x000000ce3a100000)]


Current CompileTask:
C2:  68371 8789       4       sun.reflect.generics.parser.SignatureParser::parsePackageNameAndSimpleClassTypeSignature (119 bytes)

Stack: [0x000000ce3a000000,0x000000ce3a100000]
Native frames: (J=compiled Java code, j=interpreted, Vv=VM code, C=native code)
V  [jvm.dll+0x5ecfaa]
V  [jvm.dll+0x722bd5]
V  [jvm.dll+0x72412d]
V  [jvm.dll+0x7247e3]
V  [jvm.dll+0x242928]
V  [jvm.dll+0xbc4fc]
V  [jvm.dll+0xbca0c]
V  [jvm.dll+0x352d3b]
V  [jvm.dll+0x320ad3]
V  [jvm.dll+0x31ffca]
V  [jvm.dll+0x1fb602]
V  [jvm.dll+0x1fa7f4]
V  [jvm.dll+0x18354c]
V  [jvm.dll+0x208ee7]
V  [jvm.dll+0x207731]
V  [jvm.dll+0x6eb1cf]
V  [jvm.dll+0x6e3d45]
V  [jvm.dll+0x5ebe96]
C  [ucrtbase.dll+0x2268a]
C  [KERNEL32.DLL+0x17974]
C  [ntdll.dll+0x5a0b1]


---------------  P R O C E S S  ---------------

Threads class SMR info:
_java_thread_list=0x0000027948e17380, length=49, elements={
0x0000027924492000, 0x00000279408ae000, 0x00000279408b1800, 0x000002794111f000,
0x0000027941120000, 0x0000027941123000, 0x0000027941126800, 0x0000027941182000,
0x0000027941184000, 0x0000027941289800, 0x00000279428a3800, 0x000002794261b000,
0x0000027941198000, 0x0000027943282800, 0x0000027943281800, 0x0000027941353800,
0x0000027942206000, 0x0000027941e27000, 0x0000027942244000, 0x0000027942241800,
0x0000027942245000, 0x0000027942241000, 0x0000027942242800, 0x000002794223f000,
0x0000027942243800, 0x0000027942245800, 0x0000027942240000, 0x0000027941d39800,
0x0000027941d3b000, 0x0000027941d3e800, 0x0000027941d3d800, 0x0000027941d38800,
0x0000027941d3c800, 0x0000027941d3c000, 0x0000027941d3f000, 0x0000027941d40000,
0x0000027941d3a800, 0x0000027941d41800, 0x0000027941d45800, 0x0000027941d43800,
0x0000027941d42800, 0x0000027941d46800, 0x0000027941d47800, 0x000002794772e000,
0x000002794772a000, 0x000002794772b800, 0x000002794772d000, 0x000002794772a800,
0x000002794772c800
}

Java Threads: ( => current thread )
  0x0000027924492000 JavaThread "main" [_thread_blocked, id=19032, stack(0x000000ce39400000,0x000000ce39500000)]
  0x00000279408ae000 JavaThread "Reference Handler" daemon [_thread_blocked, id=23464, stack(0x000000ce39b00000,0x000000ce39c00000)]
  0x00000279408b1800 JavaThread "Finalizer" daemon [_thread_blocked, id=24104, stack(0x000000ce39c00000,0x000000ce39d00000)]
  0x000002794111f000 JavaThread "Signal Dispatcher" daemon [_thread_blocked, id=15444, stack(0x000000ce39d00000,0x000000ce39e00000)]
  0x0000027941120000 JavaThread "Attach Listener" daemon [_thread_blocked, id=7112, stack(0x000000ce39e00000,0x000000ce39f00000)]
  0x0000027941123000 JavaThread "Service Thread" daemon [_thread_blocked, id=24244, stack(0x000000ce39f00000,0x000000ce3a000000)]
=>0x0000027941126800 JavaThread "C2 CompilerThread0" daemon [_thread_in_native, id=9052, stack(0x000000ce3a000000,0x000000ce3a100000)]
  0x0000027941182000 JavaThread "C1 CompilerThread0" daemon [_thread_blocked, id=9536, stack(0x000000ce3a100000,0x000000ce3a200000)]
  0x0000027941184000 JavaThread "Sweeper thread" daemon [_thread_blocked, id=3192, stack(0x000000ce3a200000,0x000000ce3a300000)]
  0x0000027941289800 JavaThread "Common-Cleaner" daemon [_thread_blocked, id=8364, stack(0x000000ce3a300000,0x000000ce3a400000)]
  0x00000279428a3800 JavaThread "Daemon health stats" [_thread_blocked, id=5600, stack(0x000000ce3a700000,0x000000ce3a800000)]
  0x000002794261b000 JavaThread "Incoming local TCP Connector on port 49526" [_thread_in_native, id=1224, stack(0x000000ce3a800000,0x000000ce3a900000)]
  0x0000027941198000 JavaThread "Daemon" [_thread_blocked, id=11180, stack(0x000000ce3a900000,0x000000ce3aa00000)]
  0x0000027943282800 JavaThread "Handler for socket connection from /127.0.0.1:49526 to /127.0.0.1:49527" [_thread_in_native, id=18916, stack(0x000000ce3aa00000,0x000000ce3ab00000)]
  0x0000027943281800 JavaThread "Daemon periodic checks" [_thread_blocked, id=16000, stack(0x000000ce3ab00000,0x000000ce3ac00000)]
  0x0000027941353800 JavaThread "Cancel handler" [_thread_blocked, id=20444, stack(0x000000ce3ac00000,0x000000ce3ad00000)]
  0x0000027942206000 JavaThread "Daemon worker" [_thread_in_vm, id=13000, stack(0x000000ce3ad00000,0x000000ce3ae00000)]
  0x0000027941e27000 JavaThread "Asynchronous log dispatcher for DefaultDaemonConnection: socket connection from /127.0.0.1:49526 to /127.0.0.1:49527" [_thread_blocked, id=13796, stack(0x000000ce3ae00000,0x000000ce3af00000)]
  0x0000027942244000 JavaThread "Daemon client event forwarder" [_thread_blocked, id=3748, stack(0x000000ce3b000000,0x000000ce3b100000)]
  0x0000027942241800 JavaThread "Cache worker for file hash cache (C:\Users\Solicode\.gradle\caches\7.0.2\fileHashes)" [_thread_blocked, id=8220, stack(0x000000ce3b600000,0x000000ce3b700000)]
  0x0000027942245000 JavaThread "File lock request listener" [_thread_in_native, id=21388, stack(0x000000ce3b700000,0x000000ce3b800000)]
  0x0000027942241000 JavaThread "Cache worker for journal cache (C:\Users\Solicode\.gradle\caches\journal-1)" [_thread_blocked, id=19160, stack(0x000000ce3b900000,0x000000ce3ba00000)]
  0x0000027942242800 JavaThread "Cache worker for file hash cache (C:\Users\Solicode\AndroidStudioProjects\MyApplication3\.gradle\7.0.2\fileHashes)" [_thread_blocked, id=10620, stack(0x000000ce3ba00000,0x000000ce3bb00000)]
  0x000002794223f000 JavaThread "File watcher server" daemon [_thread_in_native, id=18948, stack(0x000000ce3bb00000,0x000000ce3bc00000)]
  0x0000027942243800 JavaThread "File watcher consumer" daemon [_thread_blocked, id=2944, stack(0x000000ce3bc00000,0x000000ce3bd00000)]
  0x0000027942245800 JavaThread "jar transforms" [_thread_blocked, id=3256, stack(0x000000ce3bd00000,0x000000ce3be00000)]
  0x0000027942240000 JavaThread "jar transforms Thread 2" [_thread_blocked, id=24364, stack(0x000000ce3be00000,0x000000ce3bf00000)]
  0x0000027941d39800 JavaThread "jar transforms Thread 3" [_thread_blocked, id=12116, stack(0x000000ce3bf00000,0x000000ce3c000000)]
  0x0000027941d3b000 JavaThread "jar transforms Thread 4" [_thread_blocked, id=11048, stack(0x000000ce3c000000,0x000000ce3c100000)]
  0x0000027941d3e800 JavaThread "jar transforms Thread 5" [_thread_blocked, id=7464, stack(0x000000ce3c100000,0x000000ce3c200000)]
  0x0000027941d3d800 JavaThread "jar transforms Thread 6" [_thread_blocked, id=18544, stack(0x000000ce3c200000,0x000000ce3c300000)]
  0x0000027941d38800 JavaThread "jar transforms Thread 7" [_thread_blocked, id=23736, stack(0x000000ce3c300000,0x000000ce3c400000)]
  0x0000027941d3c800 JavaThread "jar transforms Thread 8" [_thread_blocked, id=22552, stack(0x000000ce3c400000,0x000000ce3c500000)]
  0x0000027941d3c000 JavaThread "Cache worker for checksums cache (C:\Users\Solicode\AndroidStudioProjects\MyApplication3\.gradle\checksums)" [_thread_blocked, id=21988, stack(0x000000ce3c500000,0x000000ce3c600000)]
  0x0000027941d3f000 JavaThread "Cache worker for cache directory md-supplier (C:\Users\Solicode\.gradle\caches\7.0.2\md-supplier)" [_thread_blocked, id=9608, stack(0x000000ce3c600000,0x000000ce3c700000)]
  0x0000027941d40000 JavaThread "Cache worker for cache directory md-rule (C:\Users\Solicode\.gradle\caches\7.0.2\md-rule)" [_thread_blocked, id=16416, stack(0x000000ce3c700000,0x000000ce3c800000)]
  0x0000027941d3a800 JavaThread "Cache worker for execution history cache (C:\Users\Solicode\.gradle\caches\7.0.2\executionHistory)" [_thread_blocked, id=22304, stack(0x000000ce3c800000,0x000000ce3c900000)]
  0x0000027941d41800 JavaThread "Cache worker for file content cache (C:\Users\Solicode\.gradle\caches\7.0.2\fileContent)" [_thread_blocked, id=16776, stack(0x000000ce3ca00000,0x000000ce3cb00000)]
  0x0000027941d45800 JavaThread "Cache worker for dependencies-accessors (C:\Users\Solicode\AndroidStudioProjects\MyApplication3\.gradle\7.0.2\dependencies-accessors)" [_thread_blocked, id=19568, stack(0x000000ce3cb00000,0x000000ce3cc00000)]
  0x0000027941d43800 JavaThread "Cache worker for Build Output Cleanup Cache (C:\Users\Solicode\AndroidStudioProjects\MyApplication3\.gradle\buildOutputCleanup)" [_thread_blocked, id=24512, stack(0x000000ce3cc00000,0x000000ce3cd00000)]
  0x0000027941d42800 JavaThread "Build operations" [_thread_blocked, id=6052, stack(0x000000ce3c900000,0x000000ce3ca00000)]
  0x0000027941d46800 JavaThread "Build operations Thread 2" [_thread_blocked, id=17448, stack(0x000000ce3cd00000,0x000000ce3ce00000)]
  0x0000027941d47800 JavaThread "Build operations Thread 3" [_thread_blocked, id=12064, stack(0x000000ce3ce00000,0x000000ce3cf00000)]
  0x000002794772e000 JavaThread "Build operations Thread 4" [_thread_blocked, id=23064, stack(0x000000ce3cf00000,0x000000ce3d000000)]
  0x000002794772a000 JavaThread "Build operations Thread 5" [_thread_blocked, id=19544, stack(0x000000ce3d000000,0x000000ce3d100000)]
  0x000002794772b800 JavaThread "Build operations Thread 6" [_thread_blocked, id=15056, stack(0x000000ce3d100000,0x000000ce3d200000)]
  0x000002794772d000 JavaThread "Build operations Thread 7" [_thread_blocked, id=20732, stack(0x000000ce3d200000,0x000000ce3d300000)]
  0x000002794772a800 JavaThread "Build operations Thread 8" [_thread_blocked, id=3484, stack(0x000000ce3d300000,0x000000ce3d400000)]
  0x000002794772c800 JavaThread "Memory manager" [_thread_blocked, id=7320, stack(0x000000ce39200000,0x000000ce39300000)]

Other Threads:
  0x00000279410d6000 VMThread "VM Thread" [stack: 0x000000ce39a00000,0x000000ce39b00000] [id=21396]
  0x00000279412b6800 WatcherThread [stack: 0x000000ce3a400000,0x000000ce3a500000] [id=1160]
  0x00000279244a9800 GCTaskThread "GC Thread#0" [stack: 0x000000ce39500000,0x000000ce39600000] [id=10696]
  0x0000027941f58800 GCTaskThread "GC Thread#1" [stack: 0x000000ce3a500000,0x000000ce3a600000] [id=18856]
  0x0000027941efc800 GCTaskThread "GC Thread#2" [stack: 0x000000ce3a600000,0x000000ce3a700000] [id=23944]
  0x0000027942036000 GCTaskThread "GC Thread#3" [stack: 0x000000ce3b100000,0x000000ce3b200000] [id=11096]
  0x00000279421d1000 GCTaskThread "GC Thread#4" [stack: 0x000000ce3b200000,0x000000ce3b300000] [id=21180]
  0x00000279421d2000 GCTaskThread "GC Thread#5" [stack: 0x000000ce3b300000,0x000000ce3b400000] [id=8332]
  0x00000279424c5000 GCTaskThread "GC Thread#6" [stack: 0x000000ce3b400000,0x000000ce3b500000] [id=16904]
  0x00000279424c5800 GCTaskThread "GC Thread#7" [stack: 0x000000ce3b500000,0x000000ce3b600000] [id=17084]
  0x00000279244db000 ConcurrentGCThread "G1 Main Marker" [stack: 0x000000ce39600000,0x000000ce39700000] [id=23652]
  0x00000279244df800 ConcurrentGCThread "G1 Conc#0" [stack: 0x000000ce39700000,0x000000ce39800000] [id=8880]
  0x000002794249f800 ConcurrentGCThread "G1 Conc#1" [stack: 0x000000ce3b800000,0x000000ce3b900000] [id=17156]
  0x00000279406f2800 ConcurrentGCThread "G1 Refine#0" [stack: 0x000000ce39800000,0x000000ce39900000] [id=8640]
  0x000002792455c800 ConcurrentGCThread "G1 Young RemSet Sampling" [stack: 0x000000ce39900000,0x000000ce39a00000] [id=1032]

Threads with active compile tasks:
C2 CompilerThread0  68427 8789       4       sun.reflect.generics.parser.SignatureParser::parsePackageNameAndSimpleClassTypeSignature (119 bytes)

VM state:not at safepoint (normal execution)

VM Mutex/Monitor currently owned by a thread: None

Heap address: 0x0000000080000000, size: 2048 MB, Compressed Oops mode: 32-bit
Narrow klass base: 0x0000000000000000, Narrow klass shift: 3
Compressed class space size: 1073741824 Address: 0x0000000100000000

Heap:
 garbage-first heap   total 131072K, used 92108K [0x0000000080000000, 0x0000000100000000)
  region size 1024K, 8 young (8192K), 4 survivors (4096K)
 Metaspace       used 70261K, capacity 72081K, committed 72320K, reserved 1112064K
  class space    used 8856K, capacity 9514K, committed 9600K, reserved 1048576K
Heap Regions: E=young(eden), S=young(survivor), O=old, HS=humongous(starts), HC=humongous(continues), CS=collection set, F=free, A=archive, TAMS=top-at-mark-start (previous, next)
|   0|0x0000000080000000, 0x0000000080100000, 0x0000000080100000|100%| O|  |TAMS 0x0000000080100000, 0x0000000080000000| Untracked 
|   1|0x0000000080100000, 0x0000000080200000, 0x0000000080200000|100%| O|  |TAMS 0x0000000080200000, 0x0000000080100000| Untracked 
|   2|0x0000000080200000, 0x0000000080300000, 0x0000000080300000|100%| O|  |TAMS 0x0000000080300000, 0x0000000080200000| Untracked 
|   3|0x0000000080300000, 0x0000000080400000, 0x0000000080400000|100%|HS|  |TAMS 0x0000000080400000, 0x0000000080300000| Complete 
|   4|0x0000000080400000, 0x0000000080500000, 0x0000000080500000|100%|HC|  |TAMS 0x0000000080500000, 0x0000000080400000| Complete 
|   5|0x0000000080500000, 0x0000000080600000, 0x0000000080600000|100%|HC|  |TAMS 0x0000000080600000, 0x0000000080500000| Complete 
|   6|0x0000000080600000, 0x0000000080700000, 0x0000000080700000|100%| O|  |TAMS 0x0000000080700000, 0x0000000080600000| Untracked 
|   7|0x0000000080700000, 0x0000000080800000, 0x0000000080800000|100%| O|  |TAMS 0x0000000080800000, 0x0000000080700000| Untracked 
|   8|0x0000000080800000, 0x0000000080900000, 0x0000000080900000|100%| O|  |TAMS 0x0000000080900000, 0x0000000080800000| Untracked 
|   9|0x0000000080900000, 0x0000000080a00000, 0x0000000080a00000|100%| O|  |TAMS 0x0000000080a00000, 0x0000000080900000| Untracked 
|  10|0x0000000080a00000, 0x0000000080b00000, 0x0000000080b00000|100%| O|  |TAMS 0x0000000080b00000, 0x0000000080a00000| Untracked 
|  11|0x0000000080b00000, 0x0000000080c00000, 0x0000000080c00000|100%| O|  |TAMS 0x0000000080c00000, 0x0000000080b00000| Untracked 
|  12|0x0000000080c00000, 0x0000000080d00000, 0x0000000080d00000|100%| O|  |TAMS 0x0000000080d00000, 0x0000000080c00000| Untracked 
|  13|0x0000000080d00000, 0x0000000080e00000, 0x0000000080e00000|100%| O|  |TAMS 0x0000000080e00000, 0x0000000080d00000| Untracked 
|  14|0x0000000080e00000, 0x0000000080f00000, 0x0000000080f00000|100%| O|  |TAMS 0x0000000080f00000, 0x0000000080e00000| Untracked 
|  15|0x0000000080f00000, 0x0000000081000000, 0x0000000081000000|100%| O|  |TAMS 0x0000000081000000, 0x0000000080f00000| Untracked 
|  16|0x0000000081000000, 0x0000000081100000, 0x0000000081100000|100%| O|  |TAMS 0x0000000081100000, 0x0000000081000000| Untracked 
|  17|0x0000000081100000, 0x0000000081200000, 0x0000000081200000|100%|HS|  |TAMS 0x0000000081200000, 0x0000000081100000| Complete 
|  18|0x0000000081200000, 0x0000000081300000, 0x0000000081300000|100%|HC|  |TAMS 0x0000000081300000, 0x0000000081200000| Complete 
|  19|0x0000000081300000, 0x0000000081400000, 0x0000000081400000|100%|HS|  |TAMS 0x0000000081400000, 0x0000000081300000| Complete 
|  20|0x0000000081400000, 0x0000000081500000, 0x0000000081500000|100%|HC|  |TAMS 0x0000000081500000, 0x0000000081400000| Complete 
|  21|0x0000000081500000, 0x0000000081600000, 0x0000000081600000|100%|HC|  |TAMS 0x0000000081600000, 0x0000000081500000| Complete 
|  22|0x0000000081600000, 0x0000000081700000, 0x0000000081700000|100%|HS|  |TAMS 0x0000000081700000, 0x0000000081600000| Complete 
|  23|0x0000000081700000, 0x0000000081800000, 0x0000000081800000|100%|HC|  |TAMS 0x0000000081800000, 0x0000000081700000| Complete 
|  24|0x0000000081800000, 0x0000000081900000, 0x0000000081900000|100%|HC|  |TAMS 0x0000000081900000, 0x0000000081800000| Complete 
|  25|0x0000000081900000, 0x0000000081a00000, 0x0000000081a00000|100%|HC|  |TAMS 0x0000000081a00000, 0x0000000081900000| Complete 
|  26|0x0000000081a00000, 0x0000000081b00000, 0x0000000081b00000|100%|HC|  |TAMS 0x0000000081b00000, 0x0000000081a00000| Complete 
|  27|0x0000000081b00000, 0x0000000081c00000, 0x0000000081c00000|100%| O|  |TAMS 0x0000000081c00000, 0x0000000081b00000| Untracked 
|  28|0x0000000081c00000, 0x0000000081d00000, 0x0000000081d00000|100%| O|  |TAMS 0x0000000081d00000, 0x0000000081c00000| Untracked 
|  29|0x0000000081d00000, 0x0000000081e00000, 0x0000000081e00000|100%| O|  |TAMS 0x0000000081e00000, 0x0000000081d00000| Untracked 
|  30|0x0000000081e00000, 0x0000000081f00000, 0x0000000081f00000|100%| O|  |TAMS 0x0000000081f00000, 0x0000000081e00000| Untracked 
|  31|0x0000000081f00000, 0x0000000082000000, 0x0000000082000000|100%| O|  |TAMS 0x0000000082000000, 0x0000000081f00000| Untracked 
|  32|0x0000000082000000, 0x0000000082100000, 0x0000000082100000|100%| O|  |TAMS 0x0000000082100000, 0x0000000082000000| Untracked 
|  33|0x0000000082100000, 0x0000000082200000, 0x0000000082200000|100%| O|  |TAMS 0x0000000082200000, 0x0000000082100000| Untracked 
|  34|0x0000000082200000, 0x0000000082300000, 0x0000000082300000|100%| O|  |TAMS 0x0000000082300000, 0x0000000082200000| Untracked 
|  35|0x0000000082300000, 0x0000000082400000, 0x0000000082400000|100%| O|  |TAMS 0x0000000082400000, 0x0000000082300000| Untracked 
|  36|0x0000000082400000, 0x0000000082500000, 0x0000000082500000|100%| O|  |TAMS 0x0000000082500000, 0x0000000082400000| Untracked 
|  37|0x0000000082500000, 0x0000000082600000, 0x0000000082600000|100%|HS|  |TAMS 0x0000000082600000, 0x0000000082500000| Complete 
|  38|0x0000000082600000, 0x0000000082700000, 0x0000000082700000|100%|HC|  |TAMS 0x0000000082700000, 0x0000000082600000| Complete 
|  39|0x0000000082700000, 0x0000000082800000, 0x0000000082800000|100%|HC|  |TAMS 0x0000000082800000, 0x0000000082700000| Complete 
|  40|0x0000000082800000, 0x0000000082900000, 0x0000000082900000|100%|HC|  |TAMS 0x0000000082900000, 0x0000000082800000| Complete 
|  41|0x0000000082900000, 0x0000000082a00000, 0x0000000082a00000|100%|HC|  |TAMS 0x0000000082a00000, 0x0000000082900000| Complete 
|  42|0x0000000082a00000, 0x0000000082b00000, 0x0000000082b00000|100%| O|  |TAMS 0x0000000082b00000, 0x0000000082a00000| Untracked 
|  43|0x0000000082b00000, 0x0000000082c00000, 0x0000000082c00000|100%|HS|  |TAMS 0x0000000082c00000, 0x0000000082b00000| Complete 
|  44|0x0000000082c00000, 0x0000000082d00000, 0x0000000082d00000|100%|HC|  |TAMS 0x0000000082d00000, 0x0000000082c00000| Complete 
|  45|0x0000000082d00000, 0x0000000082e00000, 0x0000000082e00000|100%|HC|  |TAMS 0x0000000082e00000, 0x0000000082d00000| Complete 
|  46|0x0000000082e00000, 0x0000000082f00000, 0x0000000082f00000|100%| O|  |TAMS 0x0000000082f00000, 0x0000000082e00000| Untracked 
|  47|0x0000000082f00000, 0x0000000083000000, 0x0000000083000000|100%| O|  |TAMS 0x0000000083000000, 0x0000000082f00000| Untracked 
|  48|0x0000000083000000, 0x0000000083100000, 0x0000000083100000|100%| O|  |TAMS 0x0000000083100000, 0x0000000083000000| Untracked 
|  49|0x0000000083100000, 0x0000000083200000, 0x0000000083200000|100%| O|  |TAMS 0x0000000083200000, 0x0000000083100000| Untracked 
|  50|0x0000000083200000, 0x0000000083300000, 0x0000000083300000|100%| O|  |TAMS 0x0000000083300000, 0x0000000083200000| Untracked 
|  51|0x0000000083300000, 0x0000000083400000, 0x0000000083400000|100%| O|  |TAMS 0x0000000083400000, 0x0000000083300000| Untracked 
|  52|0x0000000083400000, 0x0000000083500000, 0x0000000083500000|100%| O|  |TAMS 0x0000000083500000, 0x0000000083400000| Untracked 
|  53|0x0000000083500000, 0x0000000083600000, 0x0000000083600000|100%| O|  |TAMS 0x0000000083600000, 0x0000000083500000| Untracked 
|  54|0x0000000083600000, 0x0000000083700000, 0x0000000083700000|100%| O|  |TAMS 0x0000000083700000, 0x0000000083600000| Untracked 
|  55|0x0000000083700000, 0x0000000083800000, 0x0000000083800000|100%| O|  |TAMS 0x0000000083800000, 0x0000000083700000| Untracked 
|  56|0x0000000083800000, 0x0000000083900000, 0x0000000083900000|100%| O|  |TAMS 0x0000000083900000, 0x0000000083800000| Untracked 
|  57|0x0000000083900000, 0x0000000083a00000, 0x0000000083a00000|100%| O|  |TAMS 0x0000000083a00000, 0x0000000083900000| Untracked 
|  58|0x0000000083a00000, 0x0000000083b00000, 0x0000000083b00000|100%| O|  |TAMS 0x0000000083b00000, 0x0000000083a00000| Untracked 
|  59|0x0000000083b00000, 0x0000000083c00000, 0x0000000083c00000|100%| O|  |TAMS 0x0000000083c00000, 0x0000000083b00000| Untracked 
|  60|0x0000000083c00000, 0x0000000083d00000, 0x0000000083d00000|100%| O|  |TAMS 0x0000000083d00000, 0x0000000083c00000| Untracked 
|  61|0x0000000083d00000, 0x0000000083df3200, 0x0000000083e00000| 94%| O|  |TAMS 0x0000000083d00000, 0x0000000083d00000| Untracked 
|  62|0x0000000083e00000, 0x0000000083e00000, 0x0000000083f00000|  0%| F|  |TAMS 0x0000000083e00000, 0x0000000083e00000| Untracked 
|  63|0x0000000083f00000, 0x0000000084000000, 0x0000000084000000|100%| O|  |TAMS 0x0000000084000000, 0x0000000083f00000| Untracked 
|  64|0x0000000084000000, 0x0000000084100000, 0x0000000084100000|100%| O|  |TAMS 0x0000000084100000, 0x0000000084000000| Untracked 
|  65|0x0000000084100000, 0x0000000084200000, 0x0000000084200000|100%|HS|  |TAMS 0x0000000084200000, 0x0000000084100000| Complete 
|  66|0x0000000084200000, 0x0000000084200000, 0x0000000084300000|  0%| F|  |TAMS 0x0000000084200000, 0x0000000084200000| Untracked 
|  67|0x0000000084300000, 0x0000000084400000, 0x0000000084400000|100%|HS|  |TAMS 0x0000000084400000, 0x0000000084300000| Complete 
|  68|0x0000000084400000, 0x0000000084500000, 0x0000000084500000|100%|HS|  |TAMS 0x0000000084500000, 0x0000000084400000| Complete 
|  69|0x0000000084500000, 0x0000000084600000, 0x0000000084600000|100%| O|  |TAMS 0x0000000084600000, 0x0000000084500000| Untracked 
|  70|0x0000000084600000, 0x0000000084700000, 0x0000000084700000|100%|HS|  |TAMS 0x0000000084700000, 0x0000000084600000| Complete 
|  71|0x0000000084700000, 0x0000000084800000, 0x0000000084800000|100%|HC|  |TAMS 0x0000000084800000, 0x0000000084700000| Complete 
|  72|0x0000000084800000, 0x0000000084900000, 0x0000000084900000|100%|HC|  |TAMS 0x0000000084900000, 0x0000000084800000| Complete 
|  73|0x0000000084900000, 0x0000000084a00000, 0x0000000084a00000|100%|HS|  |TAMS 0x0000000084a00000, 0x0000000084900000| Complete 
|  74|0x0000000084a00000, 0x0000000084b00000, 0x0000000084b00000|100%|HC|  |TAMS 0x0000000084b00000, 0x0000000084a00000| Complete 
|  75|0x0000000084b00000, 0x0000000084c00000, 0x0000000084c00000|100%| O|  |TAMS 0x0000000084c00000, 0x0000000084b00000| Untracked 
|  76|0x0000000084c00000, 0x0000000084c00000, 0x0000000084d00000|  0%| F|  |TAMS 0x0000000084c00000, 0x0000000084c00000| Untracked 
|  77|0x0000000084d00000, 0x0000000084e00000, 0x0000000084e00000|100%| O|  |TAMS 0x0000000084e00000, 0x0000000084d00000| Untracked 
|  78|0x0000000084e00000, 0x0000000084f00000, 0x0000000084f00000|100%| O|  |TAMS 0x0000000084f00000, 0x0000000084e00000| Untracked 
|  79|0x0000000084f00000, 0x0000000085000000, 0x0000000085000000|100%| O|  |TAMS 0x0000000084f00000, 0x0000000084f00000| Untracked 
|  80|0x0000000085000000, 0x0000000085100000, 0x0000000085100000|100%| O|  |TAMS 0x0000000085000000, 0x0000000085000000| Untracked 
|  81|0x0000000085100000, 0x0000000085100000, 0x0000000085200000|  0%| F|  |TAMS 0x0000000085100000, 0x0000000085100000| Untracked 
|  82|0x0000000085200000, 0x0000000085200000, 0x0000000085300000|  0%| F|  |TAMS 0x0000000085200000, 0x0000000085200000| Untracked 
|  83|0x0000000085300000, 0x0000000085300000, 0x0000000085400000|  0%| F|  |TAMS 0x0000000085300000, 0x0000000085300000| Untracked 
|  84|0x0000000085400000, 0x0000000085500000, 0x0000000085500000|100%| O|  |TAMS 0x0000000085500000, 0x0000000085400000| Untracked 
|  85|0x0000000085500000, 0x0000000085500000, 0x0000000085600000|  0%| F|  |TAMS 0x0000000085500000, 0x0000000085500000| Untracked 
|  86|0x0000000085600000, 0x0000000085700000, 0x0000000085700000|100%| O|  |TAMS 0x0000000085700000, 0x0000000085600000| Untracked 
|  87|0x0000000085700000, 0x0000000085800000, 0x0000000085800000|100%| O|  |TAMS 0x0000000085800000, 0x0000000085700000| Untracked 
|  88|0x0000000085800000, 0x0000000085900000, 0x0000000085900000|100%| O|  |TAMS 0x0000000085900000, 0x0000000085800000| Untracked 
|  89|0x0000000085900000, 0x0000000085a00000, 0x0000000085a00000|100%| O|  |TAMS 0x00000000859adc00, 0x0000000085900000| Untracked 
|  90|0x0000000085a00000, 0x0000000085a00000, 0x0000000085b00000|  0%| F|  |TAMS 0x0000000085a00000, 0x0000000085a00000| Untracked 
|  91|0x0000000085b00000, 0x0000000085b00000, 0x0000000085c00000|  0%| F|  |TAMS 0x0000000085b00000, 0x0000000085b00000| Untracked 
|  92|0x0000000085c00000, 0x0000000085c00000, 0x0000000085d00000|  0%| F|  |TAMS 0x0000000085c00000, 0x0000000085c00000| Untracked 
|  93|0x0000000085d00000, 0x0000000085d00000, 0x0000000085e00000|  0%| F|  |TAMS 0x0000000085d00000, 0x0000000085d00000| Untracked 
|  94|0x0000000085e00000, 0x0000000085e00000, 0x0000000085f00000|  0%| F|  |TAMS 0x0000000085e00000, 0x0000000085e00000| Untracked 
|  95|0x0000000085f00000, 0x0000000085f00000, 0x0000000086000000|  0%| F|  |TAMS 0x0000000085f00000, 0x0000000085f00000| Untracked 
|  96|0x0000000086000000, 0x0000000086000000, 0x0000000086100000|  0%| F|  |TAMS 0x0000000086000000, 0x0000000086000000| Untracked 
|  97|0x0000000086100000, 0x0000000086100000, 0x0000000086200000|  0%| F|  |TAMS 0x0000000086100000, 0x0000000086100000| Untracked 
|  98|0x0000000086200000, 0x0000000086200000, 0x0000000086300000|  0%| F|  |TAMS 0x0000000086200000, 0x0000000086200000| Untracked 
|  99|0x0000000086300000, 0x0000000086300000, 0x0000000086400000|  0%| F|  |TAMS 0x0000000086300000, 0x0000000086300000| Untracked 
| 100|0x0000000086400000, 0x0000000086500000, 0x0000000086500000|100%| S|CS|TAMS 0x0000000086400000, 0x0000000086400000| Complete 
| 101|0x0000000086500000, 0x0000000086600000, 0x0000000086600000|100%| S|CS|TAMS 0x0000000086500000, 0x0000000086500000| Complete 
| 102|0x0000000086600000, 0x0000000086600000, 0x0000000086700000|  0%| F|  |TAMS 0x0000000086600000, 0x0000000086600000| Untracked 
| 103|0x0000000086700000, 0x0000000086800000, 0x0000000086800000|100%| S|CS|TAMS 0x0000000086700000, 0x0000000086700000| Complete 
| 104|0x0000000086800000, 0x0000000086900000, 0x0000000086900000|100%| S|CS|TAMS 0x0000000086800000, 0x0000000086800000| Complete 
| 105|0x0000000086900000, 0x0000000086900000, 0x0000000086a00000|  0%| F|  |TAMS 0x0000000086900000, 0x0000000086900000| Untracked 
| 106|0x0000000086a00000, 0x0000000086a00000, 0x0000000086b00000|  0%| F|  |TAMS 0x0000000086a00000, 0x0000000086a00000| Untracked 
| 107|0x0000000086b00000, 0x0000000086b00000, 0x0000000086c00000|  0%| F|  |TAMS 0x0000000086b00000, 0x0000000086b00000| Untracked 
| 108|0x0000000086c00000, 0x0000000086c00000, 0x0000000086d00000|  0%| F|  |TAMS 0x0000000086c00000, 0x0000000086c00000| Untracked 
| 109|0x0000000086d00000, 0x0000000086d00000, 0x0000000086e00000|  0%| F|  |TAMS 0x0000000086d00000, 0x0000000086d00000| Untracked 
| 110|0x0000000086e00000, 0x0000000086e00000, 0x0000000086f00000|  0%| F|  |TAMS 0x0000000086e00000, 0x0000000086e00000| Untracked 
| 111|0x0000000086f00000, 0x0000000086f00000, 0x0000000087000000|  0%| F|  |TAMS 0x0000000086f00000, 0x0000000086f00000| Untracked 
| 112|0x0000000087000000, 0x0000000087000000, 0x0000000087100000|  0%| F|  |TAMS 0x0000000087000000, 0x0000000087000000| Untracked 
| 113|0x0000000087100000, 0x0000000087100000, 0x0000000087200000|  0%| F|  |TAMS 0x0000000087100000, 0x0000000087100000| Untracked 
| 114|0x0000000087200000, 0x0000000087200000, 0x0000000087300000|  0%| F|  |TAMS 0x0000000087200000, 0x0000000087200000| Untracked 
| 115|0x0000000087300000, 0x0000000087300000, 0x0000000087400000|  0%| F|  |TAMS 0x0000000087300000, 0x0000000087300000| Untracked 
| 116|0x0000000087400000, 0x0000000087400000, 0x0000000087500000|  0%| F|  |TAMS 0x0000000087400000, 0x0000000087400000| Untracked 
| 117|0x0000000087500000, 0x0000000087500000, 0x0000000087600000|  0%| F|  |TAMS 0x0000000087500000, 0x0000000087500000| Untracked 
| 118|0x0000000087600000, 0x0000000087600000, 0x0000000087700000|  0%| F|  |TAMS 0x0000000087600000, 0x0000000087600000| Untracked 
| 119|0x0000000087700000, 0x0000000087700000, 0x0000000087800000|  0%| F|  |TAMS 0x0000000087700000, 0x0000000087700000| Untracked 
| 120|0x0000000087800000, 0x0000000087800000, 0x0000000087900000|  0%| F|  |TAMS 0x0000000087800000, 0x0000000087800000| Untracked 
| 121|0x0000000087900000, 0x0000000087900000, 0x0000000087a00000|  0%| F|  |TAMS 0x0000000087900000, 0x0000000087900000| Untracked 
| 122|0x0000000087a00000, 0x0000000087a00000, 0x0000000087b00000|  0%| F|  |TAMS 0x0000000087a00000, 0x0000000087a00000| Untracked 
| 123|0x0000000087b00000, 0x0000000087b00000, 0x0000000087c00000|  0%| F|  |TAMS 0x0000000087b00000, 0x0000000087b00000| Untracked 
| 124|0x0000000087c00000, 0x0000000087c6f058, 0x0000000087d00000| 43%| E|  |TAMS 0x0000000087c00000, 0x0000000087c00000| Complete 
| 125|0x0000000087d00000, 0x0000000087e00000, 0x0000000087e00000|100%| E|CS|TAMS 0x0000000087d00000, 0x0000000087d00000| Complete 
| 126|0x0000000087e00000, 0x0000000087f00000, 0x0000000087f00000|100%| E|CS|TAMS 0x0000000087e00000, 0x0000000087e00000| Complete 
| 127|0x0000000087f00000, 0x0000000088000000, 0x0000000088000000|100%| E|CS|TAMS 0x0000000087f00000, 0x0000000087f00000| Complete 

Card table byte_map: [0x00000279395c0000,0x00000279399c0000] _byte_map_base: 0x00000279391c0000

Marking Bits (Prev, Next): (CMBitMap*) 0x00000279244d1258, (CMBitMap*) 0x00000279244d1290
 Prev Bits: [0x0000027939dc0000, 0x000002793bdc0000)
 Next Bits: [0x000002793bdc0000, 0x000002793ddc0000)

Polling page: 0x0000027924560000

Metaspace:

Usage:
  Non-class:     61.10 MB capacity,    59.97 MB ( 98%) used,   973.56 KB (  2%) free+waste,   186.50 KB ( <1%) overhead. 
      Class:      9.29 MB capacity,     8.65 MB ( 93%) used,   569.89 KB (  6%) free+waste,    87.25 KB ( <1%) overhead. 
       Both:     70.39 MB capacity,    68.62 MB ( 97%) used,     1.51 MB (  2%) free+waste,   273.75 KB ( <1%) overhead. 

Virtual space:
  Non-class space:       62.00 MB reserved,      61.25 MB ( 99%) committed 
      Class space:        1.00 GB reserved,       9.38 MB ( <1%) committed 
             Both:        1.06 GB reserved,      70.63 MB (  7%) committed 

Chunk freelists:
   Non-Class:  25.00 KB
       Class:  22.00 KB
        Both:  47.00 KB

MaxMetaspaceSize: 17179869184.00 GB
CompressedClassSpaceSize: 1.00 GB

CodeHeap 'non-profiled nmethods': size=120000Kb used=7603Kb max_used=7603Kb free=112396Kb
 bounds [0x0000027931220000, 0x0000027931990000, 0x0000027938750000]
CodeHeap 'profiled nmethods': size=120000Kb used=19068Kb max_used=19068Kb free=100931Kb
 bounds [0x0000027929cf0000, 0x000002792af90000, 0x0000027931220000]
CodeHeap 'non-nmethods': size=5760Kb used=2268Kb max_used=2304Kb free=3491Kb
 bounds [0x0000027929750000, 0x00000279299c0000, 0x0000027929cf0000]
 total_blobs=9599 nmethods=8733 adapters=777
 compilation: enabled
              stopped_count=0, restarted_count=0
 full_count=0

Compilation events (20 events):
Event: 68.193 Thread 0x0000027941126800 nmethod 8779 0x0000027931986c10 code [0x0000027931987040, 0x000002793198b0c8]
Event: 68.193 Thread 0x0000027941126800 8789       4       sun.reflect.generics.parser.SignatureParser::parsePackageNameAndSimpleClassTypeSignature (119 bytes)
Event: 68.265 Thread 0x0000027941182000 8810       3       org.gradle.internal.instantiation.generator.AsmBackedClassGenerator$ClassBuilderImpl::addActionMethod (265 bytes)
Event: 68.267 Thread 0x0000027941182000 nmethod 8810 0x000002792af86e10 code [0x000002792af87200, 0x000002792af88b78]
Event: 68.270 Thread 0x0000027941182000 8811       3       sun.reflect.annotation.AnnotationParser::parseConst (208 bytes)
Event: 68.273 Thread 0x0000027941182000 nmethod 8811 0x000002792af89490 code [0x000002792af898e0, 0x000002792af8b418]
Event: 68.309 Thread 0x0000027941182000 8812       3       org.gradle.internal.instantiation.generator.AbstractClassGenerator$PropertyMetadata::addSetter (41 bytes)
Event: 68.310 Thread 0x0000027941182000 nmethod 8812 0x000002792af8be90 code [0x000002792af8c080, 0x000002792af8c558]
Event: 68.310 Thread 0x0000027941182000 8813   !   3       org.gradle.internal.instantiation.generator.AsmBackedClassGenerator$ClassBuilderImpl::getAnnotationParameterValue (16 bytes)
Event: 68.311 Thread 0x0000027941182000 nmethod 8813 0x000002792af8c710 code [0x000002792af8c920, 0x000002792af8cea8]
Event: 68.314 Thread 0x0000027941182000 8814       3       sun.reflect.annotation.AnnotationParser::parseIntArray (84 bytes)
Event: 68.315 Thread 0x0000027941182000 nmethod 8814 0x000002792af8d190 code [0x000002792af8d420, 0x000002792af8dda8]
Event: 68.322 Thread 0x0000027941182000 8815   !   3       com.sun.proxy.$Proxy22::annotationType (29 bytes)
Event: 68.322 Thread 0x0000027941182000 nmethod 8815 0x000002792af8e210 code [0x000002792af8e400, 0x000002792af8e7d8]
Event: 68.329 Thread 0x0000027941182000 8816   !   3       com.sun.proxy.$Proxy10::annotationType (29 bytes)
Event: 68.330 Thread 0x0000027941182000 nmethod 8816 0x000002792af8e990 code [0x000002792af8eb80, 0x000002792af8ef58]
Event: 68.330 Thread 0x0000027941182000 8817       1       org.gradle.model.internal.asm.AsmClassGenerator::getVisitor (5 bytes)
Event: 68.330 Thread 0x0000027941182000 nmethod 8817 0x000002793198c690 code [0x000002793198c840, 0x000002793198c8f8]
Event: 68.330 Thread 0x0000027941182000 8818       1       org.gradle.model.internal.asm.AsmClassGenerator::getGeneratedType (5 bytes)
Event: 68.330 Thread 0x0000027941182000 nmethod 8818 0x000002793198c990 code [0x000002793198cb40, 0x000002793198cbf8]

GC Heap History (20 events):
Event: 59.751 GC heap before
{Heap before GC invocations=99 (full 0):
 garbage-first heap   total 131072K, used 113751K [0x0000000080000000, 0x0000000100000000)
  region size 1024K, 42 young (43008K), 2 survivors (2048K)
 Metaspace       used 55602K, capacity 57216K, committed 57344K, reserved 1099776K
  class space    used 7072K, capacity 7583K, committed 7680K, reserved 1048576K
}
Event: 59.752 GC heap after
{Heap after GC invocations=100 (full 0):
 garbage-first heap   total 131072K, used 73329K [0x0000000080000000, 0x0000000100000000)
  region size 1024K, 2 young (2048K), 2 survivors (2048K)
 Metaspace       used 55602K, capacity 57216K, committed 57344K, reserved 1099776K
  class space    used 7072K, capacity 7583K, committed 7680K, reserved 1048576K
}
Event: 60.227 GC heap before
{Heap before GC invocations=100 (full 0):
 garbage-first heap   total 131072K, used 114289K [0x0000000080000000, 0x0000000100000000)
  region size 1024K, 42 young (43008K), 2 survivors (2048K)
 Metaspace       used 55602K, capacity 57216K, committed 57344K, reserved 1099776K
  class space    used 7072K, capacity 7583K, committed 7680K, reserved 1048576K
}
Event: 60.229 GC heap after
{Heap after GC invocations=101 (full 0):
 garbage-first heap   total 131072K, used 73898K [0x0000000080000000, 0x0000000100000000)
  region size 1024K, 3 young (3072K), 3 survivors (3072K)
 Metaspace       used 55602K, capacity 57216K, committed 57344K, reserved 1099776K
  class space    used 7072K, capacity 7583K, committed 7680K, reserved 1048576K
}
Event: 60.767 GC heap before
{Heap before GC invocations=101 (full 0):
 garbage-first heap   total 131072K, used 113834K [0x0000000080000000, 0x0000000100000000)
  region size 1024K, 42 young (43008K), 3 survivors (3072K)
 Metaspace       used 55602K, capacity 57216K, committed 57344K, reserved 1099776K
  class space    used 7072K, capacity 7583K, committed 7680K, reserved 1048576K
}
Event: 60.770 GC heap after
{Heap after GC invocations=102 (full 0):
 garbage-first heap   total 131072K, used 71467K [0x0000000080000000, 0x0000000100000000)
  region size 1024K, 3 young (3072K), 3 survivors (3072K)
 Metaspace       used 55602K, capacity 57216K, committed 57344K, reserved 1099776K
  class space    used 7072K, capacity 7583K, committed 7680K, reserved 1048576K
}
Event: 62.172 GC heap before
{Heap before GC invocations=102 (full 0):
 garbage-first heap   total 131072K, used 119595K [0x0000000080000000, 0x0000000100000000)
  region size 1024K, 43 young (44032K), 3 survivors (3072K)
 Metaspace       used 55624K, capacity 57216K, committed 57344K, reserved 1099776K
  class space    used 7072K, capacity 7583K, committed 7680K, reserved 1048576K
}
Event: 62.176 GC heap after
{Heap after GC invocations=103 (full 0):
 garbage-first heap   total 131072K, used 85635K [0x0000000080000000, 0x0000000100000000)
  region size 1024K, 6 young (6144K), 6 survivors (6144K)
 Metaspace       used 55624K, capacity 57216K, committed 57344K, reserved 1099776K
  class space    used 7072K, capacity 7583K, committed 7680K, reserved 1048576K
}
Event: 63.288 GC heap before
{Heap before GC invocations=103 (full 0):
 garbage-first heap   total 131072K, used 110211K [0x0000000080000000, 0x0000000100000000)
  region size 1024K, 31 young (31744K), 6 survivors (6144K)
 Metaspace       used 56544K, capacity 58121K, committed 58240K, reserved 1099776K
  class space    used 7219K, capacity 7749K, committed 7808K, reserved 1048576K
}
Event: 63.295 GC heap after
{Heap after GC invocations=104 (full 0):
 garbage-first heap   total 131072K, used 87303K [0x0000000080000000, 0x0000000100000000)
  region size 1024K, 2 young (2048K), 2 survivors (2048K)
 Metaspace       used 56544K, capacity 58121K, committed 58240K, reserved 1099776K
  class space    used 7219K, capacity 7749K, committed 7808K, reserved 1048576K
}
Event: 64.412 GC heap before
{Heap before GC invocations=105 (full 0):
 garbage-first heap   total 131072K, used 109831K [0x0000000080000000, 0x0000000100000000)
  region size 1024K, 25 young (25600K), 2 survivors (2048K)
 Metaspace       used 59717K, capacity 61476K, committed 61696K, reserved 1103872K
  class space    used 7600K, capacity 8186K, committed 8192K, reserved 1048576K
}
Event: 64.416 GC heap after
{Heap after GC invocations=106 (full 0):
 garbage-first heap   total 131072K, used 88013K [0x0000000080000000, 0x0000000100000000)
  region size 1024K, 3 young (3072K), 3 survivors (3072K)
 Metaspace       used 59717K, capacity 61476K, committed 61696K, reserved 1103872K
  class space    used 7600K, capacity 8186K, committed 8192K, reserved 1048576K
}
Event: 64.539 GC heap before
{Heap before GC invocations=106 (full 0):
 garbage-first heap   total 131072K, used 91085K [0x0000000080000000, 0x0000000100000000)
  region size 1024K, 6 young (6144K), 3 survivors (3072K)
 Metaspace       used 60079K, capacity 61828K, committed 62080K, reserved 1103872K
  class space    used 7645K, capacity 8218K, committed 8320K, reserved 1048576K
}
Event: 64.543 GC heap after
{Heap after GC invocations=107 (full 0):
 garbage-first heap   total 131072K, used 84148K [0x0000000080000000, 0x0000000100000000)
  region size 1024K, 1 young (1024K), 1 survivors (1024K)
 Metaspace       used 60079K, capacity 61828K, committed 62080K, reserved 1103872K
  class space    used 7645K, capacity 8218K, committed 8320K, reserved 1048576K
}
Event: 66.045 GC heap before
{Heap before GC invocations=107 (full 0):
 garbage-first heap   total 131072K, used 108724K [0x0000000080000000, 0x0000000100000000)
  region size 1024K, 26 young (26624K), 1 survivors (1024K)
 Metaspace       used 64245K, capacity 65933K, committed 66048K, reserved 1105920K
  class space    used 8096K, capacity 8691K, committed 8704K, reserved 1048576K
}
Event: 66.048 GC heap after
{Heap after GC invocations=108 (full 0):
 garbage-first heap   total 131072K, used 84970K [0x0000000080000000, 0x0000000100000000)
  region size 1024K, 2 young (2048K), 2 survivors (2048K)
 Metaspace       used 64245K, capacity 65933K, committed 66048K, reserved 1105920K
  class space    used 8096K, capacity 8691K, committed 8704K, reserved 1048576K
}
Event: 67.531 GC heap before
{Heap before GC invocations=108 (full 0):
 garbage-first heap   total 131072K, used 109546K [0x0000000080000000, 0x0000000100000000)
  region size 1024K, 27 young (27648K), 2 survivors (2048K)
 Metaspace       used 68256K, capacity 70115K, committed 70272K, reserved 1110016K
  class space    used 8610K, capacity 9250K, committed 9344K, reserved 1048576K
}
Event: 67.535 GC heap after
{Heap after GC invocations=109 (full 0):
 garbage-first heap   total 131072K, used 87051K [0x0000000080000000, 0x0000000100000000)
  region size 1024K, 4 young (4096K), 4 survivors (4096K)
 Metaspace       used 68256K, capacity 70115K, committed 70272K, reserved 1110016K
  class space    used 8610K, capacity 9250K, committed 9344K, reserved 1048576K
}
Event: 68.162 GC heap before
{Heap before GC invocations=109 (full 0):
 garbage-first heap   total 131072K, used 109579K [0x0000000080000000, 0x0000000100000000)
  region size 1024K, 27 young (27648K), 4 survivors (4096K)
 Metaspace       used 69996K, capacity 71848K, committed 72064K, reserved 1112064K
  class space    used 8819K, capacity 9480K, committed 9600K, reserved 1048576K
}
Event: 68.167 GC heap after
{Heap after GC invocations=110 (full 0):
 garbage-first heap   total 131072K, used 89036K [0x0000000080000000, 0x0000000100000000)
  region size 1024K, 4 young (4096K), 4 survivors (4096K)
 Metaspace       used 69996K, capacity 71848K, committed 72064K, reserved 1112064K
  class space    used 8819K, capacity 9480K, committed 9600K, reserved 1048576K
}

Deoptimization events (20 events):
Event: 67.551 Thread 0x0000027942206000 DEOPT PACKING pc=0x000002792af008f2 sp=0x000000ce3adf42d0
Event: 67.551 Thread 0x0000027942206000 DEOPT UNPACKING pc=0x00000279297776ce sp=0x000000ce3adf3748 mode 0
Event: 67.551 Thread 0x0000027942206000 DEOPT PACKING pc=0x000002792af008f2 sp=0x000000ce3adf42d0
Event: 67.551 Thread 0x0000027942206000 DEOPT UNPACKING pc=0x00000279297776ce sp=0x000000ce3adf3748 mode 0
Event: 67.554 Thread 0x0000027942206000 Uncommon trap: trap_request=0xffffff4d fr.pc=0x00000279318e3de8 relative=0x0000000000000288
Event: 67.554 Thread 0x0000027942206000 Uncommon trap: reason=unstable_if action=reinterpret pc=0x00000279318e3de8 method=java.util.LinkedHashMap.get(Ljava/lang/Object;)Ljava/lang/Object; @ 20 c2
Event: 67.554 Thread 0x0000027942206000 DEOPT PACKING pc=0x00000279318e3de8 sp=0x000000ce3adf3eb0
Event: 67.554 Thread 0x0000027942206000 DEOPT UNPACKING pc=0x00000279297778af sp=0x000000ce3adf3e68 mode 2
Event: 67.613 Thread 0x0000027942206000 Uncommon trap: trap_request=0xffffffc6 fr.pc=0x00000279315bcbac relative=0x0000000000001cac
Event: 67.613 Thread 0x0000027942206000 Uncommon trap: reason=bimorphic_or_optimized_type_check action=maybe_recompile pc=0x00000279315bcbac method=jdk.internal.loader.Resource.getBytes()[B @ 115 c2
Event: 67.613 Thread 0x0000027942206000 DEOPT PACKING pc=0x00000279315bcbac sp=0x000000ce3adf4610
Event: 67.613 Thread 0x0000027942206000 DEOPT UNPACKING pc=0x00000279297778af sp=0x000000ce3adf4620 mode 2
Event: 67.617 Thread 0x0000027942206000 Uncommon trap: trap_request=0xffffffc6 fr.pc=0x00000279315bcbac relative=0x0000000000001cac
Event: 67.617 Thread 0x0000027942206000 Uncommon trap: reason=bimorphic_or_optimized_type_check action=maybe_recompile pc=0x00000279315bcbac method=jdk.internal.loader.Resource.getBytes()[B @ 115 c2
Event: 67.617 Thread 0x0000027942206000 DEOPT PACKING pc=0x00000279315bcbac sp=0x000000ce3adf12d0
Event: 67.617 Thread 0x0000027942206000 DEOPT UNPACKING pc=0x00000279297778af sp=0x000000ce3adf12e0 mode 2
Event: 67.917 Thread 0x0000027942206000 Uncommon trap: trap_request=0xffffff4d fr.pc=0x0000027931510ba4 relative=0x00000000000030e4
Event: 67.917 Thread 0x0000027942206000 Uncommon trap: reason=unstable_if action=reinterpret pc=0x0000027931510ba4 method=java.util.regex.Pattern.has(I)Z @ 6 c2
Event: 67.917 Thread 0x0000027942206000 DEOPT PACKING pc=0x0000027931510ba4 sp=0x000000ce3adf6d30
Event: 67.917 Thread 0x0000027942206000 DEOPT UNPACKING pc=0x00000279297778af sp=0x000000ce3adf6cc0 mode 2

Classes redefined (0 events):
No events

Internal exceptions (20 events):
Event: 62.633 Thread 0x0000027942206000 Exception <a 'java/lang/ClassNotFoundException'{0x0000000087960be8}: org/gradle/api/tasks/Delete_DecoratedCustomizer> (0x0000000087960be8) thrown at [./src/hotspot/share/classfile/systemDictionary.cpp, line 231]
Event: 62.911 Thread 0x0000027941d3c800 Exception <a 'sun/nio/fs/WindowsException'{0x0000000086d07578}> (0x0000000086d07578) thrown at [./src/hotspot/share/prims/jni.cpp, line 615]
Event: 62.924 Thread 0x0000027941d3c800 Exception <a 'sun/nio/fs/WindowsException'{0x0000000086d5efe8}> (0x0000000086d5efe8) thrown at [./src/hotspot/share/prims/jni.cpp, line 615]
Event: 62.935 Thread 0x0000027941d3c800 Exception <a 'sun/nio/fs/WindowsException'{0x0000000086d5f160}> (0x0000000086d5f160) thrown at [./src/hotspot/share/prims/jni.cpp, line 615]
Event: 63.015 Thread 0x0000027942206000 Exception <a 'java/lang/ClassNotFoundException'{0x0000000086d919c8}: build_4mdxw86xl51dk59ro8fwupr9gBeanInfo> (0x0000000086d919c8) thrown at [./src/hotspot/share/classfile/systemDictionary.cpp, line 231]
Event: 63.015 Thread 0x0000027942206000 Exception <a 'java/lang/ClassNotFoundException'{0x0000000086d9c8f0}: build_4mdxw86xl51dk59ro8fwupr9gCustomizer> (0x0000000086d9c8f0) thrown at [./src/hotspot/share/classfile/systemDictionary.cpp, line 231]
Event: 63.028 Thread 0x0000027942206000 Exception <a 'java/lang/ClassNotFoundException'{0x0000000086c21e18}: org/gradle/plugin/use/internal/PluginRequestCollector$PluginDependenciesSpecImplBeanInfo> (0x0000000086c21e18) thrown at [./src/hotspot/share/classfile/systemDictionary.cpp, line 231]
Event: 63.029 Thread 0x0000027942206000 Exception <a 'java/lang/ClassNotFoundException'{0x0000000086c4fcc8}: org/gradle/plugin/use/internal/PluginRequestCollector$PluginDependenciesSpecImplCustomizer> (0x0000000086c4fcc8) thrown at [./src/hotspot/share/classfile/systemDictionary.cpp, line 231]
Event: 63.793 Thread 0x0000027942206000 Exception <a 'java/lang/NoSuchMethodError'{0x0000000087966d58}: 'java.lang.Object java.lang.invoke.DirectMethodHandle$Holder.invokeStatic(java.lang.Object, java.lang.Object, java.lang.Object, java.lang.Object, int)'> (0x0000000087966d58) thrown at [./src/hotspot/share/interpreter/linkResolver.cpp, line 773]
Event: 63.794 Thread 0x0000027942206000 Exception <a 'java/lang/NoSuchMethodError'{0x000000008796b750}: 'java.lang.Object java.lang.invoke.DirectMethodHandle$Holder.invokeSpecial(java.lang.Object, java.lang.Object, java.lang.Object, java.lang.Object, java.lang.Object, int)'> (0x000000008796b750) thrown at [./src/hotspot/share/interpreter/linkResolver.cpp, line 773]
Event: 63.794 Thread 0x0000027942206000 Exception <a 'java/lang/NoSuchMethodError'{0x000000008796fd90}: 'java.lang.Object java.lang.invoke.Invokers$Holder.linkToTargetMethod(java.lang.Object, java.lang.Object, java.lang.Object, int, java.lang.Object)'> (0x000000008796fd90) thrown at [./src/hotspot/share/interpreter/linkResolver.cpp, line 773]
Event: 64.360 Thread 0x0000027942206000 Exception <a 'java/lang/NoSuchMethodError'{0x0000000086a48f50}: 'java.lang.Object java.lang.invoke.DirectMethodHandle$Holder.invokeSpecial(java.lang.Object, java.lang.Object, int, int, java.lang.Object, java.lang.Object, java.lang.Object)'> (0x0000000086a48f50) thrown at [./src/hotspot/share/interpreter/linkResolver.cpp, line 773]
Event: 64.360 Thread 0x0000027942206000 Exception <a 'java/lang/NoSuchMethodError'{0x0000000086a4d4d0}: 'java.lang.Object java.lang.invoke.DelegatingMethodHandle$Holder.reinvoke_L(java.lang.Object, int, int, java.lang.Object, java.lang.Object, java.lang.Object)'> (0x0000000086a4d4d0) thrown at [./src/hotspot/share/interpreter/linkResolver.cpp, line 773]
Event: 64.977 Thread 0x0000027942206000 Exception <a 'java/lang/NoSuchMethodError'{0x00000000877610c0}: 'int java.lang.invoke.DirectMethodHandle$Holder.invokeInterface(java.lang.Object, java.lang.Object, java.lang.Object, java.lang.Object)'> (0x00000000877610c0) thrown at [./src/hotspot/share/interpreter/linkResolver.cpp, line 773]
Event: 66.226 Thread 0x0000027942206000 Exception <a 'java/lang/NoSuchMethodError'{0x0000000087cc7330}: 'void java.lang.invoke.DirectMethodHandle$Holder.invokeInterface(java.lang.Object, java.lang.Object, java.lang.Object, java.lang.Object)'> (0x0000000087cc7330) thrown at [./src/hotspot/share/interpreter/linkResolver.cpp, line 773]
Event: 66.628 Thread 0x0000027942206000 Exception <a 'java/lang/IncompatibleClassChangeError'{0x000000008748e110}: Found class java.lang.Object, but interface was expected> (0x000000008748e110) thrown at [./src/hotspot/share/interpreter/linkResolver.cpp, line 839]
Event: 66.834 Thread 0x0000027942206000 Implicit null exception at 0x00000279315ba7d4 to 0x00000279315ba9b8
Event: 66.834 Thread 0x0000027942206000 Implicit null exception at 0x00000279315b6bc4 to 0x00000279315b87fc
Event: 67.050 Thread 0x0000027942206000 Implicit null exception at 0x000002793133d88b to 0x000002793133d964
Event: 67.743 Thread 0x0000027942206000 Exception <a 'sun/nio/fs/WindowsException'{0x000000008760e708}> (0x000000008760e708) thrown at [./src/hotspot/share/prims/jni.cpp, line 615]

Events (20 events):
Event: 68.315 loading class org/gradle/internal/instantiation/generator/AsmBackedClassGenerator$ClassBuilderImpl
Event: 68.315 loading class org/gradle/internal/instantiation/generator/AsmBackedClassGenerator$ClassBuilderImpl done
Event: 68.317 loading class com/android/build/gradle/internal/dsl/DependenciesInfoImpl
Event: 68.317 loading class com/android/build/gradle/internal/dsl/DependenciesInfoImpl done
Event: 68.319 loading class com/android/build/gradle/internal/dsl/BundleOptionsLanguage
Event: 68.319 loading class com/android/build/gradle/internal/dsl/BundleOptionsLanguage done
Event: 68.319 loading class com/android/build/api/dsl/BundleLanguage
Event: 68.319 loading class com/android/build/api/dsl/BundleLanguage done
Event: 68.320 loading class com/android/build/gradle/internal/dsl/BundleOptionsDensity
Event: 68.320 loading class com/android/build/gradle/internal/dsl/BundleOptionsDensity done
Event: 68.320 loading class com/android/build/api/dsl/BundleDensity
Event: 68.320 loading class com/android/build/api/dsl/BundleDensity done
Event: 68.320 loading class com/android/build/api/dsl/BundleAbi
Event: 68.320 loading class com/android/build/api/dsl/BundleAbi done
Event: 68.321 loading class com/android/build/gradle/internal/dsl/BundleOptionsAbi
Event: 68.321 loading class com/android/build/gradle/internal/dsl/BundleOptionsAbi done
Event: 68.321 loading class com/android/build/gradle/internal/dsl/BundleOptionsDeviceTier
Event: 68.321 loading class com/android/build/gradle/internal/dsl/BundleOptionsDeviceTier done
Event: 68.321 loading class com/android/build/gradle/internal/dsl/BundleOptionsTexture
Event: 68.321 loading class com/android/build/gradle/internal/dsl/BundleOptionsTexture done


Dynamic libraries:
0x00007ff7ac220000 - 0x00007ff7ac22a000 	C:\Program Files\Android\Android Studio\jre\bin\java.exe
0x00007ffcdaf90000 - 0x00007ffcdb17d000 	C:\Windows\SYSTEM32\ntdll.dll
0x00007ffcdad70000 - 0x00007ffcdae23000 	C:\Windows\System32\KERNEL32.DLL
0x00007ffcd7a50000 - 0x00007ffcd7ce5000 	C:\Windows\System32\KERNELBASE.dll
0x00007ffcd7ea0000 - 0x00007ffcd7f9a000 	C:\Windows\System32\ucrtbase.dll
0x00007ffcc6d30000 - 0x00007ffcc6d49000 	C:\Program Files\Android\Android Studio\jre\bin\jli.dll
0x00007ffcc4e70000 - 0x00007ffcc4e87000 	C:\Program Files\Android\Android Studio\jre\bin\VCRUNTIME140.dll
0x00007ffcd9bf0000 - 0x00007ffcd9d87000 	C:\Windows\System32\USER32.dll
0x00007ffcd79c0000 - 0x00007ffcd79e0000 	C:\Windows\System32\win32u.dll
0x00007ffcd9d90000 - 0x00007ffcd9db9000 	C:\Windows\System32\GDI32.dll
0x00007ffcd70c0000 - 0x00007ffcd725c000 	C:\Windows\System32\gdi32full.dll
0x00007ffcd7cf0000 - 0x00007ffcd7d90000 	C:\Windows\System32\msvcp_win.dll
0x00007ffcc6ef0000 - 0x00007ffcc7169000 	C:\Windows\WinSxS\amd64_microsoft.windows.common-controls_6595b64144ccf1df_6.0.17763.1577_none_de7444545348a3d0\COMCTL32.dll
0x00007ffcdac20000 - 0x00007ffcdacbe000 	C:\Windows\System32\msvcrt.dll
0x00007ffcda280000 - 0x00007ffcda5ad000 	C:\Windows\System32\combase.dll
0x00007ffcdae30000 - 0x00007ffcdaf52000 	C:\Windows\System32\RPCRT4.dll
0x00007ffcd7040000 - 0x00007ffcd70be000 	C:\Windows\System32\bcryptPrimitives.dll
0x00007ffcd9f80000 - 0x00007ffcd9fae000 	C:\Windows\System32\IMM32.DLL
0x00007ffcc47a0000 - 0x00007ffcc483d000 	C:\Program Files\Android\Android Studio\jre\bin\msvcp140.dll
0x00007ffc9cdd0000 - 0x00007ffc9d89f000 	C:\Program Files\Android\Android Studio\jre\bin\server\jvm.dll
0x00007ffcdacc0000 - 0x00007ffcdad63000 	C:\Windows\System32\ADVAPI32.dll
0x00007ffcda1e0000 - 0x00007ffcda27e000 	C:\Windows\System32\sechost.dll
0x00007ffcc6060000 - 0x00007ffcc6069000 	C:\Windows\SYSTEM32\WSOCK32.dll
0x00007ffcd9fb0000 - 0x00007ffcda01d000 	C:\Windows\System32\WS2_32.dll
0x00007ffcd4fa0000 - 0x00007ffcd4fc4000 	C:\Windows\SYSTEM32\WINMM.dll
0x00007ffcd2090000 - 0x00007ffcd209a000 	C:\Windows\SYSTEM32\VERSION.dll
0x00007ffcd9b80000 - 0x00007ffcd9b88000 	C:\Windows\System32\PSAPI.DLL
0x00007ffcd4f20000 - 0x00007ffcd4f4d000 	C:\Windows\SYSTEM32\WINMMBASE.dll
0x00007ffcd79e0000 - 0x00007ffcd7a2a000 	C:\Windows\System32\cfgmgr32.dll
0x00007ffcd6fd0000 - 0x00007ffcd6fe1000 	C:\Windows\System32\kernel.appcore.dll
0x00007ffccffb0000 - 0x00007ffccffc1000 	C:\Program Files\Android\Android Studio\jre\bin\verify.dll
0x00007ffcc72d0000 - 0x00007ffcc74bd000 	C:\Windows\SYSTEM32\DBGHELP.DLL
0x00007ffcbe8f0000 - 0x00007ffcbe91a000 	C:\Windows\SYSTEM32\dbgcore.DLL
0x00007ffcc6df0000 - 0x00007ffcc6e19000 	C:\Program Files\Android\Android Studio\jre\bin\java.dll
0x00007ffcd2fb0000 - 0x00007ffcd2fbb000 	C:\Program Files\Android\Android Studio\jre\bin\jimage.dll
0x00007ffccadb0000 - 0x00007ffccadc8000 	C:\Program Files\Android\Android Studio\jre\bin\zip.dll
0x00007ffcd8480000 - 0x00007ffcd9979000 	C:\Windows\System32\SHELL32.dll
0x00007ffcd9ed0000 - 0x00007ffcd9f78000 	C:\Windows\System32\shcore.dll
0x00007ffcd7260000 - 0x00007ffcd79b3000 	C:\Windows\System32\windows.storage.dll
0x00007ffcd7010000 - 0x00007ffcd7034000 	C:\Windows\System32\profapi.dll
0x00007ffcd6f70000 - 0x00007ffcd6fcd000 	C:\Windows\System32\powrprof.dll
0x00007ffcd9b90000 - 0x00007ffcd9be2000 	C:\Windows\System32\shlwapi.dll
0x00007ffcd7a30000 - 0x00007ffcd7a47000 	C:\Windows\System32\cryptsp.dll
0x00007ffcc9230000 - 0x00007ffcc924a000 	C:\Program Files\Android\Android Studio\jre\bin\net.dll
0x00007ffcd1940000 - 0x00007ffcd1a34000 	C:\Windows\SYSTEM32\WINHTTP.dll
0x00007ffcd6780000 - 0x00007ffcd67e7000 	C:\Windows\system32\mswsock.dll
0x00007ffcc6dd0000 - 0x00007ffcc6de4000 	C:\Program Files\Android\Android Studio\jre\bin\nio.dll
0x00007ffcc9de0000 - 0x00007ffcc9e07000 	C:\Users\Solicode\.gradle\native\8bec1ad78214c89d9ad589b4d07fe93259594b29d510b10fafb7a158f7737e5d\windows-amd64\native-platform.dll
0x00007ffca9540000 - 0x00007ffca967d000 	C:\Users\Solicode\.gradle\native\53dbd7edfb1c66fb8903c78663c9afc45aea4f116125fa6feffd364cf09443e8\windows-amd64\native-platform-file-events.dll
0x00007ffccffa0000 - 0x00007ffccffaa000 	C:\Program Files\Android\Android Studio\jre\bin\management.dll
0x00007ffccfc80000 - 0x00007ffccfc8c000 	C:\Program Files\Android\Android Studio\jre\bin\management_ext.dll
0x00007ffcd6300000 - 0x00007ffcd6333000 	C:\Windows\system32\rsaenh.dll
0x00007ffcd8180000 - 0x00007ffcd81a6000 	C:\Windows\System32\bcrypt.dll
0x00007ffcd6ea0000 - 0x00007ffcd6ec9000 	C:\Windows\SYSTEM32\USERENV.dll
0x00007ffcd6950000 - 0x00007ffcd695c000 	C:\Windows\SYSTEM32\CRYPTBASE.dll
0x00007ffcd64a0000 - 0x00007ffcd64dd000 	C:\Windows\SYSTEM32\IPHLPAPI.DLL
0x00007ffcd9b70000 - 0x00007ffcd9b78000 	C:\Windows\System32\NSI.dll
0x00007ffcc82e0000 - 0x00007ffcc82f6000 	C:\Windows\SYSTEM32\dhcpcsvc6.DLL
0x00007ffcc82c0000 - 0x00007ffcc82dc000 	C:\Windows\SYSTEM32\dhcpcsvc.DLL
0x00007ffcd64e0000 - 0x00007ffcd65a6000 	C:\Windows\SYSTEM32\DNSAPI.dll

dbghelp: loaded successfully - version: 4.0.5 - missing functions: none
symbol engine: initialized successfully - sym options: 0x614 - pdb path: .;C:\Program Files\Android\Android Studio\jre\bin;C:\Windows\SYSTEM32;C:\Windows\WinSxS\amd64_microsoft.windows.common-controls_6595b64144ccf1df_6.0.17763.1577_none_de7444545348a3d0;C:\Program Files\Android\Android Studio\jre\bin\server;C:\Users\Solicode\.gradle\native\8bec1ad78214c89d9ad589b4d07fe93259594b29d510b10fafb7a158f7737e5d\windows-amd64;C:\Users\Solicode\.gradle\native\53dbd7edfb1c66fb8903c78663c9afc45aea4f116125fa6feffd364cf09443e8\windows-amd64

VM Arguments:
jvm_args: --add-opens=java.base/java.util=ALL-UNNAMED --add-opens=java.base/java.lang=ALL-UNNAMED --add-opens=java.base/java.lang.invoke=ALL-UNNAMED --add-opens=java.base/java.util=ALL-UNNAMED --add-opens=java.prefs/java.util.prefs=ALL-UNNAMED --add-opens=java.prefs/java.util.prefs=ALL-UNNAMED --add-opens=java.base/java.nio.charset=ALL-UNNAMED --add-opens=java.base/java.net=ALL-UNNAMED --add-opens=java.base/java.util.concurrent.atomic=ALL-UNNAMED -Xmx2048m -Dfile.encoding=UTF-8 -Duser.country=MA -Duser.language=fr -Duser.variant 
java_command: org.gradle.launcher.daemon.bootstrap.GradleDaemon 7.0.2
java_class_path (initial): C:\Users\Solicode\.gradle\wrapper\dists\gradle-7.0.2-bin\857tjihv64xamwrf0h14cai3r\gradle-7.0.2\lib\gradle-launcher-7.0.2.jar
Launcher Type: SUN_STANDARD

[Global flags]
     intx CICompilerCount                          = 4                                         {product} {ergonomic}
     uint ConcGCThreads                            = 2                                         {product} {ergonomic}
     uint G1ConcRefinementThreads                  = 8                                         {product} {ergonomic}
   size_t G1HeapRegionSize                         = 1048576                                   {product} {ergonomic}
    uintx GCDrainStackTargetSize                   = 64                                        {product} {ergonomic}
   size_t InitialHeapSize                          = 134217728                                 {product} {ergonomic}
   size_t MarkStackSize                            = 4194304                                   {product} {ergonomic}
   size_t MaxHeapSize                              = 2147483648                                {product} {command line}
   size_t MaxNewSize                               = 1287651328                                {product} {ergonomic}
   size_t MinHeapDeltaBytes                        = 1048576                                   {product} {ergonomic}
    uintx NonNMethodCodeHeapSize                   = 5836300                                {pd product} {ergonomic}
    uintx NonProfiledCodeHeapSize                  = 122910970                              {pd product} {ergonomic}
    uintx ProfiledCodeHeapSize                     = 122910970                              {pd product} {ergonomic}
    uintx ReservedCodeCacheSize                    = 251658240                              {pd product} {ergonomic}
     bool SegmentedCodeCache                       = true                                      {product} {ergonomic}
     bool UseCompressedClassPointers               = true                                 {lp64_product} {ergonomic}
     bool UseCompressedOops                        = true                                 {lp64_product} {ergonomic}
     bool UseG1GC                                  = true                                      {product} {ergonomic}
     bool UseLargePagesIndividualAllocation        = false                                  {pd product} {ergonomic}

Logging:
Log output configuration:
 #0: stdout all=warning uptime,level,tags
 #1: stderr all=off uptime,level,tags

Environment Variables:
JAVA_HOME=C:\Program Files\Java\jdk-15.0.2
PATH=C:\Program Files\Common Files\Oracle\Java\javapath;C:\Program Files (x86)\Common Files\Oracle\Java\javapath;C:\Program Files (x86)\Intel\Intel(R) Management Engine Components\iCLS\;C:\Program Files\Intel\Intel(R) Management Engine Components\iCLS\;C:\Windows\system32;C:\Windows;C:\Windows\System32\Wbem;C:\Windows\System32\WindowsPowerShell\v1.0\;C:\Windows\System32\OpenSSH\;C:\Program Files (x86)\Intel\Intel(R) Management Engine Components\DAL;C:\Program Files\Intel\Intel(R) Management Engine Components\DAL;C:\Program Files\Intel\WiFi\bin\;C:\Program Files\Common Files\Intel\WirelessCommon\;C:\Program Files\Git\cmd;C:\Program Files\nodejs\;C:\Users\Solicode\AppData\Local\Microsoft\WindowsApps;C:\Users\Solicode\AppData\Local\Programs\Microsoft VS Code\bin;C:\Users\Solicode\AppData\Local\GitHubDesktop\bin;C:\Users\Solicode\AppData\Roaming\npm;C:\Users\Solicode\AppData\Local\Android\Sdk\platform-tools;C:\Program Files\Java\jdk-15.0.2\bin;
USERNAME=Solicode
OS=Windows_NT
PROCESSOR_IDENTIFIER=Intel64 Family 6 Model 142 Stepping 10, GenuineIntel



---------------  S Y S T E M  ---------------

OS: Windows 10 , 64 bit Build 17763 (10.0.17763.475)
OS uptime: 10 days 2:55 hours

CPU:total 8 (initial active 8) (4 cores per cpu, 2 threads per core) family 6 model 142 stepping 10 microcode 0x96, cmov, cx8, fxsr, mmx, sse, sse2, sse3, ssse3, sse4.1, sse4.2, popcnt, avx, avx2, aes, clmul, erms, rtm, 3dnowpref, lzcnt, ht, tsc, tscinvbit, bmi1, bmi2, adx, fma

Memory: 4k page, system-wide physical 8071M (344M free)
TotalPageFile size 32647M (AvailPageFile size 0M)
current process WorkingSet (physical memory assigned to process): 263M, peak: 345M
current process commit charge ("private bytes"): 378M, peak: 386M

vm_info: OpenJDK 64-Bit Server VM (11.0.10+0-b96-7249189) for windows-amd64 JRE (11.0.10+0-b96-7249189), built on Mar 31 2021 21:44:00 by "builder" with MS VC++ 14.0 (VS2015)

END.
