#
# There is insufficient memory for the Java Runtime Environment to continue.
# Native memory allocation (malloc) failed to allocate 3036016 bytes for Chunk::new
# Possible reasons:
#   The system is out of physical RAM or swap space
#   The process is running with CompressedOops enabled, and the Java Heap may be blocking the growth of the native heap
# Possible solutions:
#   Reduce memory load on the system
#   Increase physical memory or swap space
#   Check if swap backing store is full
#   Decrease Java heap size (-Xmx/-Xms)
#   Decrease number of Java threads
#   Decrease Java thread stack sizes (-Xss)
#   Set larger code cache with -XX:ReservedCodeCacheSize=
#   JVM is running with Unscaled Compressed Oops mode in which the Java heap is
#     placed in the first 4GB address space. The Java Heap base address is the
#     maximum limit for the native heap growth. Please use -XX:HeapBaseMinAddress
#     to set the Java Heap base and to place the Java Heap above 4GB virtual address.
# This output file may be truncated or incomplete.
#
#  Out of Memory Error (./src/hotspot/share/memory/arena.cpp:197), pid=24476, tid=22636
#
# JRE version: OpenJDK Runtime Environment (11.0.10) (build 11.0.10+0-b96-7249189)
# Java VM: OpenJDK 64-Bit Server VM (11.0.10+0-b96-7249189, mixed mode, tiered, compressed oops, g1 gc, windows-amd64)
# No core dump will be written. Minidumps are not enabled by default on client versions of Windows
#

---------------  S U M M A R Y ------------

Command Line: --add-opens=java.base/java.util=ALL-UNNAMED --add-opens=java.base/java.lang=ALL-UNNAMED --add-opens=java.base/java.lang.invoke=ALL-UNNAMED --add-opens=java.base/java.util=ALL-UNNAMED --add-opens=java.prefs/java.util.prefs=ALL-UNNAMED --add-opens=java.prefs/java.util.prefs=ALL-UNNAMED --add-opens=java.base/java.nio.charset=ALL-UNNAMED --add-opens=java.base/java.net=ALL-UNNAMED --add-opens=java.base/java.util.concurrent.atomic=ALL-UNNAMED -Xmx2048m -Dfile.encoding=UTF-8 -Duser.country=MA -Duser.language=fr -Duser.variant org.gradle.launcher.daemon.bootstrap.GradleDaemon 7.0.2

Host: Intel(R) Core(TM) i7-8650U CPU @ 1.90GHz, 8 cores, 7G,  Windows 10 , 64 bit Build 17763 (10.0.17763.475)
Time: Mon Feb 28 12:18:45 2022 Maroc (heure d?été) elapsed time: 90.943014 seconds (0d 0h 1m 30s)

---------------  T H R E A D  ---------------

Current thread (0x0000018c7ce0f000):  JavaThread "C2 CompilerThread0" daemon [_thread_in_native, id=22636, stack(0x0000008487b00000,0x0000008487c00000)]


Current CompileTask:
C2:  90943 8086 %     4       org.objectweb.asm.ClassReader::readCode @ 2035 (5109 bytes)

Stack: [0x0000008487b00000,0x0000008487c00000]
Native frames: (J=compiled Java code, j=interpreted, Vv=VM code, C=native code)
V  [jvm.dll+0x5ecfaa]
V  [jvm.dll+0x722bd5]
V  [jvm.dll+0x72412d]
V  [jvm.dll+0x7247e3]
V  [jvm.dll+0x242928]
V  [jvm.dll+0xbc4fc]
V  [jvm.dll+0xbca0c]
V  [jvm.dll+0x352d3b]
V  [jvm.dll+0x197e0c]
V  [jvm.dll+0x1fb70e]
V  [jvm.dll+0x1fa7f4]
V  [jvm.dll+0x18354c]
V  [jvm.dll+0x208ee7]
V  [jvm.dll+0x207731]
V  [jvm.dll+0x6eb1cf]
V  [jvm.dll+0x6e3d45]
V  [jvm.dll+0x5ebe96]
C  [ucrtbase.dll+0x2268a]
C  [KERNEL32.DLL+0x17974]
C  [ntdll.dll+0x5a0b1]


---------------  P R O C E S S  ---------------

Threads class SMR info:
_java_thread_list=0x0000018c01029a40, length=48, elements={
0x0000018c61ff0000, 0x0000018c7c473800, 0x0000018c7c477000, 0x0000018c7ce06800,
0x0000018c7ce09000, 0x0000018c7ce0a000, 0x0000018c7ce0f000, 0x0000018c7ce12000,
0x0000018c7ce13000, 0x0000018c7cf66000, 0x0000018c7de8e800, 0x0000018c7ddc4000,
0x0000018c7e8cc800, 0x0000018c7e856800, 0x0000018c7e15b000, 0x0000018c7d144800,
0x0000018c7e101800, 0x0000018c7e102000, 0x0000018c7edd9000, 0x0000018c7eddd000,
0x0000018c7edda000, 0x0000018c7edda800, 0x0000018c7edde000, 0x0000018c7eddb800,
0x0000018c7edd8800, 0x0000018c7eddc800, 0x0000018c7eddf000, 0x0000018c7f4a8000,
0x0000018c7f4a9000, 0x0000018c7f4ad000, 0x0000018c7f4ab800, 0x0000018c7f4a7800,
0x0000018c7f4aa000, 0x0000018c7f4ae000, 0x0000018c7f4ae800, 0x0000018c7f4af800,
0x0000018c7f4b0800, 0x0000018c7f4aa800, 0x0000018c7f4b3800, 0x0000018c7f4b2000,
0x0000018c7f4b4800, 0x0000018c7f4b1000, 0x0000018c7f4b5000, 0x0000018c7f4b6000,
0x0000018c012be000, 0x0000018c012bb800, 0x0000018c012bc000, 0x0000018c012bd000
}

Java Threads: ( => current thread )
  0x0000018c61ff0000 JavaThread "main" [_thread_blocked, id=20020, stack(0x0000008486f00000,0x0000008487000000)]
  0x0000018c7c473800 JavaThread "Reference Handler" daemon [_thread_blocked, id=23504, stack(0x0000008487600000,0x0000008487700000)]
  0x0000018c7c477000 JavaThread "Finalizer" daemon [_thread_blocked, id=21712, stack(0x0000008487700000,0x0000008487800000)]
  0x0000018c7ce06800 JavaThread "Signal Dispatcher" daemon [_thread_blocked, id=24332, stack(0x0000008487800000,0x0000008487900000)]
  0x0000018c7ce09000 JavaThread "Attach Listener" daemon [_thread_blocked, id=11176, stack(0x0000008487900000,0x0000008487a00000)]
  0x0000018c7ce0a000 JavaThread "Service Thread" daemon [_thread_blocked, id=22080, stack(0x0000008487a00000,0x0000008487b00000)]
=>0x0000018c7ce0f000 JavaThread "C2 CompilerThread0" daemon [_thread_in_native, id=22636, stack(0x0000008487b00000,0x0000008487c00000)]
  0x0000018c7ce12000 JavaThread "C1 CompilerThread0" daemon [_thread_blocked, id=12176, stack(0x0000008487c00000,0x0000008487d00000)]
  0x0000018c7ce13000 JavaThread "Sweeper thread" daemon [_thread_blocked, id=22368, stack(0x0000008487d00000,0x0000008487e00000)]
  0x0000018c7cf66000 JavaThread "Common-Cleaner" daemon [_thread_blocked, id=5136, stack(0x0000008487e00000,0x0000008487f00000)]
  0x0000018c7de8e800 JavaThread "Daemon health stats" [_thread_blocked, id=17076, stack(0x0000008488200000,0x0000008488300000)]
  0x0000018c7ddc4000 JavaThread "Incoming local TCP Connector on port 65154" [_thread_in_native, id=20576, stack(0x0000008488300000,0x0000008488400000)]
  0x0000018c7e8cc800 JavaThread "Daemon" [_thread_blocked, id=1088, stack(0x0000008488400000,0x0000008488500000)]
  0x0000018c7e856800 JavaThread "Daemon periodic checks" [_thread_blocked, id=7028, stack(0x0000008488500000,0x0000008488600000)]
  0x0000018c7e15b000 JavaThread "Handler for socket connection from /127.0.0.1:65154 to /127.0.0.1:65155" [_thread_in_native, id=18004, stack(0x0000008488600000,0x0000008488700000)]
  0x0000018c7d144800 JavaThread "Cancel handler" [_thread_blocked, id=12596, stack(0x0000008488700000,0x0000008488800000)]
  0x0000018c7e101800 JavaThread "Daemon worker" [_thread_blocked, id=11096, stack(0x0000008488800000,0x0000008488900000)]
  0x0000018c7e102000 JavaThread "Asynchronous log dispatcher for DefaultDaemonConnection: socket connection from /127.0.0.1:65154 to /127.0.0.1:65155" [_thread_blocked, id=4624, stack(0x0000008488900000,0x0000008488a00000)]
  0x0000018c7edd9000 JavaThread "Daemon client event forwarder" [_thread_blocked, id=24464, stack(0x0000008488b00000,0x0000008488c00000)]
  0x0000018c7eddd000 JavaThread "Cache worker for file hash cache (C:\Users\Solicode\.gradle\caches\7.0.2\fileHashes)" [_thread_blocked, id=17084, stack(0x0000008489100000,0x0000008489200000)]
  0x0000018c7edda000 JavaThread "File lock request listener" [_thread_in_native, id=18824, stack(0x0000008489200000,0x0000008489300000)]
  0x0000018c7edda800 JavaThread "Cache worker for journal cache (C:\Users\Solicode\.gradle\caches\journal-1)" [_thread_blocked, id=17288, stack(0x0000008489400000,0x0000008489500000)]
  0x0000018c7edde000 JavaThread "Cache worker for file hash cache (C:\Users\Solicode\AndroidStudioProjects\MyApplication3\.gradle\7.0.2\fileHashes)" [_thread_blocked, id=11376, stack(0x0000008489500000,0x0000008489600000)]
  0x0000018c7eddb800 JavaThread "File watcher server" daemon [_thread_in_native, id=5356, stack(0x0000008489600000,0x0000008489700000)]
  0x0000018c7edd8800 JavaThread "File watcher consumer" daemon [_thread_blocked, id=1524, stack(0x0000008489700000,0x0000008489800000)]
  0x0000018c7eddc800 JavaThread "jar transforms" [_thread_blocked, id=24076, stack(0x0000008489800000,0x0000008489900000)]
  0x0000018c7eddf000 JavaThread "jar transforms Thread 2" [_thread_in_Java, id=15224, stack(0x0000008489900000,0x0000008489a00000)]
  0x0000018c7f4a8000 JavaThread "jar transforms Thread 3" [_thread_in_native, id=5964, stack(0x0000008489a00000,0x0000008489b00000)]
  0x0000018c7f4a9000 JavaThread "jar transforms Thread 4" [_thread_blocked, id=2476, stack(0x0000008489b00000,0x0000008489c00000)]
  0x0000018c7f4ad000 JavaThread "jar transforms Thread 5" [_thread_in_native, id=940, stack(0x0000008489c00000,0x0000008489d00000)]
  0x0000018c7f4ab800 JavaThread "jar transforms Thread 6" [_thread_in_Java, id=21132, stack(0x0000008489d00000,0x0000008489e00000)]
  0x0000018c7f4a7800 JavaThread "jar transforms Thread 7" [_thread_blocked, id=12912, stack(0x0000008489e00000,0x0000008489f00000)]
  0x0000018c7f4aa000 JavaThread "jar transforms Thread 8" [_thread_blocked, id=21872, stack(0x0000008489f00000,0x000000848a000000)]
  0x0000018c7f4ae000 JavaThread "Cache worker for checksums cache (C:\Users\Solicode\AndroidStudioProjects\MyApplication3\.gradle\checksums)" [_thread_blocked, id=22588, stack(0x000000848a000000,0x000000848a100000)]
  0x0000018c7f4ae800 JavaThread "Cache worker for cache directory md-supplier (C:\Users\Solicode\.gradle\caches\7.0.2\md-supplier)" [_thread_blocked, id=11076, stack(0x000000848a100000,0x000000848a200000)]
  0x0000018c7f4af800 JavaThread "Cache worker for cache directory md-rule (C:\Users\Solicode\.gradle\caches\7.0.2\md-rule)" [_thread_blocked, id=22252, stack(0x000000848a200000,0x000000848a300000)]
  0x0000018c7f4b0800 JavaThread "Cache worker for execution history cache (C:\Users\Solicode\.gradle\caches\7.0.2\executionHistory)" [_thread_blocked, id=15308, stack(0x000000848a300000,0x000000848a400000)]
  0x0000018c7f4aa800 JavaThread "Cache worker for file content cache (C:\Users\Solicode\.gradle\caches\7.0.2\fileContent)" [_thread_blocked, id=13636, stack(0x000000848a400000,0x000000848a500000)]
  0x0000018c7f4b3800 JavaThread "Cache worker for dependencies-accessors (C:\Users\Solicode\AndroidStudioProjects\MyApplication3\.gradle\7.0.2\dependencies-accessors)" [_thread_blocked, id=23064, stack(0x000000848a500000,0x000000848a600000)]
  0x0000018c7f4b2000 JavaThread "Cache worker for Build Output Cleanup Cache (C:\Users\Solicode\AndroidStudioProjects\MyApplication3\.gradle\buildOutputCleanup)" [_thread_blocked, id=10764, stack(0x000000848a600000,0x000000848a700000)]
  0x0000018c7f4b4800 JavaThread "Build operations" [_thread_blocked, id=22972, stack(0x000000848a800000,0x000000848a900000)]
  0x0000018c7f4b1000 JavaThread "Build operations Thread 2" [_thread_blocked, id=15056, stack(0x000000848a900000,0x000000848aa00000)]
  0x0000018c7f4b5000 JavaThread "Build operations Thread 3" [_thread_blocked, id=1844, stack(0x000000848aa00000,0x000000848ab00000)]
  0x0000018c7f4b6000 JavaThread "Build operations Thread 4" [_thread_blocked, id=7744, stack(0x000000848ab00000,0x000000848ac00000)]
  0x0000018c012be000 JavaThread "Build operations Thread 5" [_thread_blocked, id=2656, stack(0x000000848ac00000,0x000000848ad00000)]
  0x0000018c012bb800 JavaThread "Build operations Thread 6" [_thread_blocked, id=14572, stack(0x000000848ad00000,0x000000848ae00000)]
  0x0000018c012bc000 JavaThread "Build operations Thread 7" [_thread_blocked, id=16604, stack(0x000000848ae00000,0x000000848af00000)]
  0x0000018c012bd000 JavaThread "Build operations Thread 8" [_thread_blocked, id=19968, stack(0x000000848af00000,0x000000848b000000)]

Other Threads:
  0x0000018c7c470800 VMThread "VM Thread" [stack: 0x0000008487500000,0x0000008487600000] [id=10692]
  0x0000018c7cf83800 WatcherThread [stack: 0x0000008487f00000,0x0000008488000000] [id=17168]
  0x0000018c62007800 GCTaskThread "GC Thread#0" [stack: 0x0000008487000000,0x0000008487100000] [id=22584]
  0x0000018c7da6b800 GCTaskThread "GC Thread#1" [stack: 0x0000008488000000,0x0000008488100000] [id=16068]
  0x0000018c7d977800 GCTaskThread "GC Thread#2" [stack: 0x0000008488100000,0x0000008488200000] [id=23444]
  0x0000018c7e069800 GCTaskThread "GC Thread#3" [stack: 0x0000008488c00000,0x0000008488d00000] [id=18764]
  0x0000018c7e06c800 GCTaskThread "GC Thread#4" [stack: 0x0000008488d00000,0x0000008488e00000] [id=16700]
  0x0000018c7d1f6800 GCTaskThread "GC Thread#5" [stack: 0x0000008488e00000,0x0000008488f00000] [id=20732]
  0x0000018c7d1f7000 GCTaskThread "GC Thread#6" [stack: 0x0000008488f00000,0x0000008489000000] [id=13256]
  0x0000018c7d7b3000 GCTaskThread "GC Thread#7" [stack: 0x0000008489000000,0x0000008489100000] [id=13780]
  0x0000018c62038800 ConcurrentGCThread "G1 Main Marker" [stack: 0x0000008487100000,0x0000008487200000] [id=5656]
  0x0000018c6203d000 ConcurrentGCThread "G1 Conc#0" [stack: 0x0000008487200000,0x0000008487300000] [id=5488]
  0x0000018c7d0dc000 ConcurrentGCThread "G1 Conc#1" [stack: 0x0000008489300000,0x0000008489400000] [id=19932]
  0x0000018c620be000 ConcurrentGCThread "G1 Refine#0" [stack: 0x0000008487300000,0x0000008487400000] [id=9240]
  0x0000018c7c2bc800 ConcurrentGCThread "G1 Young RemSet Sampling" [stack: 0x0000008487400000,0x0000008487500000] [id=15256]

Threads with active compile tasks:
C2 CompilerThread0  90998 8086 %     4       org.objectweb.asm.ClassReader::readCode @ 2035 (5109 bytes)

VM state:not at safepoint (normal execution)

VM Mutex/Monitor currently owned by a thread: None

Heap address: 0x0000000080000000, size: 2048 MB, Compressed Oops mode: 32-bit
Narrow klass base: 0x0000000000000000, Narrow klass shift: 3
Compressed class space size: 1073741824 Address: 0x0000000100000000

Heap:
 garbage-first heap   total 131072K, used 80558K [0x0000000080000000, 0x0000000100000000)
  region size 1024K, 13 young (13312K), 3 survivors (3072K)
 Metaspace       used 64024K, capacity 65701K, committed 66048K, reserved 1105920K
  class space    used 8052K, capacity 8614K, committed 8704K, reserved 1048576K
Heap Regions: E=young(eden), S=young(survivor), O=old, HS=humongous(starts), HC=humongous(continues), CS=collection set, F=free, A=archive, TAMS=top-at-mark-start (previous, next)
|   0|0x0000000080000000, 0x0000000080100000, 0x0000000080100000|100%| O|  |TAMS 0x0000000080100000, 0x0000000080000000| Updating 
|   1|0x0000000080100000, 0x0000000080200000, 0x0000000080200000|100%| O|  |TAMS 0x0000000080200000, 0x0000000080100000| Updating 
|   2|0x0000000080200000, 0x0000000080300000, 0x0000000080300000|100%| O|  |TAMS 0x0000000080300000, 0x0000000080200000| Updating 
|   3|0x0000000080300000, 0x0000000080400000, 0x0000000080400000|100%|HS|  |TAMS 0x0000000080400000, 0x0000000080300000| Complete 
|   4|0x0000000080400000, 0x0000000080500000, 0x0000000080500000|100%|HC|  |TAMS 0x0000000080500000, 0x0000000080400000| Complete 
|   5|0x0000000080500000, 0x0000000080600000, 0x0000000080600000|100%|HC|  |TAMS 0x0000000080600000, 0x0000000080500000| Complete 
|   6|0x0000000080600000, 0x0000000080700000, 0x0000000080700000|100%| O|  |TAMS 0x0000000080700000, 0x0000000080600000| Updating 
|   7|0x0000000080700000, 0x0000000080800000, 0x0000000080800000|100%| O|  |TAMS 0x0000000080800000, 0x0000000080700000| Updating 
|   8|0x0000000080800000, 0x0000000080900000, 0x0000000080900000|100%| O|  |TAMS 0x0000000080900000, 0x0000000080800000| Updating 
|   9|0x0000000080900000, 0x0000000080a00000, 0x0000000080a00000|100%| O|  |TAMS 0x0000000080a00000, 0x0000000080900000| Updating 
|  10|0x0000000080a00000, 0x0000000080b00000, 0x0000000080b00000|100%| O|  |TAMS 0x0000000080b00000, 0x0000000080a00000| Updating 
|  11|0x0000000080b00000, 0x0000000080c00000, 0x0000000080c00000|100%| O|  |TAMS 0x0000000080c00000, 0x0000000080b00000| Updating 
|  12|0x0000000080c00000, 0x0000000080d00000, 0x0000000080d00000|100%| O|  |TAMS 0x0000000080d00000, 0x0000000080c00000| Updating 
|  13|0x0000000080d00000, 0x0000000080e00000, 0x0000000080e00000|100%| O|  |TAMS 0x0000000080e00000, 0x0000000080d00000| Updating 
|  14|0x0000000080e00000, 0x0000000080f00000, 0x0000000080f00000|100%| O|  |TAMS 0x0000000080f00000, 0x0000000080e00000| Updating 
|  15|0x0000000080f00000, 0x0000000081000000, 0x0000000081000000|100%| O|  |TAMS 0x0000000081000000, 0x0000000080f00000| Updating 
|  16|0x0000000081000000, 0x0000000081100000, 0x0000000081100000|100%|HS|  |TAMS 0x0000000081100000, 0x0000000081000000| Complete 
|  17|0x0000000081100000, 0x0000000081200000, 0x0000000081200000|100%|HC|  |TAMS 0x0000000081200000, 0x0000000081100000| Complete 
|  18|0x0000000081200000, 0x0000000081300000, 0x0000000081300000|100%|HS|  |TAMS 0x0000000081300000, 0x0000000081200000| Complete 
|  19|0x0000000081300000, 0x0000000081400000, 0x0000000081400000|100%|HC|  |TAMS 0x0000000081400000, 0x0000000081300000| Complete 
|  20|0x0000000081400000, 0x0000000081500000, 0x0000000081500000|100%|HC|  |TAMS 0x0000000081500000, 0x0000000081400000| Complete 
|  21|0x0000000081500000, 0x0000000081600000, 0x0000000081600000|100%|HS|  |TAMS 0x0000000081600000, 0x0000000081500000| Complete 
|  22|0x0000000081600000, 0x0000000081700000, 0x0000000081700000|100%|HC|  |TAMS 0x0000000081700000, 0x0000000081600000| Complete 
|  23|0x0000000081700000, 0x0000000081800000, 0x0000000081800000|100%|HC|  |TAMS 0x0000000081800000, 0x0000000081700000| Complete 
|  24|0x0000000081800000, 0x0000000081900000, 0x0000000081900000|100%|HC|  |TAMS 0x0000000081900000, 0x0000000081800000| Complete 
|  25|0x0000000081900000, 0x0000000081a00000, 0x0000000081a00000|100%|HC|  |TAMS 0x0000000081a00000, 0x0000000081900000| Complete 
|  26|0x0000000081a00000, 0x0000000081b00000, 0x0000000081b00000|100%| O|  |TAMS 0x0000000081b00000, 0x0000000081a00000| Updating 
|  27|0x0000000081b00000, 0x0000000081c00000, 0x0000000081c00000|100%| O|  |TAMS 0x0000000081c00000, 0x0000000081b00000| Updating 
|  28|0x0000000081c00000, 0x0000000081d00000, 0x0000000081d00000|100%| O|  |TAMS 0x0000000081d00000, 0x0000000081c00000| Updating 
|  29|0x0000000081d00000, 0x0000000081e00000, 0x0000000081e00000|100%| O|  |TAMS 0x0000000081e00000, 0x0000000081d00000| Updating 
|  30|0x0000000081e00000, 0x0000000081f00000, 0x0000000081f00000|100%| O|  |TAMS 0x0000000081f00000, 0x0000000081e00000| Updating 
|  31|0x0000000081f00000, 0x0000000082000000, 0x0000000082000000|100%|HS|  |TAMS 0x0000000082000000, 0x0000000081f00000| Complete 
|  32|0x0000000082000000, 0x0000000082100000, 0x0000000082100000|100%|HC|  |TAMS 0x0000000082100000, 0x0000000082000000| Complete 
|  33|0x0000000082100000, 0x0000000082200000, 0x0000000082200000|100%|HC|  |TAMS 0x0000000082200000, 0x0000000082100000| Complete 
|  34|0x0000000082200000, 0x0000000082300000, 0x0000000082300000|100%|HC|  |TAMS 0x0000000082300000, 0x0000000082200000| Complete 
|  35|0x0000000082300000, 0x0000000082400000, 0x0000000082400000|100%|HC|  |TAMS 0x0000000082400000, 0x0000000082300000| Complete 
|  36|0x0000000082400000, 0x0000000082500000, 0x0000000082500000|100%|HS|  |TAMS 0x0000000082500000, 0x0000000082400000| Complete 
|  37|0x0000000082500000, 0x0000000082600000, 0x0000000082600000|100%|HC|  |TAMS 0x0000000082600000, 0x0000000082500000| Complete 
|  38|0x0000000082600000, 0x0000000082700000, 0x0000000082700000|100%|HC|  |TAMS 0x0000000082700000, 0x0000000082600000| Complete 
|  39|0x0000000082700000, 0x0000000082800000, 0x0000000082800000|100%| O|  |TAMS 0x0000000082800000, 0x0000000082700000| Updating 
|  40|0x0000000082800000, 0x0000000082900000, 0x0000000082900000|100%| O|  |TAMS 0x0000000082900000, 0x0000000082800000| Updating 
|  41|0x0000000082900000, 0x0000000082a00000, 0x0000000082a00000|100%| O|  |TAMS 0x0000000082a00000, 0x0000000082900000| Updating 
|  42|0x0000000082a00000, 0x0000000082b00000, 0x0000000082b00000|100%| O|  |TAMS 0x0000000082b00000, 0x0000000082a00000| Updating 
|  43|0x0000000082b00000, 0x0000000082c00000, 0x0000000082c00000|100%| O|  |TAMS 0x0000000082c00000, 0x0000000082b00000| Updating 
|  44|0x0000000082c00000, 0x0000000082d00000, 0x0000000082d00000|100%| O|  |TAMS 0x0000000082d00000, 0x0000000082c00000| Updating 
|  45|0x0000000082d00000, 0x0000000082e00000, 0x0000000082e00000|100%| O|  |TAMS 0x0000000082e00000, 0x0000000082d00000| Updating 
|  46|0x0000000082e00000, 0x0000000082f00000, 0x0000000082f00000|100%| O|  |TAMS 0x0000000082f00000, 0x0000000082e00000| Updating 
|  47|0x0000000082f00000, 0x0000000083000000, 0x0000000083000000|100%| O|  |TAMS 0x0000000083000000, 0x0000000082f00000| Updating 
|  48|0x0000000083000000, 0x0000000083100000, 0x0000000083100000|100%| O|  |TAMS 0x0000000083100000, 0x0000000083000000| Updating 
|  49|0x0000000083100000, 0x0000000083200000, 0x0000000083200000|100%| O|  |TAMS 0x0000000083200000, 0x0000000083100000| Updating 
|  50|0x0000000083200000, 0x0000000083300000, 0x0000000083300000|100%| O|  |TAMS 0x0000000083300000, 0x0000000083200000| Updating 
|  51|0x0000000083300000, 0x0000000083400000, 0x0000000083400000|100%| O|  |TAMS 0x0000000083400000, 0x0000000083300000| Updating 
|  52|0x0000000083400000, 0x0000000083500000, 0x0000000083500000|100%| O|  |TAMS 0x0000000083500000, 0x0000000083400000| Updating 
|  53|0x0000000083500000, 0x0000000083600000, 0x0000000083600000|100%| O|  |TAMS 0x0000000083600000, 0x0000000083500000| Updating 
|  54|0x0000000083600000, 0x0000000083700000, 0x0000000083700000|100%| O|  |TAMS 0x0000000083700000, 0x0000000083600000| Updating 
|  55|0x0000000083700000, 0x0000000083800000, 0x0000000083800000|100%| O|  |TAMS 0x0000000083800000, 0x0000000083700000| Updating 
|  56|0x0000000083800000, 0x0000000083900000, 0x0000000083900000|100%| O|  |TAMS 0x0000000083900000, 0x0000000083800000| Updating 
|  57|0x0000000083900000, 0x0000000083a00000, 0x0000000083a00000|100%| O|  |TAMS 0x0000000083a00000, 0x0000000083900000| Updating 
|  58|0x0000000083a00000, 0x0000000083b00000, 0x0000000083b00000|100%| O|  |TAMS 0x0000000083b00000, 0x0000000083a00000| Updating 
|  59|0x0000000083b00000, 0x0000000083c00000, 0x0000000083c00000|100%| O|  |TAMS 0x0000000083c00000, 0x0000000083b00000| Updating 
|  60|0x0000000083c00000, 0x0000000083d00000, 0x0000000083d00000|100%| O|  |TAMS 0x0000000083d00000, 0x0000000083c00000| Updating 
|  61|0x0000000083d00000, 0x0000000083e00000, 0x0000000083e00000|100%| O|  |TAMS 0x0000000083e00000, 0x0000000083d00000| Updating 
|  62|0x0000000083e00000, 0x0000000083f00000, 0x0000000083f00000|100%| O|  |TAMS 0x0000000083f00000, 0x0000000083e00000| Updating 
|  63|0x0000000083f00000, 0x0000000084000000, 0x0000000084000000|100%|HS|  |TAMS 0x0000000084000000, 0x0000000083f00000| Complete 
|  64|0x0000000084000000, 0x0000000084100000, 0x0000000084100000|100%|HS|  |TAMS 0x0000000084100000, 0x0000000084000000| Complete 
|  65|0x0000000084100000, 0x0000000084200000, 0x0000000084200000|100%|HC|  |TAMS 0x0000000084200000, 0x0000000084100000| Complete 
|  66|0x0000000084200000, 0x0000000084300000, 0x0000000084300000|100%|HC|  |TAMS 0x0000000084300000, 0x0000000084200000| Complete 
|  67|0x0000000084300000, 0x000000008436f000, 0x0000000084400000| 43%| O|  |TAMS 0x000000008436f000, 0x0000000084300000| Updating 
|  68|0x0000000084400000, 0x0000000084400000, 0x0000000084500000|  0%| F|  |TAMS 0x0000000084400000, 0x0000000084400000| Untracked 
|  69|0x0000000084500000, 0x0000000084500000, 0x0000000084600000|  0%| F|  |TAMS 0x0000000084500000, 0x0000000084500000| Untracked 
|  70|0x0000000084600000, 0x0000000084600000, 0x0000000084700000|  0%| F|  |TAMS 0x0000000084600000, 0x0000000084600000| Untracked 
|  71|0x0000000084700000, 0x0000000084700000, 0x0000000084800000|  0%| F|  |TAMS 0x0000000084700000, 0x0000000084700000| Untracked 
|  72|0x0000000084800000, 0x0000000084800000, 0x0000000084900000|  0%| F|  |TAMS 0x0000000084800000, 0x0000000084800000| Untracked 
|  73|0x0000000084900000, 0x0000000084900000, 0x0000000084a00000|  0%| F|  |TAMS 0x0000000084900000, 0x0000000084900000| Untracked 
|  74|0x0000000084a00000, 0x0000000084a00000, 0x0000000084b00000|  0%| F|  |TAMS 0x0000000084a00000, 0x0000000084a00000| Untracked 
|  75|0x0000000084b00000, 0x0000000084b00000, 0x0000000084c00000|  0%| F|  |TAMS 0x0000000084b00000, 0x0000000084b00000| Untracked 
|  76|0x0000000084c00000, 0x0000000084c00000, 0x0000000084d00000|  0%| F|  |TAMS 0x0000000084c00000, 0x0000000084c00000| Untracked 
|  77|0x0000000084d00000, 0x0000000084d00000, 0x0000000084e00000|  0%| F|  |TAMS 0x0000000084d00000, 0x0000000084d00000| Untracked 
|  78|0x0000000084e00000, 0x0000000084e00000, 0x0000000084f00000|  0%| F|  |TAMS 0x0000000084e00000, 0x0000000084e00000| Untracked 
|  79|0x0000000084f00000, 0x0000000084f00000, 0x0000000085000000|  0%| F|  |TAMS 0x0000000084f00000, 0x0000000084f00000| Untracked 
|  80|0x0000000085000000, 0x0000000085000000, 0x0000000085100000|  0%| F|  |TAMS 0x0000000085000000, 0x0000000085000000| Untracked 
|  81|0x0000000085100000, 0x0000000085100000, 0x0000000085200000|  0%| F|  |TAMS 0x0000000085100000, 0x0000000085100000| Untracked 
|  82|0x0000000085200000, 0x0000000085200000, 0x0000000085300000|  0%| F|  |TAMS 0x0000000085200000, 0x0000000085200000| Untracked 
|  83|0x0000000085300000, 0x0000000085300000, 0x0000000085400000|  0%| F|  |TAMS 0x0000000085300000, 0x0000000085300000| Untracked 
|  84|0x0000000085400000, 0x0000000085400000, 0x0000000085500000|  0%| F|  |TAMS 0x0000000085400000, 0x0000000085400000| Untracked 
|  85|0x0000000085500000, 0x0000000085500000, 0x0000000085600000|  0%| F|  |TAMS 0x0000000085500000, 0x0000000085500000| Untracked 
|  86|0x0000000085600000, 0x0000000085600000, 0x0000000085700000|  0%| F|  |TAMS 0x0000000085600000, 0x0000000085600000| Untracked 
|  87|0x0000000085700000, 0x0000000085700000, 0x0000000085800000|  0%| F|  |TAMS 0x0000000085700000, 0x0000000085700000| Untracked 
|  88|0x0000000085800000, 0x0000000085800000, 0x0000000085900000|  0%| F|  |TAMS 0x0000000085800000, 0x0000000085800000| Untracked 
|  89|0x0000000085900000, 0x000000008593c840, 0x0000000085a00000| 23%| S|CS|TAMS 0x0000000085900000, 0x0000000085900000| Complete 
|  90|0x0000000085a00000, 0x0000000085b00000, 0x0000000085b00000|100%| S|CS|TAMS 0x0000000085a00000, 0x0000000085a00000| Complete 
|  91|0x0000000085b00000, 0x0000000085c00000, 0x0000000085c00000|100%| S|CS|TAMS 0x0000000085b00000, 0x0000000085b00000| Complete 
|  92|0x0000000085c00000, 0x0000000085c00000, 0x0000000085d00000|  0%| F|  |TAMS 0x0000000085c00000, 0x0000000085c00000| Untracked 
|  93|0x0000000085d00000, 0x0000000085d00000, 0x0000000085e00000|  0%| F|  |TAMS 0x0000000085d00000, 0x0000000085d00000| Untracked 
|  94|0x0000000085e00000, 0x0000000085e00000, 0x0000000085f00000|  0%| F|  |TAMS 0x0000000085e00000, 0x0000000085e00000| Untracked 
|  95|0x0000000085f00000, 0x0000000085f00000, 0x0000000086000000|  0%| F|  |TAMS 0x0000000085f00000, 0x0000000085f00000| Untracked 
|  96|0x0000000086000000, 0x0000000086000000, 0x0000000086100000|  0%| F|  |TAMS 0x0000000086000000, 0x0000000086000000| Untracked 
|  97|0x0000000086100000, 0x0000000086100000, 0x0000000086200000|  0%| F|  |TAMS 0x0000000086100000, 0x0000000086100000| Untracked 
|  98|0x0000000086200000, 0x0000000086200000, 0x0000000086300000|  0%| F|  |TAMS 0x0000000086200000, 0x0000000086200000| Untracked 
|  99|0x0000000086300000, 0x0000000086300000, 0x0000000086400000|  0%| F|  |TAMS 0x0000000086300000, 0x0000000086300000| Untracked 
| 100|0x0000000086400000, 0x0000000086400000, 0x0000000086500000|  0%| F|  |TAMS 0x0000000086400000, 0x0000000086400000| Untracked 
| 101|0x0000000086500000, 0x0000000086500000, 0x0000000086600000|  0%| F|  |TAMS 0x0000000086500000, 0x0000000086500000| Untracked 
| 102|0x0000000086600000, 0x0000000086600000, 0x0000000086700000|  0%| F|  |TAMS 0x0000000086600000, 0x0000000086600000| Untracked 
| 103|0x0000000086700000, 0x0000000086700000, 0x0000000086800000|  0%| F|  |TAMS 0x0000000086700000, 0x0000000086700000| Untracked 
| 104|0x0000000086800000, 0x0000000086800000, 0x0000000086900000|  0%| F|  |TAMS 0x0000000086800000, 0x0000000086800000| Untracked 
| 105|0x0000000086900000, 0x0000000086900000, 0x0000000086a00000|  0%| F|  |TAMS 0x0000000086900000, 0x0000000086900000| Untracked 
| 106|0x0000000086a00000, 0x0000000086a00000, 0x0000000086b00000|  0%| F|  |TAMS 0x0000000086a00000, 0x0000000086a00000| Untracked 
| 107|0x0000000086b00000, 0x0000000086b00000, 0x0000000086c00000|  0%| F|  |TAMS 0x0000000086b00000, 0x0000000086b00000| Untracked 
| 108|0x0000000086c00000, 0x0000000086c00000, 0x0000000086d00000|  0%| F|  |TAMS 0x0000000086c00000, 0x0000000086c00000| Untracked 
| 109|0x0000000086d00000, 0x0000000086d00000, 0x0000000086e00000|  0%| F|  |TAMS 0x0000000086d00000, 0x0000000086d00000| Untracked 
| 110|0x0000000086e00000, 0x0000000086e00000, 0x0000000086f00000|  0%| F|  |TAMS 0x0000000086e00000, 0x0000000086e00000| Untracked 
| 111|0x0000000086f00000, 0x0000000086f00000, 0x0000000087000000|  0%| F|  |TAMS 0x0000000086f00000, 0x0000000086f00000| Untracked 
| 112|0x0000000087000000, 0x0000000087000000, 0x0000000087100000|  0%| F|  |TAMS 0x0000000087000000, 0x0000000087000000| Untracked 
| 113|0x0000000087100000, 0x0000000087100000, 0x0000000087200000|  0%| F|  |TAMS 0x0000000087100000, 0x0000000087100000| Untracked 
| 114|0x0000000087200000, 0x0000000087200000, 0x0000000087300000|  0%| F|  |TAMS 0x0000000087200000, 0x0000000087200000| Untracked 
| 115|0x0000000087300000, 0x0000000087300000, 0x0000000087400000|  0%| F|  |TAMS 0x0000000087300000, 0x0000000087300000| Untracked 
| 116|0x0000000087400000, 0x0000000087400000, 0x0000000087500000|  0%| F|  |TAMS 0x0000000087400000, 0x0000000087400000| Untracked 
| 117|0x0000000087500000, 0x00000000875c0aa0, 0x0000000087600000| 75%| E|  |TAMS 0x0000000087500000, 0x0000000087500000| Complete 
| 118|0x0000000087600000, 0x0000000087700000, 0x0000000087700000|100%| E|CS|TAMS 0x0000000087600000, 0x0000000087600000| Complete 
| 119|0x0000000087700000, 0x0000000087800000, 0x0000000087800000|100%| E|CS|TAMS 0x0000000087700000, 0x0000000087700000| Complete 
| 120|0x0000000087800000, 0x0000000087900000, 0x0000000087900000|100%| E|CS|TAMS 0x0000000087800000, 0x0000000087800000| Complete 
| 121|0x0000000087900000, 0x0000000087a00000, 0x0000000087a00000|100%| E|CS|TAMS 0x0000000087900000, 0x0000000087900000| Complete 
| 122|0x0000000087a00000, 0x0000000087b00000, 0x0000000087b00000|100%| E|CS|TAMS 0x0000000087a00000, 0x0000000087a00000| Complete 
| 123|0x0000000087b00000, 0x0000000087c00000, 0x0000000087c00000|100%| E|CS|TAMS 0x0000000087b00000, 0x0000000087b00000| Complete 
| 124|0x0000000087c00000, 0x0000000087d00000, 0x0000000087d00000|100%| E|CS|TAMS 0x0000000087c00000, 0x0000000087c00000| Complete 
| 125|0x0000000087d00000, 0x0000000087e00000, 0x0000000087e00000|100%| E|CS|TAMS 0x0000000087d00000, 0x0000000087d00000| Complete 
| 126|0x0000000087e00000, 0x0000000087f00000, 0x0000000087f00000|100%| E|CS|TAMS 0x0000000087e00000, 0x0000000087e00000| Complete 
| 127|0x0000000087f00000, 0x0000000088000000, 0x0000000088000000|100%| E|CS|TAMS 0x0000000087f00000, 0x0000000087f00000| Complete 

Card table byte_map: [0x0000018c75200000,0x0000018c75600000] _byte_map_base: 0x0000018c74e00000

Marking Bits (Prev, Next): (CMBitMap*) 0x0000018c6202eb18, (CMBitMap*) 0x0000018c6202eb50
 Prev Bits: [0x0000018c75a00000, 0x0000018c77a00000)
 Next Bits: [0x0000018c77a00000, 0x0000018c79a00000)

Polling page: 0x0000018c5fea0000

Metaspace:

Usage:
  Non-class:     55.75 MB capacity,    54.66 MB ( 98%) used,   950.41 KB (  2%) free+waste,   164.06 KB ( <1%) overhead. 
      Class:      8.41 MB capacity,     7.86 MB ( 93%) used,   485.16 KB (  6%) free+waste,    76.44 KB ( <1%) overhead. 
       Both:     64.16 MB capacity,    62.52 MB ( 97%) used,     1.40 MB (  2%) free+waste,   240.50 KB ( <1%) overhead. 

Virtual space:
  Non-class space:       56.00 MB reserved,      56.00 MB (100%) committed 
      Class space:        1.00 GB reserved,       8.50 MB ( <1%) committed 
             Both:        1.05 GB reserved,      64.50 MB (  6%) committed 

Chunk freelists:
   Non-Class:  65.00 KB
       Class:  18.00 KB
        Both:  83.00 KB

MaxMetaspaceSize: 17179869184.00 GB
CompressedClassSpaceSize: 1.00 GB

CodeHeap 'non-profiled nmethods': size=120000Kb used=4772Kb max_used=4772Kb free=115227Kb
 bounds [0x0000018c6d5a0000, 0x0000018c6da50000, 0x0000018c74ad0000]
CodeHeap 'profiled nmethods': size=120000Kb used=17568Kb max_used=17568Kb free=102431Kb
 bounds [0x0000018c66070000, 0x0000018c671a0000, 0x0000018c6d5a0000]
CodeHeap 'non-nmethods': size=5760Kb used=2268Kb max_used=2321Kb free=3491Kb
 bounds [0x0000018c65ad0000, 0x0000018c65d40000, 0x0000018c66070000]
 total_blobs=8913 nmethods=8046 adapters=776
 compilation: enabled
              stopped_count=0, restarted_count=0
 full_count=0

Compilation events (20 events):
Event: 90.810 Thread 0x0000018c7ce12000 8207       2       org.gradle.internal.snapshot.VfsRelativePath::isPrefixOf (105 bytes)
Event: 90.812 Thread 0x0000018c7ce12000 nmethod 8207 0x0000018c67192c10 code [0x0000018c67192e60, 0x0000018c67193688]
Event: 90.815 Thread 0x0000018c7ce12000 8208       2       org.gradle.internal.vfs.impl.AbstractVirtualFileSystem::getSnapshot (14 bytes)
Event: 90.815 Thread 0x0000018c7ce12000 nmethod 8208 0x0000018c67193d10 code [0x0000018c67193ec0, 0x0000018c67193fe8]
Event: 90.815 Thread 0x0000018c7ce12000 8209       2       org.gradle.internal.snapshot.SnapshotHierarchy::getSnapshot (38 bytes)
Event: 90.817 Thread 0x0000018c7ce12000 nmethod 8209 0x0000018c67194110 code [0x0000018c67194340, 0x0000018c671949f8]
Event: 90.817 Thread 0x0000018c7ce12000 8210       2       org.gradle.internal.snapshot.SnapshotHierarchy$$Lambda$169/0x0000000100319040::get$Lambda (9 bytes)
Event: 90.817 Thread 0x0000018c7ce12000 nmethod 8210 0x0000018c67194d10 code [0x0000018c67194ec0, 0x0000018c67195038]
Event: 90.817 Thread 0x0000018c7ce12000 8211       2       org.gradle.internal.snapshot.SnapshotHierarchy$$Lambda$169/0x0000000100319040::<init> (10 bytes)
Event: 90.817 Thread 0x0000018c7ce12000 nmethod 8211 0x0000018c67195110 code [0x0000018c671952c0, 0x0000018c671953f8]
Event: 90.817 Thread 0x0000018c7ce12000 8212       2       java.util.Optional::filter (35 bytes)
Event: 90.817 Thread 0x0000018c7ce12000 nmethod 8212 0x0000018c67195490 code [0x0000018c67195660, 0x0000018c67195878]
Event: 90.817 Thread 0x0000018c7ce12000 8213       2       org.gradle.internal.snapshot.SnapshotHierarchy$$Lambda$170/0x0000000100319440::get$Lambda (9 bytes)
Event: 90.818 Thread 0x0000018c7ce12000 nmethod 8213 0x0000018c67195990 code [0x0000018c67195b40, 0x0000018c67195cb8]
Event: 90.880 Thread 0x0000018c7ce12000 8217       2       org.objectweb.asm.MethodWriter::visitSwitchInsn (174 bytes)
Event: 90.881 Thread 0x0000018c7ce12000 nmethod 8217 0x0000018c67195d90 code [0x0000018c67195fc0, 0x0000018c671968d8]
Event: 90.884 Thread 0x0000018c7ce12000 8219       2       org.objectweb.asm.SymbolTable::addConstantLongOrDouble (109 bytes)
Event: 90.884 Thread 0x0000018c7ce12000 nmethod 8219 0x0000018c67196c90 code [0x0000018c67196e80, 0x0000018c671971f8]
Event: 90.885 Thread 0x0000018c7ce12000 8220 %     3       org.objectweb.asm.Type::hashCode @ 41 (68 bytes)
Event: 90.886 Thread 0x0000018c7ce12000 nmethod 8220% 0x0000018c67197490 code [0x0000018c671976c0, 0x0000018c67197ed8]

GC Heap History (20 events):
Event: 72.723 GC heap before
{Heap before GC invocations=18 (full 0):
 garbage-first heap   total 131072K, used 108289K [0x0000000080000000, 0x0000000100000000)
  region size 1024K, 45 young (46080K), 2 survivors (2048K)
 Metaspace       used 63603K, capacity 65276K, committed 65536K, reserved 1105920K
  class space    used 8048K, capacity 8624K, committed 8704K, reserved 1048576K
}
Event: 72.726 GC heap after
{Heap after GC invocations=19 (full 0):
 garbage-first heap   total 131072K, used 65200K [0x0000000080000000, 0x0000000100000000)
  region size 1024K, 2 young (2048K), 2 survivors (2048K)
 Metaspace       used 63603K, capacity 65276K, committed 65536K, reserved 1105920K
  class space    used 8048K, capacity 8624K, committed 8704K, reserved 1048576K
}
Event: 87.812 GC heap before
{Heap before GC invocations=19 (full 0):
 garbage-first heap   total 131072K, used 97968K [0x0000000080000000, 0x0000000100000000)
  region size 1024K, 36 young (36864K), 2 survivors (2048K)
 Metaspace       used 63632K, capacity 65276K, committed 65536K, reserved 1105920K
  class space    used 8049K, capacity 8624K, committed 8704K, reserved 1048576K
}
Event: 87.815 GC heap after
{Heap after GC invocations=20 (full 0):
 garbage-first heap   total 131072K, used 65153K [0x0000000080000000, 0x0000000100000000)
  region size 1024K, 2 young (2048K), 2 survivors (2048K)
 Metaspace       used 63632K, capacity 65276K, committed 65536K, reserved 1105920K
  class space    used 8049K, capacity 8624K, committed 8704K, reserved 1048576K
}
Event: 88.340 GC heap before
{Heap before GC invocations=21 (full 0):
 garbage-first heap   total 131072K, used 108161K [0x0000000080000000, 0x0000000100000000)
  region size 1024K, 44 young (45056K), 2 survivors (2048K)
 Metaspace       used 63932K, capacity 65587K, committed 65792K, reserved 1105920K
  class space    used 8051K, capacity 8620K, committed 8704K, reserved 1048576K
}
Event: 88.343 GC heap after
{Heap after GC invocations=22 (full 0):
 garbage-first heap   total 131072K, used 66579K [0x0000000080000000, 0x0000000100000000)
  region size 1024K, 3 young (3072K), 3 survivors (3072K)
 Metaspace       used 63932K, capacity 65587K, committed 65792K, reserved 1105920K
  class space    used 8051K, capacity 8620K, committed 8704K, reserved 1048576K
}
Event: 88.788 GC heap before
{Heap before GC invocations=22 (full 0):
 garbage-first heap   total 131072K, used 107539K [0x0000000080000000, 0x0000000100000000)
  region size 1024K, 44 young (45056K), 3 survivors (3072K)
 Metaspace       used 63934K, capacity 65587K, committed 65792K, reserved 1105920K
  class space    used 8051K, capacity 8620K, committed 8704K, reserved 1048576K
}
Event: 88.792 GC heap after
{Heap after GC invocations=23 (full 0):
 garbage-first heap   total 131072K, used 66733K [0x0000000080000000, 0x0000000100000000)
  region size 1024K, 3 young (3072K), 3 survivors (3072K)
 Metaspace       used 63934K, capacity 65587K, committed 65792K, reserved 1105920K
  class space    used 8051K, capacity 8620K, committed 8704K, reserved 1048576K
}
Event: 89.888 GC heap before
{Heap before GC invocations=24 (full 0):
 garbage-first heap   total 131072K, used 108717K [0x0000000080000000, 0x0000000100000000)
  region size 1024K, 45 young (46080K), 3 survivors (3072K)
 Metaspace       used 63936K, capacity 65587K, committed 65792K, reserved 1105920K
  class space    used 8051K, capacity 8620K, committed 8704K, reserved 1048576K
}
Event: 89.892 GC heap after
{Heap after GC invocations=25 (full 0):
 garbage-first heap   total 131072K, used 67000K [0x0000000080000000, 0x0000000100000000)
  region size 1024K, 3 young (3072K), 3 survivors (3072K)
 Metaspace       used 63936K, capacity 65587K, committed 65792K, reserved 1105920K
  class space    used 8051K, capacity 8620K, committed 8704K, reserved 1048576K
}
Event: 90.028 GC heap before
{Heap before GC invocations=26 (full 0):
 garbage-first heap   total 131072K, used 83384K [0x0000000080000000, 0x0000000100000000)
  region size 1024K, 17 young (17408K), 3 survivors (3072K)
 Metaspace       used 63936K, capacity 65587K, committed 65792K, reserved 1105920K
  class space    used 8051K, capacity 8620K, committed 8704K, reserved 1048576K
}
Event: 90.032 GC heap after
{Heap after GC invocations=27 (full 0):
 garbage-first heap   total 131072K, used 66988K [0x0000000080000000, 0x0000000100000000)
  region size 1024K, 3 young (3072K), 3 survivors (3072K)
 Metaspace       used 63936K, capacity 65587K, committed 65792K, reserved 1105920K
  class space    used 8051K, capacity 8620K, committed 8704K, reserved 1048576K
}
Event: 90.316 GC heap before
{Heap before GC invocations=28 (full 0):
 garbage-first heap   total 131072K, used 106924K [0x0000000080000000, 0x0000000100000000)
  region size 1024K, 39 young (39936K), 3 survivors (3072K)
 Metaspace       used 63980K, capacity 65587K, committed 65792K, reserved 1105920K
  class space    used 8052K, capacity 8620K, committed 8704K, reserved 1048576K
}
Event: 90.319 GC heap after
{Heap after GC invocations=29 (full 0):
 garbage-first heap   total 131072K, used 70769K [0x0000000080000000, 0x0000000100000000)
  region size 1024K, 4 young (4096K), 4 survivors (4096K)
 Metaspace       used 63980K, capacity 65587K, committed 65792K, reserved 1105920K
  class space    used 8052K, capacity 8620K, committed 8704K, reserved 1048576K
}
Event: 90.508 GC heap before
{Heap before GC invocations=29 (full 0):
 garbage-first heap   total 131072K, used 105585K [0x0000000080000000, 0x0000000100000000)
  region size 1024K, 39 young (39936K), 4 survivors (4096K)
 Metaspace       used 63996K, capacity 65653K, committed 65792K, reserved 1105920K
  class space    used 8052K, capacity 8620K, committed 8704K, reserved 1048576K
}
Event: 90.513 GC heap after
{Heap after GC invocations=30 (full 0):
 garbage-first heap   total 131072K, used 71303K [0x0000000080000000, 0x0000000100000000)
  region size 1024K, 3 young (3072K), 3 survivors (3072K)
 Metaspace       used 63996K, capacity 65653K, committed 65792K, reserved 1105920K
  class space    used 8052K, capacity 8620K, committed 8704K, reserved 1048576K
}
Event: 90.768 GC heap before
{Heap before GC invocations=31 (full 0):
 garbage-first heap   total 131072K, used 106119K [0x0000000080000000, 0x0000000100000000)
  region size 1024K, 39 young (39936K), 3 survivors (3072K)
 Metaspace       used 64024K, capacity 65653K, committed 65792K, reserved 1105920K
  class space    used 8055K, capacity 8620K, committed 8704K, reserved 1048576K
}
Event: 90.770 GC heap after
{Heap after GC invocations=32 (full 0):
 garbage-first heap   total 131072K, used 71469K [0x0000000080000000, 0x0000000100000000)
  region size 1024K, 3 young (3072K), 3 survivors (3072K)
 Metaspace       used 64024K, capacity 65653K, committed 65792K, reserved 1105920K
  class space    used 8055K, capacity 8620K, committed 8704K, reserved 1048576K
}
Event: 90.910 GC heap before
{Heap before GC invocations=32 (full 0):
 garbage-first heap   total 131072K, used 107309K [0x0000000080000000, 0x0000000100000000)
  region size 1024K, 39 young (39936K), 3 survivors (3072K)
 Metaspace       used 64035K, capacity 65719K, committed 66048K, reserved 1105920K
  class space    used 8055K, capacity 8620K, committed 8704K, reserved 1048576K
}
Event: 90.913 GC heap after
{Heap after GC invocations=33 (full 0):
 garbage-first heap   total 131072K, used 71342K [0x0000000080000000, 0x0000000100000000)
  region size 1024K, 3 young (3072K), 3 survivors (3072K)
 Metaspace       used 64035K, capacity 65719K, committed 66048K, reserved 1105920K
  class space    used 8055K, capacity 8620K, committed 8704K, reserved 1048576K
}

Deoptimization events (20 events):
Event: 90.652 Thread 0x0000018c7c477000 Uncommon trap: trap_request=0xffffff4d fr.pc=0x0000018c6d997cbc relative=0x0000000000002c5c
Event: 90.652 Thread 0x0000018c7c477000 Uncommon trap: reason=unstable_if action=reinterpret pc=0x0000018c6d997cbc method=com.sun.crypto.provider.GaloisCounterMode.decryptFinal([BII[BI)I @ 5 c2
Event: 90.652 Thread 0x0000018c7c477000 DEOPT PACKING pc=0x0000018c6d997cbc sp=0x00000084877fe790
Event: 90.652 Thread 0x0000018c7c477000 DEOPT UNPACKING pc=0x0000018c65af78af sp=0x00000084877fe780 mode 2
Event: 90.658 Thread 0x0000018c7c477000 Uncommon trap: trap_request=0xffffff4d fr.pc=0x0000018c6d876a70 relative=0x0000000000000670
Event: 90.658 Thread 0x0000018c7c477000 Uncommon trap: reason=unstable_if action=reinterpret pc=0x0000018c6d876a70 method=java.util.HashMap$HashIterator.<init>(Ljava/util/HashMap;)V @ 45 c2
Event: 90.658 Thread 0x0000018c7c477000 DEOPT PACKING pc=0x0000018c6d876a70 sp=0x00000084877feca0
Event: 90.658 Thread 0x0000018c7c477000 DEOPT UNPACKING pc=0x0000018c65af78af sp=0x00000084877feb30 mode 2
Event: 90.665 Thread 0x0000018c7c477000 Uncommon trap: trap_request=0xffffff4d fr.pc=0x0000018c6d877360 relative=0x0000000000000340
Event: 90.665 Thread 0x0000018c7c477000 Uncommon trap: reason=unstable_if action=reinterpret pc=0x0000018c6d877360 method=java.util.HashMap$HashIterator.<init>(Ljava/util/HashMap;)V @ 45 c2
Event: 90.665 Thread 0x0000018c7c477000 DEOPT PACKING pc=0x0000018c6d877360 sp=0x00000084877fec50
Event: 90.665 Thread 0x0000018c7c477000 DEOPT UNPACKING pc=0x0000018c65af78af sp=0x00000084877fec08 mode 2
Event: 90.790 Thread 0x0000018c7f4a9000 Uncommon trap: trap_request=0xffffff4d fr.pc=0x0000018c6da2c4a0 relative=0x0000000000002300
Event: 90.790 Thread 0x0000018c7f4a9000 Uncommon trap: reason=unstable_if action=reinterpret pc=0x0000018c6da2c4a0 method=org.objectweb.asm.ClassReader.readElementValue(Lorg/objectweb/asm/AnnotationVisitor;ILjava/lang/String;[C)I @ 102 c2
Event: 90.790 Thread 0x0000018c7f4a9000 DEOPT PACKING pc=0x0000018c6da2c4a0 sp=0x0000008489bfe260
Event: 90.790 Thread 0x0000018c7f4a9000 DEOPT UNPACKING pc=0x0000018c65af78af sp=0x0000008489bfe200 mode 2
Event: 90.790 Thread 0x0000018c7f4a9000 Uncommon trap: trap_request=0xffffff4d fr.pc=0x0000018c6da352ac relative=0x000000000000164c
Event: 90.790 Thread 0x0000018c7f4a9000 Uncommon trap: reason=unstable_if action=reinterpret pc=0x0000018c6da352ac method=org.objectweb.asm.AnnotationWriter.visit(Ljava/lang/String;Ljava/lang/Object;)V @ 226 c2
Event: 90.790 Thread 0x0000018c7f4a9000 DEOPT PACKING pc=0x0000018c6da352ac sp=0x0000008489bfe150
Event: 90.790 Thread 0x0000018c7f4a9000 DEOPT UNPACKING pc=0x0000018c65af78af sp=0x0000008489bfe150 mode 2

Classes redefined (0 events):
No events

Internal exceptions (20 events):
Event: 90.309 Thread 0x0000018c7f4a8000 Exception <a 'sun/nio/fs/WindowsException'{0x0000000085a52c58}> (0x0000000085a52c58) thrown at [./src/hotspot/share/prims/jni.cpp, line 615]
Event: 90.313 Thread 0x0000018c7f4a8000 Exception <a 'sun/nio/fs/WindowsException'{0x0000000085a52e68}> (0x0000000085a52e68) thrown at [./src/hotspot/share/prims/jni.cpp, line 615]
Event: 90.401 Thread 0x0000018c7f4a9000 Exception <a 'sun/nio/fs/WindowsException'{0x00000000872f38a8}> (0x00000000872f38a8) thrown at [./src/hotspot/share/prims/jni.cpp, line 615]
Event: 90.419 Thread 0x0000018c7f4a9000 Exception <a 'sun/nio/fs/WindowsException'{0x00000000872f3ad0}> (0x00000000872f3ad0) thrown at [./src/hotspot/share/prims/jni.cpp, line 615]
Event: 90.420 Thread 0x0000018c7f4a7800 Exception <a 'sun/nio/fs/WindowsException'{0x0000000087f8a1b8}> (0x0000000087f8a1b8) thrown at [./src/hotspot/share/prims/jni.cpp, line 615]
Event: 90.432 Thread 0x0000018c7f4a8000 Exception <a 'sun/nio/fs/WindowsException'{0x00000000870fe1d8}> (0x00000000870fe1d8) thrown at [./src/hotspot/share/prims/jni.cpp, line 615]
Event: 90.435 Thread 0x0000018c7f4a7800 Exception <a 'sun/nio/fs/WindowsException'{0x0000000086ff13d8}> (0x0000000086ff13d8) thrown at [./src/hotspot/share/prims/jni.cpp, line 615]
Event: 90.435 Thread 0x0000018c7f4a7800 Exception <a 'sun/nio/fs/WindowsException'{0x0000000086ff1590}> (0x0000000086ff1590) thrown at [./src/hotspot/share/prims/jni.cpp, line 615]
Event: 90.466 Thread 0x0000018c7f4aa000 Exception <a 'sun/nio/fs/WindowsException'{0x000000008692ded0}> (0x000000008692ded0) thrown at [./src/hotspot/share/prims/jni.cpp, line 615]
Event: 90.467 Thread 0x0000018c7eddc800 Exception <a 'sun/nio/fs/WindowsException'{0x0000000086ded960}> (0x0000000086ded960) thrown at [./src/hotspot/share/prims/jni.cpp, line 615]
Event: 90.469 Thread 0x0000018c7f4a7800 Exception <a 'sun/nio/fs/WindowsException'{0x0000000086940170}> (0x0000000086940170) thrown at [./src/hotspot/share/prims/jni.cpp, line 615]
Event: 90.493 Thread 0x0000018c7f4aa000 Exception <a 'sun/nio/fs/WindowsException'{0x00000000862c3430}> (0x00000000862c3430) thrown at [./src/hotspot/share/prims/jni.cpp, line 615]
Event: 90.501 Thread 0x0000018c7f4aa000 Exception <a 'sun/nio/fs/WindowsException'{0x00000000862c35f8}> (0x00000000862c35f8) thrown at [./src/hotspot/share/prims/jni.cpp, line 615]
Event: 90.501 Thread 0x0000018c7f4ad000 Exception <a 'sun/nio/fs/WindowsException'{0x000000008612a048}> (0x000000008612a048) thrown at [./src/hotspot/share/prims/jni.cpp, line 615]
Event: 90.698 Thread 0x0000018c7f4a7800 Exception <a 'sun/nio/fs/WindowsException'{0x00000000874885b0}> (0x00000000874885b0) thrown at [./src/hotspot/share/prims/jni.cpp, line 615]
Event: 90.700 Thread 0x0000018c7f4a7800 Exception <a 'sun/nio/fs/WindowsException'{0x0000000087488780}> (0x0000000087488780) thrown at [./src/hotspot/share/prims/jni.cpp, line 615]
Event: 90.788 Thread 0x0000018c7f4a9000 Exception <a 'sun/nio/fs/WindowsException'{0x0000000087dceb78}> (0x0000000087dceb78) thrown at [./src/hotspot/share/prims/jni.cpp, line 615]
Event: 90.860 Thread 0x0000018c7eddc800 Exception <a 'sun/nio/fs/WindowsException'{0x0000000086afe698}> (0x0000000086afe698) thrown at [./src/hotspot/share/prims/jni.cpp, line 615]
Event: 90.891 Thread 0x0000018c7eddc800 Exception <a 'sun/nio/fs/WindowsException'{0x0000000086afe868}> (0x0000000086afe868) thrown at [./src/hotspot/share/prims/jni.cpp, line 615]
Event: 90.895 Thread 0x0000018c7f4a9000 Exception <a 'sun/nio/fs/WindowsException'{0x00000000865a1308}> (0x00000000865a1308) thrown at [./src/hotspot/share/prims/jni.cpp, line 615]

Events (20 events):
Event: 90.670 Executing VM operation: RevokeBias
Event: 90.670 Executing VM operation: RevokeBias done
Event: 90.670 Executing VM operation: RevokeBias
Event: 90.670 Executing VM operation: RevokeBias done
Event: 90.670 Executing VM operation: RevokeBias
Event: 90.670 Executing VM operation: RevokeBias done
Event: 90.671 Executing VM operation: RevokeBias
Event: 90.671 Executing VM operation: RevokeBias done
Event: 90.671 Executing VM operation: RevokeBias
Event: 90.671 Executing VM operation: RevokeBias done
Event: 90.671 Executing VM operation: RevokeBias
Event: 90.671 Executing VM operation: RevokeBias done
Event: 90.671 Executing VM operation: RevokeBias
Event: 90.671 Executing VM operation: RevokeBias done
Event: 90.766 Executing VM operation: G1CollectForAllocation
Event: 90.767 Executing VM operation: G1CollectForAllocation done
Event: 90.768 Executing VM operation: G1CollectForAllocation
Event: 90.770 Executing VM operation: G1CollectForAllocation done
Event: 90.910 Executing VM operation: G1CollectForAllocation
Event: 90.913 Executing VM operation: G1CollectForAllocation done


Dynamic libraries:
0x00007ff6e9480000 - 0x00007ff6e948a000 	C:\Program Files\Android\Android Studio\jre\bin\java.exe
0x00007ffcdaf90000 - 0x00007ffcdb17d000 	C:\Windows\SYSTEM32\ntdll.dll
0x00007ffcdad70000 - 0x00007ffcdae23000 	C:\Windows\System32\KERNEL32.DLL
0x00007ffcd7a50000 - 0x00007ffcd7ce5000 	C:\Windows\System32\KERNELBASE.dll
0x00007ffcd7ea0000 - 0x00007ffcd7f9a000 	C:\Windows\System32\ucrtbase.dll
0x00007ffccadb0000 - 0x00007ffccadc9000 	C:\Program Files\Android\Android Studio\jre\bin\jli.dll
0x00007ffcc45e0000 - 0x00007ffcc45f7000 	C:\Program Files\Android\Android Studio\jre\bin\VCRUNTIME140.dll
0x00007ffcd9bf0000 - 0x00007ffcd9d87000 	C:\Windows\System32\USER32.dll
0x00007ffcd79c0000 - 0x00007ffcd79e0000 	C:\Windows\System32\win32u.dll
0x00007ffcd9d90000 - 0x00007ffcd9db9000 	C:\Windows\System32\GDI32.dll
0x00007ffcd70c0000 - 0x00007ffcd725c000 	C:\Windows\System32\gdi32full.dll
0x00007ffcd7cf0000 - 0x00007ffcd7d90000 	C:\Windows\System32\msvcp_win.dll
0x00007ffcc6ef0000 - 0x00007ffcc7169000 	C:\Windows\WinSxS\amd64_microsoft.windows.common-controls_6595b64144ccf1df_6.0.17763.1577_none_de7444545348a3d0\COMCTL32.dll
0x00007ffcdac20000 - 0x00007ffcdacbe000 	C:\Windows\System32\msvcrt.dll
0x00007ffcda280000 - 0x00007ffcda5ad000 	C:\Windows\System32\combase.dll
0x00007ffcdae30000 - 0x00007ffcdaf52000 	C:\Windows\System32\RPCRT4.dll
0x00007ffcd7040000 - 0x00007ffcd70be000 	C:\Windows\System32\bcryptPrimitives.dll
0x00007ffcd9f80000 - 0x00007ffcd9fae000 	C:\Windows\System32\IMM32.DLL
0x00007ffca9c00000 - 0x00007ffca9c9d000 	C:\Program Files\Android\Android Studio\jre\bin\msvcp140.dll
0x00007ffc9cdd0000 - 0x00007ffc9d89f000 	C:\Program Files\Android\Android Studio\jre\bin\server\jvm.dll
0x00007ffcdacc0000 - 0x00007ffcdad63000 	C:\Windows\System32\ADVAPI32.dll
0x00007ffcda1e0000 - 0x00007ffcda27e000 	C:\Windows\System32\sechost.dll
0x00007ffcd9b80000 - 0x00007ffcd9b88000 	C:\Windows\System32\PSAPI.DLL
0x00007ffcc6060000 - 0x00007ffcc6069000 	C:\Windows\SYSTEM32\WSOCK32.dll
0x00007ffcd9fb0000 - 0x00007ffcda01d000 	C:\Windows\System32\WS2_32.dll
0x00007ffcd4fa0000 - 0x00007ffcd4fc4000 	C:\Windows\SYSTEM32\WINMM.dll
0x00007ffcd2090000 - 0x00007ffcd209a000 	C:\Windows\SYSTEM32\VERSION.dll
0x00007ffcd4f20000 - 0x00007ffcd4f4d000 	C:\Windows\SYSTEM32\WINMMBASE.dll
0x00007ffcd79e0000 - 0x00007ffcd7a2a000 	C:\Windows\System32\cfgmgr32.dll
0x00007ffcd6fd0000 - 0x00007ffcd6fe1000 	C:\Windows\System32\kernel.appcore.dll
0x00007ffcc9230000 - 0x00007ffcc9241000 	C:\Program Files\Android\Android Studio\jre\bin\verify.dll
0x00007ffcc72d0000 - 0x00007ffcc74bd000 	C:\Windows\SYSTEM32\DBGHELP.DLL
0x00007ffcbe8f0000 - 0x00007ffcbe91a000 	C:\Windows\SYSTEM32\dbgcore.DLL
0x00007ffcc68a0000 - 0x00007ffcc68c9000 	C:\Program Files\Android\Android Studio\jre\bin\java.dll
0x00007ffcc90c0000 - 0x00007ffcc90cb000 	C:\Program Files\Android\Android Studio\jre\bin\jimage.dll
0x00007ffcc6db0000 - 0x00007ffcc6dc8000 	C:\Program Files\Android\Android Studio\jre\bin\zip.dll
0x00007ffcd8480000 - 0x00007ffcd9979000 	C:\Windows\System32\SHELL32.dll
0x00007ffcd9ed0000 - 0x00007ffcd9f78000 	C:\Windows\System32\shcore.dll
0x00007ffcd7260000 - 0x00007ffcd79b3000 	C:\Windows\System32\windows.storage.dll
0x00007ffcd7010000 - 0x00007ffcd7034000 	C:\Windows\System32\profapi.dll
0x00007ffcd6f70000 - 0x00007ffcd6fcd000 	C:\Windows\System32\powrprof.dll
0x00007ffcd9b90000 - 0x00007ffcd9be2000 	C:\Windows\System32\shlwapi.dll
0x00007ffcd7a30000 - 0x00007ffcd7a47000 	C:\Windows\System32\cryptsp.dll
0x00007ffcc6880000 - 0x00007ffcc689a000 	C:\Program Files\Android\Android Studio\jre\bin\net.dll
0x00007ffcd1940000 - 0x00007ffcd1a34000 	C:\Windows\SYSTEM32\WINHTTP.dll
0x00007ffcd6780000 - 0x00007ffcd67e7000 	C:\Windows\system32\mswsock.dll
0x00007ffcc60b0000 - 0x00007ffcc60c4000 	C:\Program Files\Android\Android Studio\jre\bin\nio.dll
0x00007ffcae200000 - 0x00007ffcae227000 	C:\Users\Solicode\.gradle\native\8bec1ad78214c89d9ad589b4d07fe93259594b29d510b10fafb7a158f7737e5d\windows-amd64\native-platform.dll
0x00007ffca4720000 - 0x00007ffca485d000 	C:\Users\Solicode\.gradle\native\53dbd7edfb1c66fb8903c78663c9afc45aea4f116125fa6feffd364cf09443e8\windows-amd64\native-platform-file-events.dll
0x00007ffcc9000000 - 0x00007ffcc900a000 	C:\Program Files\Android\Android Studio\jre\bin\management.dll
0x00007ffcc8a30000 - 0x00007ffcc8a3c000 	C:\Program Files\Android\Android Studio\jre\bin\management_ext.dll
0x00007ffcd6300000 - 0x00007ffcd6333000 	C:\Windows\system32\rsaenh.dll
0x00007ffcd8180000 - 0x00007ffcd81a6000 	C:\Windows\System32\bcrypt.dll
0x00007ffcd6ea0000 - 0x00007ffcd6ec9000 	C:\Windows\SYSTEM32\USERENV.dll
0x00007ffcd6950000 - 0x00007ffcd695c000 	C:\Windows\SYSTEM32\CRYPTBASE.dll
0x00007ffcd64a0000 - 0x00007ffcd64dd000 	C:\Windows\SYSTEM32\IPHLPAPI.DLL
0x00007ffcd9b70000 - 0x00007ffcd9b78000 	C:\Windows\System32\NSI.dll
0x00007ffcc82e0000 - 0x00007ffcc82f6000 	C:\Windows\SYSTEM32\dhcpcsvc6.DLL
0x00007ffcc82c0000 - 0x00007ffcc82dc000 	C:\Windows\SYSTEM32\dhcpcsvc.DLL
0x00007ffcd64e0000 - 0x00007ffcd65a6000 	C:\Windows\SYSTEM32\DNSAPI.dll
0x00007ffcc47b0000 - 0x00007ffcc47d7000 	C:\Program Files\Android\Android Studio\jre\bin\sunec.dll
0x00007ffcc8060000 - 0x00007ffcc806a000 	C:\Windows\System32\rasadhlp.dll
0x00007ffcc8350000 - 0x00007ffcc83c9000 	C:\Windows\System32\fwpuclnt.dll

dbghelp: loaded successfully - version: 4.0.5 - missing functions: none
symbol engine: initialized successfully - sym options: 0x614 - pdb path: .;C:\Program Files\Android\Android Studio\jre\bin;C:\Windows\SYSTEM32;C:\Windows\WinSxS\amd64_microsoft.windows.common-controls_6595b64144ccf1df_6.0.17763.1577_none_de7444545348a3d0;C:\Program Files\Android\Android Studio\jre\bin\server;C:\Users\Solicode\.gradle\native\8bec1ad78214c89d9ad589b4d07fe93259594b29d510b10fafb7a158f7737e5d\windows-amd64;C:\Users\Solicode\.gradle\native\53dbd7edfb1c66fb8903c78663c9afc45aea4f116125fa6feffd364cf09443e8\windows-amd64

VM Arguments:
jvm_args: --add-opens=java.base/java.util=ALL-UNNAMED --add-opens=java.base/java.lang=ALL-UNNAMED --add-opens=java.base/java.lang.invoke=ALL-UNNAMED --add-opens=java.base/java.util=ALL-UNNAMED --add-opens=java.prefs/java.util.prefs=ALL-UNNAMED --add-opens=java.prefs/java.util.prefs=ALL-UNNAMED --add-opens=java.base/java.nio.charset=ALL-UNNAMED --add-opens=java.base/java.net=ALL-UNNAMED --add-opens=java.base/java.util.concurrent.atomic=ALL-UNNAMED -Xmx2048m -Dfile.encoding=UTF-8 -Duser.country=MA -Duser.language=fr -Duser.variant 
java_command: org.gradle.launcher.daemon.bootstrap.GradleDaemon 7.0.2
java_class_path (initial): C:\Users\Solicode\.gradle\wrapper\dists\gradle-7.0.2-bin\857tjihv64xamwrf0h14cai3r\gradle-7.0.2\lib\gradle-launcher-7.0.2.jar
Launcher Type: SUN_STANDARD

[Global flags]
     intx CICompilerCount                          = 4                                         {product} {ergonomic}
     uint ConcGCThreads                            = 2                                         {product} {ergonomic}
     uint G1ConcRefinementThreads                  = 8                                         {product} {ergonomic}
   size_t G1HeapRegionSize                         = 1048576                                   {product} {ergonomic}
    uintx GCDrainStackTargetSize                   = 64                                        {product} {ergonomic}
   size_t InitialHeapSize                          = 134217728                                 {product} {ergonomic}
   size_t MarkStackSize                            = 4194304                                   {product} {ergonomic}
   size_t MaxHeapSize                              = 2147483648                                {product} {command line}
   size_t MaxNewSize                               = 1287651328                                {product} {ergonomic}
   size_t MinHeapDeltaBytes                        = 1048576                                   {product} {ergonomic}
    uintx NonNMethodCodeHeapSize                   = 5836300                                {pd product} {ergonomic}
    uintx NonProfiledCodeHeapSize                  = 122910970                              {pd product} {ergonomic}
    uintx ProfiledCodeHeapSize                     = 122910970                              {pd product} {ergonomic}
    uintx ReservedCodeCacheSize                    = 251658240                              {pd product} {ergonomic}
     bool SegmentedCodeCache                       = true                                      {product} {ergonomic}
     bool UseCompressedClassPointers               = true                                 {lp64_product} {ergonomic}
     bool UseCompressedOops                        = true                                 {lp64_product} {ergonomic}
     bool UseG1GC                                  = true                                      {product} {ergonomic}
     bool UseLargePagesIndividualAllocation        = false                                  {pd product} {ergonomic}

Logging:
Log output configuration:
 #0: stdout all=warning uptime,level,tags
 #1: stderr all=off uptime,level,tags

Environment Variables:
JAVA_HOME=C:\Program Files\Java\jdk-15.0.2
PATH=C:\Program Files\Common Files\Oracle\Java\javapath;C:\Program Files (x86)\Common Files\Oracle\Java\javapath;C:\Program Files (x86)\Intel\Intel(R) Management Engine Components\iCLS\;C:\Program Files\Intel\Intel(R) Management Engine Components\iCLS\;C:\Windows\system32;C:\Windows;C:\Windows\System32\Wbem;C:\Windows\System32\WindowsPowerShell\v1.0\;C:\Windows\System32\OpenSSH\;C:\Program Files (x86)\Intel\Intel(R) Management Engine Components\DAL;C:\Program Files\Intel\Intel(R) Management Engine Components\DAL;C:\Program Files\Intel\WiFi\bin\;C:\Program Files\Common Files\Intel\WirelessCommon\;C:\Program Files\Git\cmd;C:\Program Files\nodejs\;C:\Users\Solicode\AppData\Local\Microsoft\WindowsApps;C:\Users\Solicode\AppData\Local\Programs\Microsoft VS Code\bin;C:\Users\Solicode\AppData\Local\GitHubDesktop\bin;C:\Users\Solicode\AppData\Roaming\npm;C:\Users\Solicode\AppData\Local\Android\Sdk\platform-tools;C:\Program Files\Java\jdk-15.0.2\bin;
USERNAME=Solicode
OS=Windows_NT
PROCESSOR_IDENTIFIER=Intel64 Family 6 Model 142 Stepping 10, GenuineIntel



---------------  S Y S T E M  ---------------

OS: Windows 10 , 64 bit Build 17763 (10.0.17763.475)
OS uptime: 10 days 2:40 hours

CPU:total 8 (initial active 8) (4 cores per cpu, 2 threads per core) family 6 model 142 stepping 10 microcode 0x96, cmov, cx8, fxsr, mmx, sse, sse2, sse3, ssse3, sse4.1, sse4.2, popcnt, avx, avx2, aes, clmul, erms, rtm, 3dnowpref, lzcnt, ht, tsc, tscinvbit, bmi1, bmi2, adx, fma

Memory: 4k page, system-wide physical 8071M (299M free)
TotalPageFile size 32647M (AvailPageFile size 4M)
current process WorkingSet (physical memory assigned to process): 259M, peak: 317M
current process commit charge ("private bytes"): 367M, peak: 370M

vm_info: OpenJDK 64-Bit Server VM (11.0.10+0-b96-7249189) for windows-amd64 JRE (11.0.10+0-b96-7249189), built on Mar 31 2021 21:44:00 by "builder" with MS VC++ 14.0 (VS2015)

END.
